#
# There is insufficient memory for the Java Runtime Environment to continue.
# Native memory allocation (mmap) failed to map 287309824 bytes for G1 virtual space
# Possible reasons:
#   The system is out of physical RAM or swap space
#   The process is running with CompressedOops enabled, and the Java Heap may be blocking the growth of the native heap
# Possible solutions:
#   Reduce memory load on the system
#   Increase physical memory or swap space
#   Check if swap backing store is full
#   Decrease Java heap size (-Xmx/-Xms)
#   Decrease number of Java threads
#   Decrease Java thread stack sizes (-Xss)
#   Set larger code cache with -XX:ReservedCodeCacheSize=
#   JVM is running with Unscaled Compressed Oops mode in which the Java heap is
#     placed in the first 4GB address space. The Java Heap base address is the
#     maximum limit for the native heap growth. Please use -XX:HeapBaseMinAddress
#     to set the Java Heap base and to place the Java Heap above 4GB virtual address.
# This output file may be truncated or incomplete.
#
#  Out of Memory Error (os_windows.cpp:3541), pid=12632, tid=11892
#
# JRE version: OpenJDK Runtime Environment Temurin-17.0.4.1+1 (17.0.4.1+1) (build 17.0.4.1+1)
# Java VM: OpenJDK 64-Bit Server VM Temurin-17.0.4.1+1 (17.0.4.1+1, mixed mode, emulated-client, tiered, compressed oops, compressed class ptrs, g1 gc, windows-amd64)
# No core dump will be written. Minidumps are not enabled by default on client versions of Windows
#

---------------  S U M M A R Y ------------

Command Line: -Dsts.lsp.client=vscode -Dsts.log.file=/dev/null -XX:TieredStopAtLevel=1 -Xlog:jni+resolve=off -Dspring.config.location=file:c:\Users\Luz Stella Alvarez\.vscode\extensions\pivotal.vscode-spring-boot-1.40.0\language-server\BOOT-INF\classes\application.properties org.springframework.ide.vscode.boot.app.BootLanguageServerBootApp

Host: Intel(R) Core(TM) i3-3217U CPU @ 1.80GHz, 4 cores, 3G,  Windows 10 , 64 bit Build 19041 (10.0.19041.1889)
Time: Sun Nov 27 19:06:39 2022 Hora est. Pacífico, Sudamérica elapsed time: 137.982640 seconds (0d 0h 2m 17s)

---------------  T H R E A D  ---------------

Current thread (0x00000235604277d0):  VMThread "VM Thread" [stack: 0x0000009afb400000,0x0000009afb500000] [id=11892]

Stack: [0x0000009afb400000,0x0000009afb500000]
Native frames: (J=compiled Java code, j=interpreted, Vv=VM code, C=native code)
V  [jvm.dll+0x67731a]
V  [jvm.dll+0x832284]
V  [jvm.dll+0x833a2e]
V  [jvm.dll+0x834093]
V  [jvm.dll+0x245775]
V  [jvm.dll+0x674209]
V  [jvm.dll+0x668a92]
V  [jvm.dll+0x30471b]
V  [jvm.dll+0x30bc66]
V  [jvm.dll+0x35ba9e]
V  [jvm.dll+0x35bccf]
V  [jvm.dll+0x2db5b8]
V  [jvm.dll+0x2d986c]
V  [jvm.dll+0x2d8e3c]
V  [jvm.dll+0x31cd9b]
V  [jvm.dll+0x83853b]
V  [jvm.dll+0x839274]
V  [jvm.dll+0x83978c]
V  [jvm.dll+0x839b64]
V  [jvm.dll+0x839c30]
V  [jvm.dll+0x7e240a]
V  [jvm.dll+0x6761a5]
C  [ucrtbase.dll+0x21bb2]
C  [KERNEL32.DLL+0x17034]
C  [ntdll.dll+0x526a1]

VM_Operation (0x0000009afcffdbf0): G1CollectForAllocation, mode: safepoint, requested by thread 0x0000023562bddef0


---------------  P R O C E S S  ---------------

Threads class SMR info:
_java_thread_list=0x0000023562ad4ae0, length=28, elements={
0x0000023560441b40, 0x0000023560453770, 0x000002356048f130, 0x000002356048f9f0,
0x00000235604902b0, 0x0000023560490b70, 0x00000235604969f0, 0x000002356049b710,
0x00000235611e0e70, 0x00000235611eb7b0, 0x0000023562756250, 0x000002356283d530,
0x00000235628a7320, 0x0000023555fd41d0, 0x0000023562898350, 0x000002356199fb70,
0x00000235619a0040, 0x0000023562667330, 0x0000023561bcb040, 0x0000023562bdd080,
0x0000023562bde3c0, 0x0000023562bdd550, 0x0000023562bde890, 0x0000023562bddef0,
0x0000023562bdda20, 0x0000023562d50a80, 0x0000023562d50f50, 0x0000023562d53100
}

Java Threads: ( => current thread )
  0x0000023560441b40 JavaThread "Reference Handler" daemon [_thread_blocked, id=8512, stack(0x0000009afb500000,0x0000009afb600000)]
  0x0000023560453770 JavaThread "Finalizer" daemon [_thread_blocked, id=10680, stack(0x0000009afb600000,0x0000009afb700000)]
  0x000002356048f130 JavaThread "Signal Dispatcher" daemon [_thread_blocked, id=2148, stack(0x0000009afb700000,0x0000009afb800000)]
  0x000002356048f9f0 JavaThread "Attach Listener" daemon [_thread_blocked, id=13160, stack(0x0000009afb800000,0x0000009afb900000)]
  0x00000235604902b0 JavaThread "Service Thread" daemon [_thread_blocked, id=3812, stack(0x0000009afb900000,0x0000009afba00000)]
  0x0000023560490b70 JavaThread "Monitor Deflation Thread" daemon [_thread_blocked, id=10984, stack(0x0000009afba00000,0x0000009afbb00000)]
  0x00000235604969f0 JavaThread "C1 CompilerThread0" daemon [_thread_blocked, id=7620, stack(0x0000009afbb00000,0x0000009afbc00000)]
  0x000002356049b710 JavaThread "Sweeper thread" daemon [_thread_blocked, id=4568, stack(0x0000009afbc00000,0x0000009afbd00000)]
  0x00000235611e0e70 JavaThread "Notification Thread" daemon [_thread_blocked, id=11604, stack(0x0000009afbe00000,0x0000009afbf00000)]
  0x00000235611eb7b0 JavaThread "Common-Cleaner" daemon [_thread_blocked, id=3416, stack(0x0000009afc000000,0x0000009afc100000)]
  0x0000023562756250 JavaThread "boundedElastic-evictor-1" daemon [_thread_blocked, id=3324, stack(0x0000009afc400000,0x0000009afc500000)]
  0x000002356283d530 JavaThread "pool-9-thread-1" [_thread_blocked, id=10600, stack(0x0000009afad00000,0x0000009afae00000)]
  0x00000235628a7320 JavaThread "LanguageServerApp-lifecycle" [_thread_blocked, id=13040, stack(0x0000009afc600000,0x0000009afc700000)]
  0x0000023555fd41d0 JavaThread "DestroyJavaVM" [_thread_blocked, id=12696, stack(0x0000009afae00000,0x0000009afaf00000)]
  0x0000023562898350 JavaThread "pool-10-thread-1" [_thread_in_native, id=11928, stack(0x0000009afc700000,0x0000009afc800000)]
  0x000002356199fb70 JavaThread "Simple-Language-Server main thread" daemon [_thread_blocked, id=2664, stack(0x0000009afac00000,0x0000009afad00000)]
  0x00000235619a0040 JavaThread "ForkJoinPool.commonPool-worker-1" daemon [_thread_blocked, id=11456, stack(0x0000009afc800000,0x0000009afc900000)]
  0x0000023562667330 JavaThread "parallel-1" daemon [_thread_blocked, id=3464, stack(0x0000009afc900000,0x0000009afca00000)]
  0x0000023561bcb040 JavaThread "Reconciler-1" daemon [_thread_blocked, id=7092, stack(0x0000009afca00000,0x0000009afcb00000)]
  0x0000023562bdd080 JavaThread "ClassGraph-worker-0" daemon [_thread_blocked, id=10552, stack(0x0000009afcb00000,0x0000009afcc00000)]
  0x0000023562bde3c0 JavaThread "ClassGraph-worker-1" daemon [_thread_blocked, id=11632, stack(0x0000009afcc00000,0x0000009afcd00000)]
  0x0000023562bdd550 JavaThread "ClassGraph-worker-2" daemon [_thread_blocked, id=13288, stack(0x0000009afcd00000,0x0000009afce00000)]
  0x0000023562bde890 JavaThread "ClassGraph-worker-3" daemon [_thread_blocked, id=5716, stack(0x0000009afce00000,0x0000009afcf00000)]
  0x0000023562bddef0 JavaThread "ClassGraph-worker-4" daemon [_thread_blocked, id=6672, stack(0x0000009afcf00000,0x0000009afd000000)]
  0x0000023562bdda20 JavaThread "ClassGraph-worker-5" daemon [_thread_blocked, id=9724, stack(0x0000009afd000000,0x0000009afd100000)]
  0x0000023562d50a80 JavaThread "ClassGraph-worker-6" daemon [_thread_blocked, id=11192, stack(0x0000009afd100000,0x0000009afd200000)]
  0x0000023562d50f50 JavaThread "ClassGraph-worker-7" daemon [_thread_blocked, id=10576, stack(0x0000009afd200000,0x0000009afd300000)]
  0x0000023562d53100 JavaThread "parallel-2" daemon [_thread_blocked, id=5664, stack(0x0000009afd300000,0x0000009afd400000)]

Other Threads:
=>0x00000235604277d0 VMThread "VM Thread" [stack: 0x0000009afb400000,0x0000009afb500000] [id=11892]
  0x00000235611e1340 WatcherThread [stack: 0x0000009afbf00000,0x0000009afc000000] [id=13100]
  0x00000235560115d0 GCTaskThread "GC Thread#0" [stack: 0x0000009afaf00000,0x0000009afb000000] [id=7928]
  0x0000023561328e30 GCTaskThread "GC Thread#1" [stack: 0x0000009afbd00000,0x0000009afbe00000] [id=1772]
  0x0000023561a37870 GCTaskThread "GC Thread#2" [stack: 0x0000009afc100000,0x0000009afc200000] [id=4104]
  0x00000235616c2ba0 GCTaskThread "GC Thread#3" [stack: 0x0000009afc300000,0x0000009afc400000] [id=7064]
  0x000002355601a080 ConcurrentGCThread "G1 Main Marker" [stack: 0x0000009afb000000,0x0000009afb100000] [id=6704]
  0x000002355601afd0 ConcurrentGCThread "G1 Conc#0" [stack: 0x0000009afb100000,0x0000009afb200000] [id=11660]
  0x0000023556069600 ConcurrentGCThread "G1 Refine#0" [stack: 0x0000009afb200000,0x0000009afb300000] [id=9848]
  0x0000023562e07e80 ConcurrentGCThread "G1 Refine#1" [stack: 0x0000009afd500000,0x0000009afd600000] [id=13000]
  0x000002355606ace0 ConcurrentGCThread "G1 Service" [stack: 0x0000009afb300000,0x0000009afb400000] [id=3336]

Threads with active compile tasks:

VM state: at safepoint (normal execution)

VM Mutex/Monitor currently owned by a thread:  ([mutex/lock_event])
[0x0000023553d1e3a0] Threads_lock - owner thread: 0x00000235604277d0
[0x0000023555fd1dd0] Heap_lock - owner thread: 0x0000023562bddef0

Heap address: 0x00000000c1800000, size: 1000 MB, Compressed Oops mode: 32-bit

CDS archive(s) not mapped
Compressed class space mapped at: 0x0000000100000000-0x0000000140000000, reserved size: 1073741824
Narrow klass base: 0x0000000000000000, Narrow klass shift: 3, Narrow klass range: 0x140000000

GC Precious Log:
 CPUs: 4 total, 4 available
 Memory: 3992M
 Large Page Support: Disabled
 NUMA Support: Disabled
 Compressed Oops: Enabled (32-bit)
 Heap Region Size: 1M
 Heap Min Capacity: 8M
 Heap Initial Capacity: 64M
 Heap Max Capacity: 1000M
 Pre-touch: Disabled
 Parallel Workers: 4
 Concurrent Workers: 1
 Concurrent Refinement Workers: 4
 Periodic GC: Disabled

Heap:
 garbage-first heap   total 174080K, used 83102K [0x00000000c1800000, 0x0000000100000000)
  region size 1024K, 6 young (6144K), 6 survivors (6144K)
 Metaspace       used 35864K, committed 36160K, reserved 1081344K
  class space    used 4658K, committed 4800K, reserved 1048576K

Heap Regions: E=young(eden), S=young(survivor), O=old, HS=humongous(starts), HC=humongous(continues), CS=collection set, F=free, OA=open archive, CA=closed archive, TAMS=top-at-mark-start (previous, next)
|   0|0x00000000c1800000, 0x00000000c1900000, 0x00000000c1900000|100%| O|  |TAMS 0x00000000c1900000, 0x00000000c1900000| Untracked 
|   1|0x00000000c1900000, 0x00000000c1a00000, 0x00000000c1a00000|100%| O|  |TAMS 0x00000000c1a00000, 0x00000000c1a00000| Untracked 
|   2|0x00000000c1a00000, 0x00000000c1b00000, 0x00000000c1b00000|100%| O|  |TAMS 0x00000000c1b00000, 0x00000000c1b00000| Untracked 
|   3|0x00000000c1b00000, 0x00000000c1c00000, 0x00000000c1c00000|100%| O|  |TAMS 0x00000000c1c00000, 0x00000000c1c00000| Untracked 
|   4|0x00000000c1c00000, 0x00000000c1d00000, 0x00000000c1d00000|100%| O|  |TAMS 0x00000000c1d00000, 0x00000000c1d00000| Untracked 
|   5|0x00000000c1d00000, 0x00000000c1e00000, 0x00000000c1e00000|100%| O|  |TAMS 0x00000000c1e00000, 0x00000000c1e00000| Untracked 
|   6|0x00000000c1e00000, 0x00000000c1f00000, 0x00000000c1f00000|100%| O|  |TAMS 0x00000000c1f00000, 0x00000000c1f00000| Untracked 
|   7|0x00000000c1f00000, 0x00000000c2000000, 0x00000000c2000000|100%| O|  |TAMS 0x00000000c2000000, 0x00000000c2000000| Untracked 
|   8|0x00000000c2000000, 0x00000000c2100000, 0x00000000c2100000|100%| O|  |TAMS 0x00000000c2100000, 0x00000000c2100000| Untracked 
|   9|0x00000000c2100000, 0x00000000c2200000, 0x00000000c2200000|100%| O|  |TAMS 0x00000000c2200000, 0x00000000c2200000| Untracked 
|  10|0x00000000c2200000, 0x00000000c2300000, 0x00000000c2300000|100%| O|  |TAMS 0x00000000c2300000, 0x00000000c2300000| Untracked 
|  11|0x00000000c2300000, 0x00000000c2400000, 0x00000000c2400000|100%| O|  |TAMS 0x00000000c2400000, 0x00000000c2400000| Untracked 
|  12|0x00000000c2400000, 0x00000000c2500000, 0x00000000c2500000|100%| O|  |TAMS 0x00000000c2500000, 0x00000000c2500000| Untracked 
|  13|0x00000000c2500000, 0x00000000c2600000, 0x00000000c2600000|100%| O|  |TAMS 0x00000000c2600000, 0x00000000c2600000| Untracked 
|  14|0x00000000c2600000, 0x00000000c2700000, 0x00000000c2700000|100%| O|  |TAMS 0x00000000c2700000, 0x00000000c2700000| Untracked 
|  15|0x00000000c2700000, 0x00000000c2800000, 0x00000000c2800000|100%| O|  |TAMS 0x00000000c2800000, 0x00000000c2800000| Untracked 
|  16|0x00000000c2800000, 0x00000000c2900000, 0x00000000c2900000|100%| O|  |TAMS 0x00000000c2800000, 0x00000000c2900000| Untracked 
|  17|0x00000000c2900000, 0x00000000c2a00000, 0x00000000c2a00000|100%| O|  |TAMS 0x00000000c2a00000, 0x00000000c2a00000| Untracked 
|  18|0x00000000c2a00000, 0x00000000c2b00000, 0x00000000c2b00000|100%| O|  |TAMS 0x00000000c2a00000, 0x00000000c2b00000| Untracked 
|  19|0x00000000c2b00000, 0x00000000c2c00000, 0x00000000c2c00000|100%| O|  |TAMS 0x00000000c2c00000, 0x00000000c2c00000| Untracked 
|  20|0x00000000c2c00000, 0x00000000c2d00000, 0x00000000c2d00000|100%| O|  |TAMS 0x00000000c2d00000, 0x00000000c2d00000| Untracked 
|  21|0x00000000c2d00000, 0x00000000c2e00000, 0x00000000c2e00000|100%| O|  |TAMS 0x00000000c2e00000, 0x00000000c2e00000| Untracked 
|  22|0x00000000c2e00000, 0x00000000c2f00000, 0x00000000c2f00000|100%| O|  |TAMS 0x00000000c2f00000, 0x00000000c2f00000| Untracked 
|  23|0x00000000c2f00000, 0x00000000c3000000, 0x00000000c3000000|100%| O|  |TAMS 0x00000000c3000000, 0x00000000c3000000| Untracked 
|  24|0x00000000c3000000, 0x00000000c3100000, 0x00000000c3100000|100%| O|  |TAMS 0x00000000c3100000, 0x00000000c3100000| Untracked 
|  25|0x00000000c3100000, 0x00000000c3200000, 0x00000000c3200000|100%| O|  |TAMS 0x00000000c3200000, 0x00000000c3200000| Untracked 
|  26|0x00000000c3200000, 0x00000000c3300000, 0x00000000c3300000|100%| O|  |TAMS 0x00000000c3300000, 0x00000000c3300000| Untracked 
|  27|0x00000000c3300000, 0x00000000c3400000, 0x00000000c3400000|100%| O|  |TAMS 0x00000000c3400000, 0x00000000c3400000| Untracked 
|  28|0x00000000c3400000, 0x00000000c3500000, 0x00000000c3500000|100%| O|  |TAMS 0x00000000c3500000, 0x00000000c3500000| Untracked 
|  29|0x00000000c3500000, 0x00000000c3600000, 0x00000000c3600000|100%| O|  |TAMS 0x00000000c3600000, 0x00000000c3600000| Untracked 
|  30|0x00000000c3600000, 0x00000000c3700000, 0x00000000c3700000|100%| O|  |TAMS 0x00000000c3700000, 0x00000000c3700000| Untracked 
|  31|0x00000000c3700000, 0x00000000c3800000, 0x00000000c3800000|100%| O|  |TAMS 0x00000000c3800000, 0x00000000c3800000| Untracked 
|  32|0x00000000c3800000, 0x00000000c3900000, 0x00000000c3900000|100%| O|  |TAMS 0x00000000c3900000, 0x00000000c3900000| Untracked 
|  33|0x00000000c3900000, 0x00000000c3a00000, 0x00000000c3a00000|100%| O|  |TAMS 0x00000000c3a00000, 0x00000000c3a00000| Untracked 
|  34|0x00000000c3a00000, 0x00000000c3b00000, 0x00000000c3b00000|100%| O|  |TAMS 0x00000000c3b00000, 0x00000000c3b00000| Untracked 
|  35|0x00000000c3b00000, 0x00000000c3c00000, 0x00000000c3c00000|100%| O|  |TAMS 0x00000000c3c00000, 0x00000000c3c00000| Untracked 
|  36|0x00000000c3c00000, 0x00000000c3d00000, 0x00000000c3d00000|100%| O|  |TAMS 0x00000000c3c94800, 0x00000000c3d00000| Untracked 
|  37|0x00000000c3d00000, 0x00000000c3e00000, 0x00000000c3e00000|100%| O|  |TAMS 0x00000000c3d00000, 0x00000000c3e00000| Untracked 
|  38|0x00000000c3e00000, 0x00000000c3f00000, 0x00000000c3f00000|100%| O|  |TAMS 0x00000000c3e00000, 0x00000000c3f00000| Untracked 
|  39|0x00000000c3f00000, 0x00000000c4000000, 0x00000000c4000000|100%| O|  |TAMS 0x00000000c3f00000, 0x00000000c4000000| Untracked 
|  40|0x00000000c4000000, 0x00000000c4100000, 0x00000000c4100000|100%| O|  |TAMS 0x00000000c4000000, 0x00000000c4100000| Untracked 
|  41|0x00000000c4100000, 0x00000000c4200000, 0x00000000c4200000|100%| O|  |TAMS 0x00000000c4100000, 0x00000000c4200000| Untracked 
|  42|0x00000000c4200000, 0x00000000c4300000, 0x00000000c4300000|100%| O|  |TAMS 0x00000000c4200000, 0x00000000c4300000| Untracked 
|  43|0x00000000c4300000, 0x00000000c437f800, 0x00000000c4400000| 49%| O|  |TAMS 0x00000000c4300000, 0x00000000c437f800| Untracked 
|  44|0x00000000c4400000, 0x00000000c4500000, 0x00000000c4500000|100%|HS|  |TAMS 0x00000000c4400000, 0x00000000c4500000| Complete 
|  45|0x00000000c4500000, 0x00000000c4600000, 0x00000000c4600000|100%|HS|  |TAMS 0x00000000c4500000, 0x00000000c4600000| Complete 
|  46|0x00000000c4600000, 0x00000000c4700000, 0x00000000c4700000|100%| O|  |TAMS 0x00000000c4600000, 0x00000000c4700000| Untracked 
|  47|0x00000000c4700000, 0x00000000c4800000, 0x00000000c4800000|100%| O|  |TAMS 0x00000000c4700000, 0x00000000c4800000| Untracked 
|  48|0x00000000c4800000, 0x00000000c4900000, 0x00000000c4900000|100%| O|  |TAMS 0x00000000c4800000, 0x00000000c4900000| Untracked 
|  49|0x00000000c4900000, 0x00000000c4a00000, 0x00000000c4a00000|100%| O|  |TAMS 0x00000000c4900000, 0x00000000c4a00000| Untracked 
|  50|0x00000000c4a00000, 0x00000000c4b00000, 0x00000000c4b00000|100%| O|  |TAMS 0x00000000c4a00000, 0x00000000c4b00000| Untracked 
|  51|0x00000000c4b00000, 0x00000000c4c00000, 0x00000000c4c00000|100%| O|  |TAMS 0x00000000c4b00000, 0x00000000c4c00000| Untracked 
|  52|0x00000000c4c00000, 0x00000000c4d00000, 0x00000000c4d00000|100%| O|  |TAMS 0x00000000c4c00000, 0x00000000c4d00000| Untracked 
|  53|0x00000000c4d00000, 0x00000000c4e00000, 0x00000000c4e00000|100%| O|  |TAMS 0x00000000c4d00000, 0x00000000c4e00000| Untracked 
|  54|0x00000000c4e00000, 0x00000000c4f00000, 0x00000000c4f00000|100%| O|  |TAMS 0x00000000c4e00000, 0x00000000c4f00000| Untracked 
|  55|0x00000000c4f00000, 0x00000000c5000000, 0x00000000c5000000|100%| O|  |TAMS 0x00000000c4f00000, 0x00000000c5000000| Untracked 
|  56|0x00000000c5000000, 0x00000000c5100000, 0x00000000c5100000|100%| O|  |TAMS 0x00000000c5000000, 0x00000000c5100000| Untracked 
|  57|0x00000000c5100000, 0x00000000c5200000, 0x00000000c5200000|100%| O|  |TAMS 0x00000000c5100000, 0x00000000c5200000| Untracked 
|  58|0x00000000c5200000, 0x00000000c5300000, 0x00000000c5300000|100%| O|  |TAMS 0x00000000c5200000, 0x00000000c5300000| Untracked 
|  59|0x00000000c5300000, 0x00000000c5400000, 0x00000000c5400000|100%| O|  |TAMS 0x00000000c5300000, 0x00000000c5400000| Untracked 
|  60|0x00000000c5400000, 0x00000000c5500000, 0x00000000c5500000|100%| O|  |TAMS 0x00000000c5400000, 0x00000000c5500000| Untracked 
|  61|0x00000000c5500000, 0x00000000c5600000, 0x00000000c5600000|100%| O|  |TAMS 0x00000000c5500000, 0x00000000c5600000| Untracked 
|  62|0x00000000c5600000, 0x00000000c5700000, 0x00000000c5700000|100%| O|  |TAMS 0x00000000c5600000, 0x00000000c5700000| Untracked 
|  63|0x00000000c5700000, 0x00000000c5800000, 0x00000000c5800000|100%| O|  |TAMS 0x00000000c5700000, 0x00000000c5800000| Untracked 
|  64|0x00000000c5800000, 0x00000000c5900000, 0x00000000c5900000|100%| O|  |TAMS 0x00000000c5800000, 0x00000000c5900000| Untracked 
|  65|0x00000000c5900000, 0x00000000c5a00000, 0x00000000c5a00000|100%| O|  |TAMS 0x00000000c5900000, 0x00000000c5a00000| Untracked 
|  66|0x00000000c5a00000, 0x00000000c5b00000, 0x00000000c5b00000|100%| O|  |TAMS 0x00000000c5a00000, 0x00000000c5b00000| Untracked 
|  67|0x00000000c5b00000, 0x00000000c5c00000, 0x00000000c5c00000|100%| O|  |TAMS 0x00000000c5b00000, 0x00000000c5c00000| Untracked 
|  68|0x00000000c5c00000, 0x00000000c5d00000, 0x00000000c5d00000|100%| O|  |TAMS 0x00000000c5c00000, 0x00000000c5d00000| Untracked 
|  69|0x00000000c5d00000, 0x00000000c5e00000, 0x00000000c5e00000|100%| O|  |TAMS 0x00000000c5d00000, 0x00000000c5e00000| Untracked 
|  70|0x00000000c5e00000, 0x00000000c5f00000, 0x00000000c5f00000|100%| O|  |TAMS 0x00000000c5e00000, 0x00000000c5f00000| Untracked 
|  71|0x00000000c5f00000, 0x00000000c6000000, 0x00000000c6000000|100%| O|  |TAMS 0x00000000c5f00000, 0x00000000c6000000| Untracked 
|  72|0x00000000c6000000, 0x00000000c6100000, 0x00000000c6100000|100%| O|  |TAMS 0x00000000c6000000, 0x00000000c6100000| Untracked 
|  73|0x00000000c6100000, 0x00000000c6200000, 0x00000000c6200000|100%| O|  |TAMS 0x00000000c6100000, 0x00000000c6138600| Untracked 
|  74|0x00000000c6200000, 0x00000000c6300000, 0x00000000c6300000|100%| O|  |TAMS 0x00000000c6200000, 0x00000000c6200000| Untracked 
|  75|0x00000000c6300000, 0x00000000c63e7c00, 0x00000000c6400000| 90%| O|  |TAMS 0x00000000c6300000, 0x00000000c6300000| Untracked 
|  76|0x00000000c6400000, 0x00000000c6400000, 0x00000000c6500000|  0%| F|  |TAMS 0x00000000c6400000, 0x00000000c6400000| Untracked 
|  77|0x00000000c6500000, 0x00000000c6500000, 0x00000000c6600000|  0%| F|  |TAMS 0x00000000c6500000, 0x00000000c6500000| Untracked 
|  78|0x00000000c6600000, 0x00000000c6600000, 0x00000000c6700000|  0%| F|  |TAMS 0x00000000c6600000, 0x00000000c6600000| Untracked 
|  79|0x00000000c6700000, 0x00000000c6700000, 0x00000000c6800000|  0%| F|  |TAMS 0x00000000c6700000, 0x00000000c6700000| Untracked 
|  80|0x00000000c6800000, 0x00000000c6800000, 0x00000000c6900000|  0%| F|  |TAMS 0x00000000c6800000, 0x00000000c6800000| Untracked 
|  81|0x00000000c6900000, 0x00000000c6900000, 0x00000000c6a00000|  0%| F|  |TAMS 0x00000000c6900000, 0x00000000c6900000| Untracked 
|  82|0x00000000c6a00000, 0x00000000c6a00000, 0x00000000c6b00000|  0%| F|  |TAMS 0x00000000c6a00000, 0x00000000c6a00000| Untracked 
|  83|0x00000000c6b00000, 0x00000000c6b00000, 0x00000000c6c00000|  0%| F|  |TAMS 0x00000000c6b00000, 0x00000000c6b00000| Untracked 
|  84|0x00000000c6c00000, 0x00000000c6c00000, 0x00000000c6d00000|  0%| F|  |TAMS 0x00000000c6c00000, 0x00000000c6c00000| Untracked 
|  85|0x00000000c6d00000, 0x00000000c6d00000, 0x00000000c6e00000|  0%| F|  |TAMS 0x00000000c6d00000, 0x00000000c6d00000| Untracked 
|  86|0x00000000c6e00000, 0x00000000c6e00000, 0x00000000c6f00000|  0%| F|  |TAMS 0x00000000c6e00000, 0x00000000c6e00000| Untracked 
|  87|0x00000000c6f00000, 0x00000000c6f00000, 0x00000000c7000000|  0%| F|  |TAMS 0x00000000c6f00000, 0x00000000c6f00000| Untracked 
|  88|0x00000000c7000000, 0x00000000c7000000, 0x00000000c7100000|  0%| F|  |TAMS 0x00000000c7000000, 0x00000000c7000000| Untracked 
|  89|0x00000000c7100000, 0x00000000c7100000, 0x00000000c7200000|  0%| F|  |TAMS 0x00000000c7100000, 0x00000000c7100000| Untracked 
|  90|0x00000000c7200000, 0x00000000c7200000, 0x00000000c7300000|  0%| F|  |TAMS 0x00000000c7200000, 0x00000000c7200000| Untracked 
|  91|0x00000000c7300000, 0x00000000c7300000, 0x00000000c7400000|  0%| F|  |TAMS 0x00000000c7300000, 0x00000000c7300000| Untracked 
|  92|0x00000000c7400000, 0x00000000c7400000, 0x00000000c7500000|  0%| F|  |TAMS 0x00000000c7400000, 0x00000000c7400000| Untracked 
|  93|0x00000000c7500000, 0x00000000c7500000, 0x00000000c7600000|  0%| F|  |TAMS 0x00000000c7500000, 0x00000000c7500000| Untracked 
|  94|0x00000000c7600000, 0x00000000c7600000, 0x00000000c7700000|  0%| F|  |TAMS 0x00000000c7600000, 0x00000000c7600000| Untracked 
|  95|0x00000000c7700000, 0x00000000c7700000, 0x00000000c7800000|  0%| F|  |TAMS 0x00000000c7700000, 0x00000000c7700000| Untracked 
|  96|0x00000000c7800000, 0x00000000c78c0438, 0x00000000c7900000| 75%| S|CS|TAMS 0x00000000c7800000, 0x00000000c7800000| Complete 
|  97|0x00000000c7900000, 0x00000000c7a00000, 0x00000000c7a00000|100%| S|CS|TAMS 0x00000000c7900000, 0x00000000c7900000| Complete 
|  98|0x00000000c7a00000, 0x00000000c7a00000, 0x00000000c7b00000|  0%| F|  |TAMS 0x00000000c7a00000, 0x00000000c7a00000| Untracked 
|  99|0x00000000c7b00000, 0x00000000c7c00000, 0x00000000c7c00000|100%| S|CS|TAMS 0x00000000c7b00000, 0x00000000c7b00000| Complete 
| 100|0x00000000c7c00000, 0x00000000c7d00000, 0x00000000c7d00000|100%| S|CS|TAMS 0x00000000c7c00000, 0x00000000c7c00000| Complete 
| 101|0x00000000c7d00000, 0x00000000c7e00000, 0x00000000c7e00000|100%| S|CS|TAMS 0x00000000c7d00000, 0x00000000c7d00000| Complete 
| 102|0x00000000c7e00000, 0x00000000c7e00000, 0x00000000c7f00000|  0%| F|  |TAMS 0x00000000c7e00000, 0x00000000c7e00000| Untracked 
| 103|0x00000000c7f00000, 0x00000000c7f00000, 0x00000000c8000000|  0%| F|  |TAMS 0x00000000c7f00000, 0x00000000c7f00000| Untracked 
| 104|0x00000000c8000000, 0x00000000c8000000, 0x00000000c8100000|  0%| F|  |TAMS 0x00000000c8000000, 0x00000000c8000000| Untracked 
| 105|0x00000000c8100000, 0x00000000c8200000, 0x00000000c8200000|100%| S|CS|TAMS 0x00000000c8100000, 0x00000000c8100000| Complete 
| 106|0x00000000c8200000, 0x00000000c8200000, 0x00000000c8300000|  0%| F|  |TAMS 0x00000000c8200000, 0x00000000c8200000| Untracked 
| 107|0x00000000c8300000, 0x00000000c8300000, 0x00000000c8400000|  0%| F|  |TAMS 0x00000000c8300000, 0x00000000c8300000| Untracked 
| 108|0x00000000c8400000, 0x00000000c8400000, 0x00000000c8500000|  0%| F|  |TAMS 0x00000000c8400000, 0x00000000c8400000| Untracked 
| 109|0x00000000c8500000, 0x00000000c8500000, 0x00000000c8600000|  0%| F|  |TAMS 0x00000000c8500000, 0x00000000c8500000| Untracked 
| 110|0x00000000c8600000, 0x00000000c8600000, 0x00000000c8700000|  0%| F|  |TAMS 0x00000000c8600000, 0x00000000c8600000| Untracked 
| 111|0x00000000c8700000, 0x00000000c8700000, 0x00000000c8800000|  0%| F|  |TAMS 0x00000000c8700000, 0x00000000c8700000| Untracked 
| 112|0x00000000c8800000, 0x00000000c8800000, 0x00000000c8900000|  0%| F|  |TAMS 0x00000000c8800000, 0x00000000c8800000| Untracked 
| 113|0x00000000c8900000, 0x00000000c8900000, 0x00000000c8a00000|  0%| F|  |TAMS 0x00000000c8900000, 0x00000000c8900000| Untracked 
| 114|0x00000000c8a00000, 0x00000000c8a00000, 0x00000000c8b00000|  0%| F|  |TAMS 0x00000000c8a00000, 0x00000000c8a00000| Untracked 
| 115|0x00000000c8b00000, 0x00000000c8b00000, 0x00000000c8c00000|  0%| F|  |TAMS 0x00000000c8b00000, 0x00000000c8b00000| Untracked 
| 116|0x00000000c8c00000, 0x00000000c8c00000, 0x00000000c8d00000|  0%| F|  |TAMS 0x00000000c8c00000, 0x00000000c8c00000| Untracked 
| 117|0x00000000c8d00000, 0x00000000c8d00000, 0x00000000c8e00000|  0%| F|  |TAMS 0x00000000c8d00000, 0x00000000c8d00000| Untracked 
| 118|0x00000000c8e00000, 0x00000000c8e00000, 0x00000000c8f00000|  0%| F|  |TAMS 0x00000000c8e00000, 0x00000000c8e00000| Untracked 
| 119|0x00000000c8f00000, 0x00000000c8f00000, 0x00000000c9000000|  0%| F|  |TAMS 0x00000000c8f00000, 0x00000000c8f00000| Untracked 
| 120|0x00000000c9000000, 0x00000000c9000000, 0x00000000c9100000|  0%| F|  |TAMS 0x00000000c9000000, 0x00000000c9000000| Untracked 
| 121|0x00000000c9100000, 0x00000000c9100000, 0x00000000c9200000|  0%| F|  |TAMS 0x00000000c9100000, 0x00000000c9100000| Untracked 
| 122|0x00000000c9200000, 0x00000000c9200000, 0x00000000c9300000|  0%| F|  |TAMS 0x00000000c9200000, 0x00000000c9200000| Untracked 
| 123|0x00000000c9300000, 0x00000000c9300000, 0x00000000c9400000|  0%| F|  |TAMS 0x00000000c9300000, 0x00000000c9300000| Untracked 
| 124|0x00000000c9400000, 0x00000000c9400000, 0x00000000c9500000|  0%| F|  |TAMS 0x00000000c9400000, 0x00000000c9400000| Untracked 
| 125|0x00000000c9500000, 0x00000000c9500000, 0x00000000c9600000|  0%| F|  |TAMS 0x00000000c9500000, 0x00000000c9500000| Untracked 
| 126|0x00000000c9600000, 0x00000000c9600000, 0x00000000c9700000|  0%| F|  |TAMS 0x00000000c9600000, 0x00000000c9600000| Untracked 
| 127|0x00000000c9700000, 0x00000000c9700000, 0x00000000c9800000|  0%| F|  |TAMS 0x00000000c9700000, 0x00000000c9700000| Untracked 
| 128|0x00000000c9800000, 0x00000000c9800000, 0x00000000c9900000|  0%| F|  |TAMS 0x00000000c9800000, 0x00000000c9800000| Untracked 
| 129|0x00000000c9900000, 0x00000000c9900000, 0x00000000c9a00000|  0%| F|  |TAMS 0x00000000c9900000, 0x00000000c9900000| Untracked 
| 130|0x00000000c9a00000, 0x00000000c9a00000, 0x00000000c9b00000|  0%| F|  |TAMS 0x00000000c9a00000, 0x00000000c9a00000| Untracked 
| 131|0x00000000c9b00000, 0x00000000c9b00000, 0x00000000c9c00000|  0%| F|  |TAMS 0x00000000c9b00000, 0x00000000c9b00000| Untracked 
| 132|0x00000000c9c00000, 0x00000000c9c00000, 0x00000000c9d00000|  0%| F|  |TAMS 0x00000000c9c00000, 0x00000000c9c00000| Untracked 
| 133|0x00000000c9d00000, 0x00000000c9d00000, 0x00000000c9e00000|  0%| F|  |TAMS 0x00000000c9d00000, 0x00000000c9d00000| Untracked 
| 134|0x00000000c9e00000, 0x00000000c9e00000, 0x00000000c9f00000|  0%| F|  |TAMS 0x00000000c9e00000, 0x00000000c9e00000| Untracked 
| 135|0x00000000c9f00000, 0x00000000c9f00000, 0x00000000ca000000|  0%| F|  |TAMS 0x00000000c9f00000, 0x00000000c9f00000| Untracked 
| 136|0x00000000ca000000, 0x00000000ca000000, 0x00000000ca100000|  0%| F|  |TAMS 0x00000000ca000000, 0x00000000ca000000| Untracked 
| 137|0x00000000ca100000, 0x00000000ca100000, 0x00000000ca200000|  0%| F|  |TAMS 0x00000000ca100000, 0x00000000ca100000| Untracked 
| 138|0x00000000ca200000, 0x00000000ca200000, 0x00000000ca300000|  0%| F|  |TAMS 0x00000000ca200000, 0x00000000ca200000| Untracked 
| 139|0x00000000ca300000, 0x00000000ca300000, 0x00000000ca400000|  0%| F|  |TAMS 0x00000000ca300000, 0x00000000ca300000| Untracked 
| 140|0x00000000ca400000, 0x00000000ca400000, 0x00000000ca500000|  0%| F|  |TAMS 0x00000000ca400000, 0x00000000ca400000| Untracked 
| 141|0x00000000ca500000, 0x00000000ca500000, 0x00000000ca600000|  0%| F|  |TAMS 0x00000000ca500000, 0x00000000ca500000| Untracked 
| 142|0x00000000ca600000, 0x00000000ca600000, 0x00000000ca700000|  0%| F|  |TAMS 0x00000000ca600000, 0x00000000ca600000| Untracked 
| 143|0x00000000ca700000, 0x00000000ca700000, 0x00000000ca800000|  0%| F|  |TAMS 0x00000000ca700000, 0x00000000ca700000| Untracked 
| 144|0x00000000ca800000, 0x00000000ca800000, 0x00000000ca900000|  0%| F|  |TAMS 0x00000000ca800000, 0x00000000ca800000| Untracked 
| 145|0x00000000ca900000, 0x00000000ca900000, 0x00000000caa00000|  0%| F|  |TAMS 0x00000000ca900000, 0x00000000ca900000| Untracked 
| 146|0x00000000caa00000, 0x00000000caa00000, 0x00000000cab00000|  0%| F|  |TAMS 0x00000000caa00000, 0x00000000caa00000| Untracked 
| 147|0x00000000cab00000, 0x00000000cab00000, 0x00000000cac00000|  0%| F|  |TAMS 0x00000000cab00000, 0x00000000cab00000| Untracked 
| 148|0x00000000cac00000, 0x00000000cac00000, 0x00000000cad00000|  0%| F|  |TAMS 0x00000000cac00000, 0x00000000cac00000| Untracked 
| 149|0x00000000cad00000, 0x00000000cad00000, 0x00000000cae00000|  0%| F|  |TAMS 0x00000000cad00000, 0x00000000cad00000| Untracked 
| 150|0x00000000cae00000, 0x00000000cae00000, 0x00000000caf00000|  0%| F|  |TAMS 0x00000000cae00000, 0x00000000cae00000| Untracked 
| 151|0x00000000caf00000, 0x00000000caf00000, 0x00000000cb000000|  0%| F|  |TAMS 0x00000000caf00000, 0x00000000caf00000| Untracked 
| 152|0x00000000cb000000, 0x00000000cb000000, 0x00000000cb100000|  0%| F|  |TAMS 0x00000000cb000000, 0x00000000cb000000| Untracked 
| 153|0x00000000cb100000, 0x00000000cb100000, 0x00000000cb200000|  0%| F|  |TAMS 0x00000000cb100000, 0x00000000cb100000| Untracked 
| 154|0x00000000cb200000, 0x00000000cb200000, 0x00000000cb300000|  0%| F|  |TAMS 0x00000000cb200000, 0x00000000cb200000| Untracked 
| 155|0x00000000cb300000, 0x00000000cb300000, 0x00000000cb400000|  0%| F|  |TAMS 0x00000000cb300000, 0x00000000cb300000| Untracked 
| 156|0x00000000cb400000, 0x00000000cb400000, 0x00000000cb500000|  0%| F|  |TAMS 0x00000000cb400000, 0x00000000cb400000| Untracked 
| 157|0x00000000cb500000, 0x00000000cb500000, 0x00000000cb600000|  0%| F|  |TAMS 0x00000000cb500000, 0x00000000cb500000| Untracked 
| 158|0x00000000cb600000, 0x00000000cb600000, 0x00000000cb700000|  0%| F|  |TAMS 0x00000000cb600000, 0x00000000cb600000| Untracked 
| 159|0x00000000cb700000, 0x00000000cb700000, 0x00000000cb800000|  0%| F|  |TAMS 0x00000000cb700000, 0x00000000cb700000| Untracked 
| 160|0x00000000cb800000, 0x00000000cb800000, 0x00000000cb900000|  0%| F|  |TAMS 0x00000000cb800000, 0x00000000cb800000| Untracked 
| 161|0x00000000cb900000, 0x00000000cb900000, 0x00000000cba00000|  0%| F|  |TAMS 0x00000000cb900000, 0x00000000cb900000| Untracked 
| 162|0x00000000cba00000, 0x00000000cba00000, 0x00000000cbb00000|  0%| F|  |TAMS 0x00000000cba00000, 0x00000000cba00000| Untracked 
| 163|0x00000000cbb00000, 0x00000000cbb00000, 0x00000000cbc00000|  0%| F|  |TAMS 0x00000000cbb00000, 0x00000000cbb00000| Untracked 
| 164|0x00000000cbc00000, 0x00000000cbc00000, 0x00000000cbd00000|  0%| F|  |TAMS 0x00000000cbc00000, 0x00000000cbc00000| Untracked 
| 165|0x00000000cbd00000, 0x00000000cbd00000, 0x00000000cbe00000|  0%| F|  |TAMS 0x00000000cbd00000, 0x00000000cbd00000| Untracked 
| 166|0x00000000cbe00000, 0x00000000cbe00000, 0x00000000cbf00000|  0%| F|  |TAMS 0x00000000cbe00000, 0x00000000cbe00000| Untracked 
| 167|0x00000000cbf00000, 0x00000000cbf00000, 0x00000000cc000000|  0%| F|  |TAMS 0x00000000cbf00000, 0x00000000cbf00000| Untracked 
| 168|0x00000000cc000000, 0x00000000cc000000, 0x00000000cc100000|  0%| F|  |TAMS 0x00000000cc000000, 0x00000000cc000000| Untracked 
| 169|0x00000000cc100000, 0x00000000cc100000, 0x00000000cc200000|  0%| F|  |TAMS 0x00000000cc100000, 0x00000000cc100000| Untracked 

Card table byte_map: [0x000002355bc60000,0x000002355be60000] _byte_map_base: 0x000002355b654000

Marking Bits (Prev, Next): (CMBitMap*) 0x00000235560119c0, (CMBitMap*) 0x0000023556011980
 Prev Bits: [0x000002355d000000, 0x000002355dfa0000)
 Next Bits: [0x000002355c060000, 0x000002355d000000)

Polling page: 0x0000023553f50000

Metaspace:

Usage:
  Non-class:     30.47 MB used.
      Class:      4.55 MB used.
       Both:     35.02 MB used.

Virtual space:
  Non-class space:       32.00 MB reserved,      30.62 MB ( 96%) committed,  4 nodes.
      Class space:        1.00 GB reserved,       4.69 MB ( <1%) committed,  1 nodes.
             Both:        1.03 GB reserved,      35.31 MB (  3%) committed. 

Chunk freelists:
   Non-Class:  1.25 MB
       Class:  3.28 MB
        Both:  4.53 MB

MaxMetaspaceSize: unlimited
CompressedClassSpaceSize: 1.00 GB
Initial GC threshold: 21.00 MB
Current GC threshold: 58.25 MB
CDS: off
MetaspaceReclaimPolicy: balanced
 - commit_granule_bytes: 65536.
 - commit_granule_words: 8192.
 - virtual_space_node_default_size: 1048576.
 - enlarge_chunks_in_place: 1.
 - new_chunks_are_fully_committed: 0.
 - uncommit_free_chunks: 1.
 - use_allocation_guard: 0.
 - handle_deallocations: 1.


Internal statistics:

num_allocs_failed_limit: 5.
num_arena_births: 344.
num_arena_deaths: 40.
num_vsnodes_births: 5.
num_vsnodes_deaths: 0.
num_space_committed: 565.
num_space_uncommitted: 0.
num_chunks_returned_to_freelist: 48.
num_chunks_taken_from_freelist: 1388.
num_chunk_merges: 15.
num_chunk_splits: 929.
num_chunks_enlarged: 732.
num_purges: 2.
num_inconsistent_stats: 0.

CodeCache: size=49152Kb used=7422Kb max_used=8522Kb free=41729Kb
 bounds [0x0000023558c60000, 0x00000235594f0000, 0x000002355bc60000]
 total_blobs=4222 nmethods=3702 adapters=446
 compilation: enabled
              stopped_count=0, restarted_count=0
 full_count=0

Compilation events (20 events):
Event: 136.491 Thread 0x00000235604969f0 3693       1       java.nio.CharBuffer::limit (6 bytes)
Event: 136.491 Thread 0x00000235604969f0 nmethod 3693 0x000002355932b190 code [0x000002355932b320, 0x000002355932b408]
Event: 136.859 Thread 0x00000235604969f0 3694       1       java.util.concurrent.locks.ReentrantLock$NonfairSync::tryAcquire (27 bytes)
Event: 136.859 Thread 0x00000235604969f0 nmethod 3694 0x000002355932ae10 code [0x000002355932afa0, 0x000002355932b118]
Event: 136.919 Thread 0x00000235604969f0 3695       1       ch.qos.logback.classic.Logger::createChildByName (128 bytes)
Event: 136.921 Thread 0x00000235604969f0 nmethod 3695 0x0000023559329e90 code [0x000002355932a100, 0x000002355932aa18]
Event: 136.921 Thread 0x00000235604969f0 3696       1       ch.qos.logback.classic.LoggerContext::incSize (11 bytes)
Event: 136.922 Thread 0x00000235604969f0 nmethod 3696 0x0000023559329b90 code [0x0000023559329d20, 0x0000023559329df8]
Event: 137.445 Thread 0x00000235604969f0 3698       1       java.lang.invoke.LambdaForm$MH/0x0000000100134000::invoke (25 bytes)
Event: 137.446 Thread 0x00000235604969f0 nmethod 3698 0x0000023559329490 code [0x0000023559329640, 0x0000023559329798]
Event: 137.682 Thread 0x00000235604969f0 3699       1       java.util.jar.Attributes::entrySet (10 bytes)
Event: 137.682 Thread 0x00000235604969f0 nmethod 3699 0x0000023559329190 code [0x0000023559329320, 0x0000023559329408]
Event: 137.682 Thread 0x00000235604969f0 3700       1       java.security.MessageDigest::reset (10 bytes)
Event: 137.682 Thread 0x00000235604969f0 nmethod 3700 0x0000023559328e10 code [0x0000023559328fa0, 0x00000235593290a8]
Event: 137.683 Thread 0x00000235604969f0 3701       1       java.security.MessageDigest$Delegate::engineReset (8 bytes)
Event: 137.683 Thread 0x00000235604969f0 nmethod 3701 0x0000023559328b10 code [0x0000023559328ca0, 0x0000023559328d88]
Event: 137.683 Thread 0x00000235604969f0 3702       1       java.util.Base64::getMimeDecoder (4 bytes)
Event: 137.683 Thread 0x00000235604969f0 nmethod 3702 0x0000023559328810 code [0x00000235593289a0, 0x0000023559328a58]
Event: 137.683 Thread 0x00000235604969f0 3703       1       java.util.Base64$Decoder::decode (12 bytes)
Event: 137.684 Thread 0x00000235604969f0 nmethod 3703 0x0000023559328110 code [0x00000235593282e0, 0x0000023559328698]

GC Heap History (20 events):
Event: 126.908 GC heap after
{Heap after GC invocations=20 (full 0):
 garbage-first heap   total 174080K, used 47614K [0x00000000c1800000, 0x0000000100000000)
  region size 1024K, 3 young (3072K), 3 survivors (3072K)
 Metaspace       used 35437K, committed 35776K, reserved 1081344K
  class space    used 4597K, committed 4736K, reserved 1048576K
}
Event: 133.560 GC heap before
{Heap before GC invocations=21 (full 0):
 garbage-first heap   total 163840K, used 115198K [0x00000000c1800000, 0x0000000100000000)
  region size 1024K, 68 young (69632K), 3 survivors (3072K)
 Metaspace       used 35547K, committed 35968K, reserved 1081344K
  class space    used 4611K, committed 4800K, reserved 1048576K
}
Event: 133.620 GC heap after
{Heap after GC invocations=22 (full 0):
 garbage-first heap   total 163840K, used 65296K [0x00000000c1800000, 0x0000000100000000)
  region size 1024K, 9 young (9216K), 9 survivors (9216K)
 Metaspace       used 35547K, committed 35968K, reserved 1081344K
  class space    used 4611K, committed 4800K, reserved 1048576K
}
Event: 133.623 GC heap before
{Heap before GC invocations=22 (full 0):
 garbage-first heap   total 163840K, used 65296K [0x00000000c1800000, 0x0000000100000000)
  region size 1024K, 10 young (10240K), 9 survivors (9216K)
 Metaspace       used 35554K, committed 35968K, reserved 1081344K
  class space    used 4611K, committed 4800K, reserved 1048576K
}
Event: 133.645 GC heap after
{Heap after GC invocations=23 (full 0):
 garbage-first heap   total 163840K, used 66179K [0x00000000c1800000, 0x0000000100000000)
  region size 1024K, 2 young (2048K), 2 survivors (2048K)
 Metaspace       used 35554K, committed 35968K, reserved 1081344K
  class space    used 4611K, committed 4800K, reserved 1048576K
}
Event: 134.644 GC heap before
{Heap before GC invocations=23 (full 0):
 garbage-first heap   total 163840K, used 110211K [0x00000000c1800000, 0x0000000100000000)
  region size 1024K, 46 young (47104K), 2 survivors (2048K)
 Metaspace       used 35654K, committed 36032K, reserved 1081344K
  class space    used 4624K, committed 4800K, reserved 1048576K
}
Event: 134.647 GC heap after
{Heap after GC invocations=24 (full 0):
 garbage-first heap   total 163840K, used 66819K [0x00000000c1800000, 0x0000000100000000)
  region size 1024K, 2 young (2048K), 2 survivors (2048K)
 Metaspace       used 35654K, committed 36032K, reserved 1081344K
  class space    used 4624K, committed 4800K, reserved 1048576K
}
Event: 135.363 GC heap before
{Heap before GC invocations=24 (full 0):
 garbage-first heap   total 163840K, used 112899K [0x00000000c1800000, 0x0000000100000000)
  region size 1024K, 48 young (49152K), 2 survivors (2048K)
 Metaspace       used 35654K, committed 36032K, reserved 1081344K
  class space    used 4624K, committed 4800K, reserved 1048576K
}
Event: 135.369 GC heap after
{Heap after GC invocations=25 (full 0):
 garbage-first heap   total 163840K, used 68680K [0x00000000c1800000, 0x0000000100000000)
  region size 1024K, 4 young (4096K), 4 survivors (4096K)
 Metaspace       used 35654K, committed 36032K, reserved 1081344K
  class space    used 4624K, committed 4800K, reserved 1048576K
}
Event: 135.437 GC heap before
{Heap before GC invocations=25 (full 0):
 garbage-first heap   total 163840K, used 118856K [0x00000000c1800000, 0x0000000100000000)
  region size 1024K, 54 young (55296K), 4 survivors (4096K)
 Metaspace       used 35654K, committed 36032K, reserved 1081344K
  class space    used 4624K, committed 4800K, reserved 1048576K
}
Event: 135.444 GC heap after
{Heap after GC invocations=26 (full 0):
 garbage-first heap   total 163840K, used 70743K [0x00000000c1800000, 0x0000000100000000)
  region size 1024K, 4 young (4096K), 4 survivors (4096K)
 Metaspace       used 35654K, committed 36032K, reserved 1081344K
  class space    used 4624K, committed 4800K, reserved 1048576K
}
Event: 135.782 GC heap before
{Heap before GC invocations=26 (full 0):
 garbage-first heap   total 163840K, used 122967K [0x00000000c1800000, 0x0000000100000000)
  region size 1024K, 56 young (57344K), 4 survivors (4096K)
 Metaspace       used 35654K, committed 36032K, reserved 1081344K
  class space    used 4624K, committed 4800K, reserved 1048576K
}
Event: 135.789 GC heap after
{Heap after GC invocations=27 (full 0):
 garbage-first heap   total 163840K, used 73148K [0x00000000c1800000, 0x0000000100000000)
  region size 1024K, 5 young (5120K), 5 survivors (5120K)
 Metaspace       used 35654K, committed 36032K, reserved 1081344K
  class space    used 4624K, committed 4800K, reserved 1048576K
}
Event: 136.877 GC heap before
{Heap before GC invocations=27 (full 0):
 garbage-first heap   total 163840K, used 126396K [0x00000000c1800000, 0x0000000100000000)
  region size 1024K, 58 young (59392K), 5 survivors (5120K)
 Metaspace       used 35703K, committed 36032K, reserved 1081344K
  class space    used 4635K, committed 4800K, reserved 1048576K
}
Event: 136.888 GC heap after
{Heap after GC invocations=28 (full 0):
 garbage-first heap   total 163840K, used 74821K [0x00000000c1800000, 0x0000000100000000)
  region size 1024K, 6 young (6144K), 6 survivors (6144K)
 Metaspace       used 35703K, committed 36032K, reserved 1081344K
  class space    used 4635K, committed 4800K, reserved 1048576K
}
Event: 137.062 GC heap before
{Heap before GC invocations=28 (full 0):
 garbage-first heap   total 163840K, used 129093K [0x00000000c1800000, 0x0000000100000000)
  region size 1024K, 60 young (61440K), 6 survivors (6144K)
 Metaspace       used 35731K, committed 36096K, reserved 1081344K
  class space    used 4640K, committed 4800K, reserved 1048576K
}
Event: 137.074 GC heap after
{Heap after GC invocations=29 (full 0):
 garbage-first heap   total 163840K, used 77373K [0x00000000c1800000, 0x0000000100000000)
  region size 1024K, 7 young (7168K), 7 survivors (7168K)
 Metaspace       used 35731K, committed 36096K, reserved 1081344K
  class space    used 4640K, committed 4800K, reserved 1048576K
}
Event: 137.516 GC heap before
{Heap before GC invocations=29 (full 0):
 garbage-first heap   total 163840K, used 130621K [0x00000000c1800000, 0x0000000100000000)
  region size 1024K, 60 young (61440K), 7 survivors (7168K)
 Metaspace       used 35807K, committed 36160K, reserved 1081344K
  class space    used 4650K, committed 4800K, reserved 1048576K
}
Event: 137.527 GC heap after
{Heap after GC invocations=30 (full 0):
 garbage-first heap   total 163840K, used 79583K [0x00000000c1800000, 0x0000000100000000)
  region size 1024K, 5 young (5120K), 5 survivors (5120K)
 Metaspace       used 35807K, committed 36160K, reserved 1081344K
  class space    used 4650K, committed 4800K, reserved 1048576K
}
Event: 137.694 GC heap before
{Heap before GC invocations=30 (full 0):
 garbage-first heap   total 163840K, used 132831K [0x00000000c1800000, 0x0000000100000000)
  region size 1024K, 58 young (59392K), 5 survivors (5120K)
 Metaspace       used 35864K, committed 36160K, reserved 1081344K
  class space    used 4658K, committed 4800K, reserved 1048576K
}

Deoptimization events (12 events):
Event: 33.517 Thread 0x0000023555fd41d0 DEOPT PACKING pc=0x0000023558d9e85d sp=0x0000009afaefb060
Event: 33.518 Thread 0x0000023555fd41d0 DEOPT UNPACKING pc=0x0000023558cb2b43 sp=0x0000009afaefa5c8 mode 3
Event: 59.557 Thread 0x0000023555fd41d0 DEOPT PACKING pc=0x00000235590dae99 sp=0x0000009afaefd0e0
Event: 59.557 Thread 0x0000023555fd41d0 DEOPT UNPACKING pc=0x0000023558cb2b43 sp=0x0000009afaefc5c0 mode 3
Event: 105.404 Thread 0x0000023555fd41d0 DEOPT PACKING pc=0x00000235591b9699 sp=0x0000009afaefc440
Event: 105.404 Thread 0x0000023555fd41d0 DEOPT UNPACKING pc=0x0000023558cb2b43 sp=0x0000009afaefb928 mode 3
Event: 112.678 Thread 0x000002356199fb70 DEOPT PACKING pc=0x00000235592a9535 sp=0x0000009afacfd260
Event: 112.678 Thread 0x000002356199fb70 DEOPT UNPACKING pc=0x0000023558cb2b43 sp=0x0000009afacfc778 mode 3
Event: 113.874 Thread 0x00000235619a0040 DEOPT PACKING pc=0x000002355928d7ab sp=0x0000009afc8fe930
Event: 113.874 Thread 0x00000235619a0040 DEOPT UNPACKING pc=0x0000023558cb2b43 sp=0x0000009afc8fde78 mode 3
Event: 115.304 Thread 0x0000023562d50a80 DEOPT PACKING pc=0x00000235590dcf01 sp=0x0000009afd1ff390
Event: 115.304 Thread 0x0000023562d50a80 DEOPT UNPACKING pc=0x0000023558cb2b43 sp=0x0000009afd1fe820 mode 3

Classes unloaded (20 events):
Event: 115.440 Thread 0x00000235604277d0 Unloading class 0x000000010035ec00 'java/lang/invoke/LambdaForm$MH+0x000000010035ec00'
Event: 115.440 Thread 0x00000235604277d0 Unloading class 0x000000010035e400 'java/lang/invoke/LambdaForm$MH+0x000000010035e400'
Event: 115.440 Thread 0x00000235604277d0 Unloading class 0x000000010035e000 'java/lang/invoke/LambdaForm$MH+0x000000010035e000'
Event: 115.440 Thread 0x00000235604277d0 Unloading class 0x000000010035dc00 'java/lang/invoke/LambdaForm$MH+0x000000010035dc00'
Event: 115.440 Thread 0x00000235604277d0 Unloading class 0x000000010035d800 'java/lang/invoke/LambdaForm$MH+0x000000010035d800'
Event: 115.440 Thread 0x00000235604277d0 Unloading class 0x000000010035d400 'java/lang/invoke/LambdaForm$MH+0x000000010035d400'
Event: 115.440 Thread 0x00000235604277d0 Unloading class 0x000000010035d000 'java/lang/invoke/LambdaForm$MH+0x000000010035d000'
Event: 115.440 Thread 0x00000235604277d0 Unloading class 0x000000010035cc00 'java/lang/invoke/LambdaForm$MH+0x000000010035cc00'
Event: 115.440 Thread 0x00000235604277d0 Unloading class 0x000000010034c800 'java/lang/invoke/LambdaForm$DMH+0x000000010034c800'
Event: 115.440 Thread 0x00000235604277d0 Unloading class 0x000000010034c000 'java/lang/invoke/LambdaForm$DMH+0x000000010034c000'
Event: 115.440 Thread 0x00000235604277d0 Unloading class 0x000000010020f800 'java/lang/invoke/LambdaForm$MH+0x000000010020f800'
Event: 115.440 Thread 0x00000235604277d0 Unloading class 0x000000010020ec00 'java/lang/invoke/LambdaForm$MH+0x000000010020ec00'
Event: 115.440 Thread 0x00000235604277d0 Unloading class 0x00000001000d2800 'java/lang/invoke/LambdaForm$MH+0x00000001000d2800'
Event: 115.440 Thread 0x00000235604277d0 Unloading class 0x00000001000d2000 'java/lang/invoke/LambdaForm$MH+0x00000001000d2000'
Event: 115.440 Thread 0x00000235604277d0 Unloading class 0x00000001000d1c00 'java/lang/invoke/LambdaForm$MH+0x00000001000d1c00'
Event: 115.441 Thread 0x00000235604277d0 Unloading class 0x00000001000d1800 'java/lang/invoke/LambdaForm$MH+0x00000001000d1800'
Event: 115.441 Thread 0x00000235604277d0 Unloading class 0x00000001000d1000 'java/lang/invoke/LambdaForm$MH+0x00000001000d1000'
Event: 115.441 Thread 0x00000235604277d0 Unloading class 0x00000001000d0c00 'java/lang/invoke/LambdaForm$MH+0x00000001000d0c00'
Event: 115.441 Thread 0x00000235604277d0 Unloading class 0x00000001000d0800 'java/lang/invoke/LambdaForm$MH+0x00000001000d0800'
Event: 115.441 Thread 0x00000235604277d0 Unloading class 0x00000001000d0000 'java/lang/invoke/LambdaForm$MH+0x00000001000d0000'

Classes redefined (0 events):
No events

Internal exceptions (20 events):
Event: 114.301 Thread 0x0000023562bde3c0 Exception <a 'sun/nio/fs/WindowsException'{0x00000000c41b7db8}> (0x00000000c41b7db8) 
thrown [s\src\hotspot\share\prims\jni.cpp, line 516]
Event: 114.301 Thread 0x0000023562bde3c0 Exception <a 'sun/nio/fs/WindowsException'{0x00000000c41b8208}> (0x00000000c41b8208) 
thrown [s\src\hotspot\share\prims\jni.cpp, line 516]
Event: 114.302 Thread 0x0000023562bde3c0 Exception <a 'sun/nio/fs/WindowsException'{0x00000000c41b8c78}> (0x00000000c41b8c78) 
thrown [s\src\hotspot\share\prims\jni.cpp, line 516]
Event: 114.303 Thread 0x0000023562bde3c0 Exception <a 'sun/nio/fs/WindowsException'{0x00000000c41b9098}> (0x00000000c41b9098) 
thrown [s\src\hotspot\share\prims\jni.cpp, line 516]
Event: 114.303 Thread 0x0000023562bde3c0 Exception <a 'sun/nio/fs/WindowsException'{0x00000000c41b9ae0}> (0x00000000c41b9ae0) 
thrown [s\src\hotspot\share\prims\jni.cpp, line 516]
Event: 114.304 Thread 0x0000023562bde3c0 Exception <a 'sun/nio/fs/WindowsException'{0x00000000c41b9ed0}> (0x00000000c41b9ed0) 
thrown [s\src\hotspot\share\prims\jni.cpp, line 516]
Event: 114.304 Thread 0x0000023562bde3c0 Exception <a 'sun/nio/fs/WindowsException'{0x00000000c4019fe0}> (0x00000000c4019fe0) 
thrown [s\src\hotspot\share\prims\jni.cpp, line 516]
Event: 114.305 Thread 0x0000023562bde3c0 Exception <a 'sun/nio/fs/WindowsException'{0x00000000c401a3f0}> (0x00000000c401a3f0) 
thrown [s\src\hotspot\share\prims\jni.cpp, line 516]
Event: 114.305 Thread 0x0000023562bde3c0 Exception <a 'sun/nio/fs/WindowsException'{0x00000000c401ae38}> (0x00000000c401ae38) 
thrown [s\src\hotspot\share\prims\jni.cpp, line 516]
Event: 114.306 Thread 0x0000023562bde3c0 Exception <a 'sun/nio/fs/WindowsException'{0x00000000c401b228}> (0x00000000c401b228) 
thrown [s\src\hotspot\share\prims\jni.cpp, line 516]
Event: 114.306 Thread 0x0000023562bde3c0 Exception <a 'sun/nio/fs/WindowsException'{0x00000000c401bc80}> (0x00000000c401bc80) 
thrown [s\src\hotspot\share\prims\jni.cpp, line 516]
Event: 114.307 Thread 0x0000023562bde3c0 Exception <a 'sun/nio/fs/WindowsException'{0x00000000c401c090}> (0x00000000c401c090) 
thrown [s\src\hotspot\share\prims\jni.cpp, line 516]
Event: 114.307 Thread 0x0000023562bde3c0 Exception <a 'sun/nio/fs/WindowsException'{0x00000000c401cb00}> (0x00000000c401cb00) 
thrown [s\src\hotspot\share\prims\jni.cpp, line 516]
Event: 114.307 Thread 0x0000023562bde3c0 Exception <a 'sun/nio/fs/WindowsException'{0x00000000c401cf20}> (0x00000000c401cf20) 
thrown [s\src\hotspot\share\prims\jni.cpp, line 516]
Event: 114.308 Thread 0x0000023562bde3c0 Exception <a 'sun/nio/fs/WindowsException'{0x00000000c401d9a8}> (0x00000000c401d9a8) 
thrown [s\src\hotspot\share\prims\jni.cpp, line 516]
Event: 114.308 Thread 0x0000023562bde3c0 Exception <a 'sun/nio/fs/WindowsException'{0x00000000c401dde8}> (0x00000000c401dde8) 
thrown [s\src\hotspot\share\prims\jni.cpp, line 516]
Event: 114.309 Thread 0x0000023562bde3c0 Exception <a 'sun/nio/fs/WindowsException'{0x00000000c401e868}> (0x00000000c401e868) 
thrown [s\src\hotspot\share\prims\jni.cpp, line 516]
Event: 114.309 Thread 0x0000023562bde3c0 Exception <a 'sun/nio/fs/WindowsException'{0x00000000c401eca8}> (0x00000000c401eca8) 
thrown [s\src\hotspot\share\prims\jni.cpp, line 516]
Event: 118.629 Thread 0x0000023561bcb040 Exception <a 'java/lang/NoSuchMethodError'{0x00000000c58ae2a8}: 'int java.lang.invoke.DirectMethodHandle$Holder.invokeStatic(java.lang.Object)'> (0x00000000c58ae2a8) 
thrown [s\src\hotspot\share\interpreter\linkResolver.cpp, line 759]
Event: 118.629 Thread 0x0000023561bcb040 Exception <a 'java/lang/NoSuchMethodError'{0x00000000c58b1718}: 'int java.lang.invoke.DirectMethodHandle$Holder.invokeStaticInit(java.lang.Object)'> (0x00000000c58b1718) 
thrown [s\src\hotspot\share\interpreter\linkResolver.cpp, line 759]

VM Operations (20 events):
Event: 135.782 Executing VM operation: G1CollectForAllocation done
Event: 135.782 Executing VM operation: G1CollectForAllocation
Event: 135.789 Executing VM operation: G1CollectForAllocation done
Event: 136.795 Executing VM operation: Cleanup
Event: 136.861 Executing VM operation: Cleanup done
Event: 136.877 Executing VM operation: G1CollectForAllocation
Event: 136.877 Executing VM operation: G1CollectForAllocation done
Event: 136.877 Executing VM operation: G1CollectForAllocation
Event: 136.888 Executing VM operation: G1CollectForAllocation done
Event: 137.055 Executing VM operation: G1CollectForAllocation
Event: 137.062 Executing VM operation: G1CollectForAllocation done
Event: 137.062 Executing VM operation: G1CollectForAllocation
Event: 137.074 Executing VM operation: G1CollectForAllocation done
Event: 137.515 Executing VM operation: G1CollectForAllocation
Event: 137.516 Executing VM operation: G1CollectForAllocation done
Event: 137.516 Executing VM operation: G1CollectForAllocation
Event: 137.527 Executing VM operation: G1CollectForAllocation done
Event: 137.693 Executing VM operation: G1CollectForAllocation
Event: 137.694 Executing VM operation: G1CollectForAllocation done
Event: 137.694 Executing VM operation: G1CollectForAllocation

Events (20 events):
Event: 128.660 loading class java/util/WeakHashMap$EntrySet
Event: 128.661 loading class java/util/WeakHashMap$EntrySet done
Event: 128.661 loading class java/util/WeakHashMap$EntryIterator
Event: 128.661 loading class java/util/WeakHashMap$HashIterator
Event: 128.661 loading class java/util/WeakHashMap$HashIterator done
Event: 128.661 loading class java/util/WeakHashMap$EntryIterator done
Event: 132.842 Thread 0x0000023562fdde60 Thread added: 0x0000023562fdde60
Event: 132.843 Thread 0x000002356313a820 Thread added: 0x000002356313a820
Event: 133.886 Thread 0x000002356313a820 Thread exited: 0x000002356313a820
Event: 133.886 Thread 0x0000023562fdde60 Thread exited: 0x0000023562fdde60
Event: 136.474 loading class java/util/concurrent/CompletableFuture$UniExceptionally
Event: 136.475 loading class java/util/concurrent/CompletableFuture$UniExceptionally done
Event: 136.475 loading class java/util/concurrent/CompletableFuture$UniApply
Event: 136.475 loading class java/util/concurrent/CompletableFuture$UniApply done
Event: 136.486 loading class jdk/internal/vm/annotation/ForceInline
Event: 136.486 loading class jdk/internal/vm/annotation/ForceInline done
Event: 137.445 loading class java/util/ServiceConfigurationError
Event: 137.445 loading class java/util/ServiceConfigurationError done
Event: 137.564 loading class java/util/stream/Nodes$SpinedNodeBuilder
Event: 137.564 loading class java/util/stream/Nodes$SpinedNodeBuilder done


Dynamic libraries:
0x00007ff7b7420000 - 0x00007ff7b742e000 	c:\Users\Luz Stella Alvarez\.vscode\extensions\redhat.java-1.12.0-win32-x64\jre\17.0.4.1-win32-x86_64\bin\java.exe
0x00007ffd0cb70000 - 0x00007ffd0cd68000 	C:\WINDOWS\SYSTEM32\ntdll.dll
0x00007ffcd55b0000 - 0x00007ffcd55c7000 	C:\Program Files\AVAST Software\Avast\aswhook.dll
0x00007ffd0b280000 - 0x00007ffd0b33d000 	C:\WINDOWS\System32\KERNEL32.DLL
0x00007ffd0a320000 - 0x00007ffd0a5f2000 	C:\WINDOWS\System32\KERNELBASE.dll
0x00007ffd0aa50000 - 0x00007ffd0ab50000 	C:\WINDOWS\System32\ucrtbase.dll
0x00007ffcf36c0000 - 0x00007ffcf36d9000 	c:\Users\Luz Stella Alvarez\.vscode\extensions\redhat.java-1.12.0-win32-x64\jre\17.0.4.1-win32-x86_64\bin\VCRUNTIME140.dll
0x00007ffcfbd60000 - 0x00007ffcfbd78000 	c:\Users\Luz Stella Alvarez\.vscode\extensions\redhat.java-1.12.0-win32-x64\jre\17.0.4.1-win32-x86_64\bin\jli.dll
0x00007ffd0bd70000 - 0x00007ffd0bf0d000 	C:\WINDOWS\System32\USER32.dll
0x00007ffd0a280000 - 0x00007ffd0a2a2000 	C:\WINDOWS\System32\win32u.dll
0x00007ffcfb4d0000 - 0x00007ffcfb76a000 	C:\WINDOWS\WinSxS\amd64_microsoft.windows.common-controls_6595b64144ccf1df_6.0.19041.1110_none_60b5254171f9507e\COMCTL32.dll
0x00007ffd0bf10000 - 0x00007ffd0bf3b000 	C:\WINDOWS\System32\GDI32.dll
0x00007ffd0c160000 - 0x00007ffd0c1fe000 	C:\WINDOWS\System32\msvcrt.dll
0x00007ffd0a600000 - 0x00007ffd0a70f000 	C:\WINDOWS\System32\gdi32full.dll
0x00007ffd0a850000 - 0x00007ffd0a8ed000 	C:\WINDOWS\System32\msvcp_win.dll
0x00007ffd0bf40000 - 0x00007ffd0bf70000 	C:\WINDOWS\System32\IMM32.DLL
0x00007ffd06230000 - 0x00007ffd0623c000 	c:\Users\Luz Stella Alvarez\.vscode\extensions\redhat.java-1.12.0-win32-x64\jre\17.0.4.1-win32-x86_64\bin\vcruntime140_1.dll
0x00007ffce3ba0000 - 0x00007ffce3c31000 	c:\Users\Luz Stella Alvarez\.vscode\extensions\redhat.java-1.12.0-win32-x64\jre\17.0.4.1-win32-x86_64\bin\msvcp140.dll
0x00007ffcb4b60000 - 0x00007ffcb57a6000 	c:\Users\Luz Stella Alvarez\.vscode\extensions\redhat.java-1.12.0-win32-x64\jre\17.0.4.1-win32-x86_64\bin\server\jvm.dll
0x00007ffd0abd0000 - 0x00007ffd0ac7e000 	C:\WINDOWS\System32\ADVAPI32.dll
0x00007ffd0b4c0000 - 0x00007ffd0b55c000 	C:\WINDOWS\System32\sechost.dll
0x00007ffd0b6b0000 - 0x00007ffd0b7d5000 	C:\WINDOWS\System32\RPCRT4.dll
0x00007ffd0c0a0000 - 0x00007ffd0c0a8000 	C:\WINDOWS\System32\PSAPI.DLL
0x00007ffcfbeb0000 - 0x00007ffcfbed7000 	C:\WINDOWS\SYSTEM32\WINMM.dll
0x00007ffd00870000 - 0x00007ffd0087a000 	C:\WINDOWS\SYSTEM32\VERSION.dll
0x00007ffcfa360000 - 0x00007ffcfa369000 	C:\WINDOWS\SYSTEM32\WSOCK32.dll
0x00007ffd0b640000 - 0x00007ffd0b6ab000 	C:\WINDOWS\System32\WS2_32.dll
0x00007ffd08030000 - 0x00007ffd08042000 	C:\WINDOWS\SYSTEM32\kernel.appcore.dll
0x00007ffcf4d50000 - 0x00007ffcf4d5a000 	c:\Users\Luz Stella Alvarez\.vscode\extensions\redhat.java-1.12.0-win32-x64\jre\17.0.4.1-win32-x86_64\bin\jimage.dll
0x00007ffcffec0000 - 0x00007ffd000a4000 	C:\WINDOWS\SYSTEM32\DBGHELP.DLL
0x00007ffcfe310000 - 0x00007ffcfe33c000 	C:\WINDOWS\SYSTEM32\dbgcore.DLL
0x00007ffd0a7c0000 - 0x00007ffd0a842000 	C:\WINDOWS\System32\bcryptPrimitives.dll
0x00007ffcef900000 - 0x00007ffcef925000 	c:\Users\Luz Stella Alvarez\.vscode\extensions\redhat.java-1.12.0-win32-x64\jre\17.0.4.1-win32-x86_64\bin\java.dll
0x00007ffd061d0000 - 0x00007ffd061e8000 	c:\Users\Luz Stella Alvarez\.vscode\extensions\redhat.java-1.12.0-win32-x64\jre\17.0.4.1-win32-x86_64\bin\zip.dll
0x00007ffd0c3e0000 - 0x00007ffd0cb23000 	C:\WINDOWS\System32\SHELL32.dll
0x00007ffd08340000 - 0x00007ffd08ad1000 	C:\WINDOWS\SYSTEM32\windows.storage.dll
0x00007ffd0b7f0000 - 0x00007ffd0bb44000 	C:\WINDOWS\System32\combase.dll
0x00007ffd09c00000 - 0x00007ffd09c30000 	C:\WINDOWS\SYSTEM32\Wldp.dll
0x00007ffd0c0b0000 - 0x00007ffd0c15d000 	C:\WINDOWS\System32\SHCORE.dll
0x00007ffd0b340000 - 0x00007ffd0b395000 	C:\WINDOWS\System32\shlwapi.dll
0x00007ffd0a1c0000 - 0x00007ffd0a1df000 	C:\WINDOWS\SYSTEM32\profapi.dll
0x00007ffd061b0000 - 0x00007ffd061c9000 	C:\Users\Luz Stella Alvarez\.vscode\extensions\redhat.java-1.12.0-win32-x64\jre\17.0.4.1-win32-x86_64\bin\net.dll
0x00007ffd01ef0000 - 0x00007ffd01ffd000 	C:\WINDOWS\SYSTEM32\WINHTTP.dll
0x00007ffd09960000 - 0x00007ffd099ca000 	C:\WINDOWS\system32\mswsock.dll
0x00007ffd05cf0000 - 0x00007ffd05d05000 	C:\Users\Luz Stella Alvarez\.vscode\extensions\redhat.java-1.12.0-win32-x64\jre\17.0.4.1-win32-x86_64\bin\nio.dll
0x00007ffd06220000 - 0x00007ffd06230000 	c:\Users\Luz Stella Alvarez\.vscode\extensions\redhat.java-1.12.0-win32-x64\jre\17.0.4.1-win32-x86_64\bin\verify.dll
0x00007ffcf8080000 - 0x00007ffcf8089000 	C:\Users\Luz Stella Alvarez\.vscode\extensions\redhat.java-1.12.0-win32-x64\jre\17.0.4.1-win32-x86_64\bin\management.dll
0x00007ffcf4320000 - 0x00007ffcf432b000 	C:\Users\Luz Stella Alvarez\.vscode\extensions\redhat.java-1.12.0-win32-x64\jre\17.0.4.1-win32-x86_64\bin\management_ext.dll
0x00007ffcf1f00000 - 0x00007ffcf1f17000 	C:\WINDOWS\system32\napinsp.dll
0x00007ffcf1f20000 - 0x00007ffcf1f3b000 	C:\WINDOWS\system32\pnrpnsp.dll
0x00007ffcf2ea0000 - 0x00007ffcf2eb5000 	C:\WINDOWS\system32\wshbth.dll
0x00007ffd05980000 - 0x00007ffd0599d000 	C:\WINDOWS\system32\NLAapi.dll
0x00007ffd09650000 - 0x00007ffd0968b000 	C:\WINDOWS\SYSTEM32\IPHLPAPI.DLL
0x00007ffd09690000 - 0x00007ffd0975a000 	C:\WINDOWS\SYSTEM32\DNSAPI.dll
0x00007ffd0b7e0000 - 0x00007ffd0b7e8000 	C:\WINDOWS\System32\NSI.dll
0x00007ffcf2f00000 - 0x00007ffcf2f12000 	C:\WINDOWS\System32\winrnr.dll
0x00007ffd00330000 - 0x00007ffd0033a000 	C:\Windows\System32\rasadhlp.dll
0x00007ffd02100000 - 0x00007ffd02180000 	C:\WINDOWS\System32\fwpuclnt.dll
0x00007ffd0aba0000 - 0x00007ffd0abc7000 	C:\WINDOWS\System32\bcrypt.dll
0x00007ffd09b50000 - 0x00007ffd09b68000 	C:\WINDOWS\SYSTEM32\CRYPTSP.dll
0x00007ffd09280000 - 0x00007ffd092b4000 	C:\WINDOWS\system32\rsaenh.dll
0x00007ffd0a0f0000 - 0x00007ffd0a11e000 	C:\WINDOWS\SYSTEM32\USERENV.dll
0x00007ffd09b70000 - 0x00007ffd09b7c000 	C:\WINDOWS\SYSTEM32\CRYPTBASE.dll
0x00007ffd03b90000 - 0x00007ffd03ba7000 	C:\WINDOWS\SYSTEM32\dhcpcsvc6.DLL
0x00007ffd03c20000 - 0x00007ffd03c3d000 	C:\WINDOWS\SYSTEM32\dhcpcsvc.DLL

dbghelp: loaded successfully - version: 4.0.5 - missing functions: none
symbol engine: initialized successfully - sym options: 0x614 - pdb path: .;c:\Users\Luz Stella Alvarez\.vscode\extensions\redhat.java-1.12.0-win32-x64\jre\17.0.4.1-win32-x86_64\bin;C:\WINDOWS\SYSTEM32;C:\Program Files\AVAST Software\Avast;C:\WINDOWS\WinSxS\amd64_microsoft.windows.common-controls_6595b64144ccf1df_6.0.19041.1110_none_60b5254171f9507e;c:\Users\Luz Stella Alvarez\.vscode\extensions\redhat.java-1.12.0-win32-x64\jre\17.0.4.1-win32-x86_64\bin\server

VM Arguments:
jvm_args: -Dsts.lsp.client=vscode -Dsts.log.file=/dev/null -XX:TieredStopAtLevel=1 -Xlog:jni+resolve=off -Dspring.config.location=file:c:\Users\Luz Stella Alvarez\.vscode\extensions\pivotal.vscode-spring-boot-1.40.0\language-server\BOOT-INF\classes\application.properties 
java_command: org.springframework.ide.vscode.boot.app.BootLanguageServerBootApp
java_class_path (initial): c:\Users\Luz Stella Alvarez\.vscode\extensions\pivotal.vscode-spring-boot-1.40.0\language-server\BOOT-INF\classes;c:\Users\Luz Stella Alvarez\.vscode\extensions\pivotal.vscode-spring-boot-1.40.0\language-server\BOOT-INF\lib\annotations-23.0.0.jar;c:\Users\Luz Stella Alvarez\.vscode\extensions\pivotal.vscode-spring-boot-1.40.0\language-server\BOOT-INF\lib\ant-1.10.12.jar;c:\Users\Luz Stella Alvarez\.vscode\extensions\pivotal.vscode-spring-boot-1.40.0\language-server\BOOT-INF\lib\ant-launcher-1.10.12.jar;c:\Users\Luz Stella Alvarez\.vscode\extensions\pivotal.vscode-spring-boot-1.40.0\language-server\BOOT-INF\lib\antlr-runtime-3.5.2.jar;c:\Users\Luz Stella Alvarez\.vscode\extensions\pivotal.vscode-spring-boot-1.40.0\language-server\BOOT-INF\lib\antlr4-4.9.3.jar;c:\Users\Luz Stella Alvarez\.vscode\extensions\pivotal.vscode-spring-boot-1.40.0\language-server\BOOT-INF\lib\antlr4-runtime-4.9.3.jar;c:\Users\Luz Stella Alvarez\.vscode\extensions\pivotal.vscode-spring-boot-1.40.0\language-server\BOOT-INF\lib\asm-9.3.jar;c:\Users\Luz Stella Alvarez\.vscode\extensions\pivotal.vscode-spring-boot-1.40.0\language-server\BOOT-INF\lib\asm-analysis-9.3.jar;c:\Users\Luz Stella Alvarez\.vscode\extensions\pivotal.vscode-spring-boot-1.40.0\language-server\BOOT-INF\lib\asm-tree-9.3.jar;c:\Users\Luz Stella Alvarez\.vscode\extensions\pivotal.vscode-spring-boot-1.40.0\language-server\BOOT-INF\lib\asm-util-9.3.jar;c:\Users\Luz Stella Alvarez\.vscode\extensions\pivotal.vscode-spring-boot-1.40.0\language-server\BOOT-INF\lib\byte-buddy-1.12.13.jar;c:\Users\Luz Stella Alvarez\.vscode\extensions\pivotal.vscode-spring-boot-1.40.0\language-server\BOOT-INF\lib\caffeine-2.9.3.jar;c:\Users\Luz Stella Alvarez\.vscode\extensions\pivotal.vscode-spring-boot-1.40.0\language-server\BOOT-INF\lib\checker-qual-3.12.0.jar;c:\Users\Luz Stella Alvarez\.vscode\extensions\pivotal.vscode-spring-boot-1.40.0\language-server\BOOT-INF\lib\classgraph-4.8.149.jar;c:\Users\Luz Stella Alvarez\.vs
Launcher Type: SUN_STANDARD

[Global flags]
     intx CICompilerCount                          = 3                                         {product} {ergonomic}
     uint ConcGCThreads                            = 1                                         {product} {ergonomic}
     uint G1ConcRefinementThreads                  = 4                                         {product} {ergonomic}
   size_t G1HeapRegionSize                         = 1048576                                   {product} {ergonomic}
    uintx GCDrainStackTargetSize                   = 64                                        {product} {ergonomic}
   size_t InitialHeapSize                          = 67108864                                  {product} {ergonomic}
   size_t MarkStackSize                            = 4194304                                   {product} {ergonomic}
   size_t MaxHeapSize                              = 1048576000                                {product} {ergonomic}
   size_t MaxNewSize                               = 629145600                                 {product} {ergonomic}
   size_t MinHeapDeltaBytes                        = 1048576                                   {product} {ergonomic}
   size_t MinHeapSize                              = 8388608                                   {product} {ergonomic}
    uintx NonProfiledCodeHeapSize                  = 0                                      {pd product} {ergonomic}
     bool ProfileInterpreter                       = false                                  {pd product} {command line}
    uintx ProfiledCodeHeapSize                     = 0                                      {pd product} {ergonomic}
   size_t SoftMaxHeapSize                          = 1048576000                             {manageable} {ergonomic}
     intx TieredStopAtLevel                        = 1                                         {product} {command line}
     bool UseCompressedClassPointers               = true                           {product lp64_product} {ergonomic}
     bool UseCompressedOops                        = true                           {product lp64_product} {ergonomic}
     bool UseG1GC                                  = true                                      {product} {ergonomic}
     bool UseLargePagesIndividualAllocation        = false                                  {pd product} {ergonomic}

Logging:
Log output configuration:
 #0: stdout all=warning,jni+resolve=off uptime,level,tags
 #1: stderr all=off uptime,level,tags

Environment Variables:
PATH=C:\Users\Luz Stella Alvarez\bin;C:\Program Files\Git\mingw64\bin;C:\Program Files\Git\usr\local\bin;C:\Program Files\Git\usr\bin;C:\Program Files\Git\usr\bin;C:\Program Files\Git\mingw64\bin;C:\Program Files\Git\usr\bin;C:\Users\Luz Stella Alvarez\bin;C:\Program Files\Common Files\Oracle\Java\javapath;C:\Program Files (x86)\Common Files\Oracle\Java\javapath;C:\WINDOWS\system32;C:\WINDOWS;C:\WINDOWS\System32\Wbem;C:\WINDOWS\System32\WindowsPowerShell\v1.0;C:\WINDOWS\System32\OpenSSH;C:\Program Files (x86)\Windows Live\Shared;C:\Program Files\Git\cmd;C:\maven\bin;C:\Program Files\nodejs;C:\Program Files\MySQL\MySQL Shell 8.0\bin;C:\Users\Luz Stella Alvarez\AppData\Local\Programs\Python\Python310\Scripts;C:\Users\Luz Stella Alvarez\AppData\Local\Programs\Python\Python310;C:\Users\Luz Stella Alvarez\AppData\Local\Microsoft\WindowsApps;C:\Users\Luz Stella Alvarez\AppData\Local\Programs\Microsoft VS Code\bin;C:\Users\Luz Stella Alvarez\AppData\Roaming\npm;C:\Program Files\Git\usr\bin\vendor_perl;C:\Program Files\Git\usr\bin\core_perl
USERNAME=Luz Stella Alvarez
SHELL=C:\Program Files\Git\usr\bin\bash.exe
DISPLAY=needs-to-be-defined
LC_CTYPE=es_ES.UTF-8
TERM=xterm
TMPDIR=C:\Users\LUZSTE~1\AppData\Local\Temp
OS=Windows_NT
PROCESSOR_IDENTIFIER=Intel64 Family 6 Model 58 Stepping 9, GenuineIntel
TMP=C:\Users\LUZSTE~1\AppData\Local\Temp
TEMP=C:\Users\LUZSTE~1\AppData\Local\Temp



---------------  S Y S T E M  ---------------

OS:
 Windows 10 , 64 bit Build 19041 (10.0.19041.1889)
OS uptime: 0 days 3:43 hours

CPU: total 4 (initial active 4) (2 cores per cpu, 2 threads per core) family 6 model 58 stepping 9 microcode 0x21, cx8, cmov, fxsr, ht, mmx, sse, sse2, sse3, ssse3, sse4.1, sse4.2, popcnt, tsc, tscinvbit, avx, erms, clmul, vzeroupper, clflush

Memory: 4k page, system-wide physical 3992M (427M free)
TotalPageFile size 8092M (AvailPageFile size 215M)
current process WorkingSet (physical memory assigned to process): 251M, peak: 251M
current process commit charge ("private bytes"): 294M, peak: 568M

vm_info: OpenJDK 64-Bit Server VM (17.0.4.1+1) for windows-amd64 JRE (17.0.4.1+1), built on Aug 17 2022 07:42:43 by "temurin" with MS VC++ 16.7 (VS2019)

END.
