#
# There is insufficient memory for the Java Runtime Environment to continue.
# Native memory allocation (mmap) failed to map 208666624 bytes for G1 virtual space
# Possible reasons:
#   The system is out of physical RAM or swap space
#   The process is running with CompressedOops enabled, and the Java Heap may be blocking the growth of the native heap
# Possible solutions:
#   Reduce memory load on the system
#   Increase physical memory or swap space
#   Check if swap backing store is full
#   Decrease Java heap size (-Xmx/-Xms)
#   Decrease number of Java threads
#   Decrease Java thread stack sizes (-Xss)
#   Set larger code cache with -XX:ReservedCodeCacheSize=
#   JVM is running with Unscaled Compressed Oops mode in which the Java heap is
#     placed in the first 4GB address space. The Java Heap base address is the
#     maximum limit for the native heap growth. Please use -XX:HeapBaseMinAddress
#     to set the Java Heap base and to place the Java Heap above 4GB virtual address.
# This output file may be truncated or incomplete.
#
#  Out of Memory Error (os_windows.cpp:3541), pid=12024, tid=11712
#
# JRE version: OpenJDK Runtime Environment Temurin-17.0.4.1+1 (17.0.4.1+1) (build 17.0.4.1+1)
# Java VM: OpenJDK 64-Bit Server VM Temurin-17.0.4.1+1 (17.0.4.1+1, mixed mode, emulated-client, tiered, compressed oops, compressed class ptrs, g1 gc, windows-amd64)
# No core dump will be written. Minidumps are not enabled by default on client versions of Windows
#

---------------  S U M M A R Y ------------

Command Line: -Dsts.lsp.client=vscode -Dsts.log.file=/dev/null -XX:TieredStopAtLevel=1 -Xlog:jni+resolve=off -Dspring.config.location=file:c:\Users\Luz Stella Alvarez\.vscode\extensions\pivotal.vscode-spring-boot-1.40.0\language-server\BOOT-INF\classes\application.properties org.springframework.ide.vscode.boot.app.BootLanguageServerBootApp

Host: Intel(R) Core(TM) i3-3217U CPU @ 1.80GHz, 4 cores, 3G,  Windows 10 , 64 bit Build 19041 (10.0.19041.1889)
Time: Sun Nov 27 19:07:49 2022 Hora est. Pacífico, Sudamérica elapsed time: 24.957045 seconds (0d 0h 0m 24s)

---------------  T H R E A D  ---------------

Current thread (0x0000026f7fc995e0):  VMThread "VM Thread" [stack: 0x0000009f40b00000,0x0000009f40c00000] [id=11712]

Stack: [0x0000009f40b00000,0x0000009f40c00000]
Native frames: (J=compiled Java code, j=interpreted, Vv=VM code, C=native code)
V  [jvm.dll+0x67731a]
V  [jvm.dll+0x832284]
V  [jvm.dll+0x833a2e]
V  [jvm.dll+0x834093]
V  [jvm.dll+0x245775]
V  [jvm.dll+0x674209]
V  [jvm.dll+0x668a92]
V  [jvm.dll+0x30471b]
V  [jvm.dll+0x30bc66]
V  [jvm.dll+0x35ba9e]
V  [jvm.dll+0x35bccf]
V  [jvm.dll+0x2db5b8]
V  [jvm.dll+0x2d986c]
V  [jvm.dll+0x2d8e3c]
V  [jvm.dll+0x31cd9b]
V  [jvm.dll+0x83853b]
V  [jvm.dll+0x839274]
V  [jvm.dll+0x83978c]
V  [jvm.dll+0x839b64]
V  [jvm.dll+0x839c30]
V  [jvm.dll+0x7e240a]
V  [jvm.dll+0x6761a5]
C  [ucrtbase.dll+0x21bb2]
C  [KERNEL32.DLL+0x17034]
C  [ntdll.dll+0x526a1]

VM_Operation (0x0000009f427fe230): G1CollectForAllocation, mode: safepoint, requested by thread 0x0000026f09895bb0


---------------  P R O C E S S  ---------------

Threads class SMR info:
_java_thread_list=0x0000026f09ec5c20, length=28, elements={
0x0000026f7fceb390, 0x0000026f7fcecb30, 0x0000026f7fd28130, 0x0000026f7fd28600,
0x0000026f7fd2aae0, 0x0000026f7fd2cfc0, 0x0000026f7fd30a40, 0x0000026f7fd3b380,
0x0000026f07b19b40, 0x0000026f07b32020, 0x0000026f0953af20, 0x0000026f0953b8c0,
0x0000026f0953a0b0, 0x0000026f0953a580, 0x0000026f0953c260, 0x0000026f0953bd90,
0x0000026f0953cc00, 0x0000026f0953d5a0, 0x0000026f0953c730, 0x0000026f0953da70,
0x0000026f0953aa50, 0x0000026f0953b3f0, 0x0000026f09896a20, 0x0000026f09893a00,
0x0000026f09895bb0, 0x0000026f09896550, 0x0000026f09896080, 0x0000026f09893530
}

Java Threads: ( => current thread )
  0x0000026f7fceb390 JavaThread "Reference Handler" daemon [_thread_blocked, id=488, stack(0x0000009f40c00000,0x0000009f40d00000)]
  0x0000026f7fcecb30 JavaThread "Finalizer" daemon [_thread_blocked, id=256, stack(0x0000009f40d00000,0x0000009f40e00000)]
  0x0000026f7fd28130 JavaThread "Signal Dispatcher" daemon [_thread_blocked, id=9780, stack(0x0000009f40e00000,0x0000009f40f00000)]
  0x0000026f7fd28600 JavaThread "Attach Listener" daemon [_thread_blocked, id=12536, stack(0x0000009f40f00000,0x0000009f41000000)]
  0x0000026f7fd2aae0 JavaThread "Service Thread" daemon [_thread_blocked, id=11080, stack(0x0000009f41000000,0x0000009f41100000)]
  0x0000026f7fd2cfc0 JavaThread "Monitor Deflation Thread" daemon [_thread_blocked, id=11516, stack(0x0000009f41100000,0x0000009f41200000)]
  0x0000026f7fd30a40 JavaThread "C1 CompilerThread0" daemon [_thread_blocked, id=7560, stack(0x0000009f41200000,0x0000009f41300000)]
  0x0000026f7fd3b380 JavaThread "Sweeper thread" daemon [_thread_blocked, id=12724, stack(0x0000009f41300000,0x0000009f41400000)]
  0x0000026f07b19b40 JavaThread "Notification Thread" daemon [_thread_blocked, id=1328, stack(0x0000009f41500000,0x0000009f41600000)]
  0x0000026f07b32020 JavaThread "Common-Cleaner" daemon [_thread_blocked, id=9276, stack(0x0000009f41700000,0x0000009f41800000)]
  0x0000026f0953af20 JavaThread "boundedElastic-evictor-1" daemon [_thread_blocked, id=12960, stack(0x0000009f41c00000,0x0000009f41d00000)]
  0x0000026f0953b8c0 JavaThread "pool-9-thread-1" [_thread_blocked, id=32, stack(0x0000009f41400000,0x0000009f41500000)]
  0x0000026f0953a0b0 JavaThread "LanguageServerApp-lifecycle" [_thread_blocked, id=3592, stack(0x0000009f41a00000,0x0000009f41b00000)]
  0x0000026f0953a580 JavaThread "DestroyJavaVM" [_thread_blocked, id=1320, stack(0x0000009f40500000,0x0000009f40600000)]
  0x0000026f0953c260 JavaThread "pool-10-thread-1" [_thread_in_native, id=6348, stack(0x0000009f41d00000,0x0000009f41e00000)]
  0x0000026f0953bd90 JavaThread "Simple-Language-Server main thread" daemon [_thread_blocked, id=1060, stack(0x0000009f41e00000,0x0000009f41f00000)]
  0x0000026f0953cc00 JavaThread "ForkJoinPool.commonPool-worker-1" daemon [_thread_blocked, id=9916, stack(0x0000009f41f00000,0x0000009f42000000)]
  0x0000026f0953d5a0 JavaThread "parallel-1" daemon [_thread_blocked, id=1340, stack(0x0000009f42000000,0x0000009f42100000)]
  0x0000026f0953c730 JavaThread "Reconciler-1" daemon [_thread_blocked, id=9628, stack(0x0000009f42100000,0x0000009f42200000)]
  0x0000026f0953da70 JavaThread "parallel-2" daemon [_thread_blocked, id=12904, stack(0x0000009f42200000,0x0000009f42300000)]
  0x0000026f0953aa50 JavaThread "ClassGraph-worker-0" daemon [_thread_blocked, id=12972, stack(0x0000009f42300000,0x0000009f42400000)]
  0x0000026f0953b3f0 JavaThread "ClassGraph-worker-1" daemon [_thread_blocked, id=9624, stack(0x0000009f42400000,0x0000009f42500000)]
  0x0000026f09896a20 JavaThread "ClassGraph-worker-2" daemon [_thread_blocked, id=2576, stack(0x0000009f42500000,0x0000009f42600000)]
  0x0000026f09893a00 JavaThread "ClassGraph-worker-3" daemon [_thread_blocked, id=10484, stack(0x0000009f42600000,0x0000009f42700000)]
  0x0000026f09895bb0 JavaThread "ClassGraph-worker-4" daemon [_thread_blocked, id=9360, stack(0x0000009f42700000,0x0000009f42800000)]
  0x0000026f09896550 JavaThread "ClassGraph-worker-5" daemon [_thread_blocked, id=560, stack(0x0000009f42800000,0x0000009f42900000)]
  0x0000026f09896080 JavaThread "ClassGraph-worker-6" daemon [_thread_blocked, id=13104, stack(0x0000009f42900000,0x0000009f42a00000)]
  0x0000026f09893530 JavaThread "ClassGraph-worker-7" daemon [_thread_blocked, id=5412, stack(0x0000009f42a00000,0x0000009f42b00000)]

Other Threads:
=>0x0000026f7fc995e0 VMThread "VM Thread" [stack: 0x0000009f40b00000,0x0000009f40c00000] [id=11712]
  0x0000026f07b1c020 WatcherThread [stack: 0x0000009f41600000,0x0000009f41700000] [id=13004]
  0x0000026f7a821e50 GCTaskThread "GC Thread#0" [stack: 0x0000009f40600000,0x0000009f40700000] [id=12052]
  0x0000026f08186c80 GCTaskThread "GC Thread#1" [stack: 0x0000009f41800000,0x0000009f41900000] [id=9880]
  0x0000026f0837a530 GCTaskThread "GC Thread#2" [stack: 0x0000009f41900000,0x0000009f41a00000] [id=3056]
  0x0000026f0842f4f0 GCTaskThread "GC Thread#3" [stack: 0x0000009f41b00000,0x0000009f41c00000] [id=6852]
  0x0000026f7a82aa70 ConcurrentGCThread "G1 Main Marker" [stack: 0x0000009f40700000,0x0000009f40800000] [id=13148]
  0x0000026f7a82bb30 ConcurrentGCThread "G1 Conc#0" [stack: 0x0000009f40800000,0x0000009f40900000] [id=2708]
  0x0000026f7a89fb90 ConcurrentGCThread "G1 Refine#0" [stack: 0x0000009f40900000,0x0000009f40a00000] [id=8632]
  0x0000026f09a38580 ConcurrentGCThread "G1 Refine#1" [stack: 0x0000009f42c00000,0x0000009f42d00000] [id=3272]
  0x0000026f09ddb5d0 ConcurrentGCThread "G1 Refine#2" [stack: 0x0000009f42d00000,0x0000009f42e00000] [id=7660]
  0x0000026f09ddaa50 ConcurrentGCThread "G1 Refine#3" [stack: 0x0000009f42f00000,0x0000009f43000000] [id=8100]
  0x0000026f7a8a04c0 ConcurrentGCThread "G1 Service" [stack: 0x0000009f40a00000,0x0000009f40b00000] [id=11204]

Threads with active compile tasks:

VM state: at safepoint (normal execution)

VM Mutex/Monitor currently owned by a thread:  ([mutex/lock_event])
[0x0000026f7a60db00] Threads_lock - owner thread: 0x0000026f7fc995e0
[0x0000026f7a7e2e30] Heap_lock - owner thread: 0x0000026f09895bb0

Heap address: 0x00000000c1800000, size: 1000 MB, Compressed Oops mode: 32-bit

CDS archive(s) not mapped
Compressed class space mapped at: 0x0000000100000000-0x0000000140000000, reserved size: 1073741824
Narrow klass base: 0x0000000000000000, Narrow klass shift: 3, Narrow klass range: 0x140000000

GC Precious Log:
 CPUs: 4 total, 4 available
 Memory: 3992M
 Large Page Support: Disabled
 NUMA Support: Disabled
 Compressed Oops: Enabled (32-bit)
 Heap Region Size: 1M
 Heap Min Capacity: 8M
 Heap Initial Capacity: 64M
 Heap Max Capacity: 1000M
 Pre-touch: Disabled
 Parallel Workers: 4
 Concurrent Workers: 1
 Concurrent Refinement Workers: 4
 Periodic GC: Disabled

Heap:
 garbage-first heap   total 197632K, used 82911K [0x00000000c1800000, 0x0000000100000000)
  region size 1024K, 7 young (7168K), 7 survivors (7168K)
 Metaspace       used 37472K, committed 37760K, reserved 1089536K
  class space    used 4787K, committed 4928K, reserved 1048576K

Heap Regions: E=young(eden), S=young(survivor), O=old, HS=humongous(starts), HC=humongous(continues), CS=collection set, F=free, OA=open archive, CA=closed archive, TAMS=top-at-mark-start (previous, next)
|   0|0x00000000c1800000, 0x00000000c1900000, 0x00000000c1900000|100%| O|  |TAMS 0x00000000c1900000, 0x00000000c1800000| Untracked 
|   1|0x00000000c1900000, 0x00000000c1a00000, 0x00000000c1a00000|100%| O|  |TAMS 0x00000000c1a00000, 0x00000000c1900000| Untracked 
|   2|0x00000000c1a00000, 0x00000000c1b00000, 0x00000000c1b00000|100%| O|  |TAMS 0x00000000c1b00000, 0x00000000c1a00000| Untracked 
|   3|0x00000000c1b00000, 0x00000000c1c00000, 0x00000000c1c00000|100%| O|  |TAMS 0x00000000c1c00000, 0x00000000c1b00000| Untracked 
|   4|0x00000000c1c00000, 0x00000000c1d00000, 0x00000000c1d00000|100%| O|  |TAMS 0x00000000c1d00000, 0x00000000c1c00000| Untracked 
|   5|0x00000000c1d00000, 0x00000000c1e00000, 0x00000000c1e00000|100%| O|  |TAMS 0x00000000c1e00000, 0x00000000c1d00000| Untracked 
|   6|0x00000000c1e00000, 0x00000000c1f00000, 0x00000000c1f00000|100%| O|  |TAMS 0x00000000c1f00000, 0x00000000c1e00000| Untracked 
|   7|0x00000000c1f00000, 0x00000000c2000000, 0x00000000c2000000|100%| O|  |TAMS 0x00000000c2000000, 0x00000000c1f00000| Untracked 
|   8|0x00000000c2000000, 0x00000000c20d7200, 0x00000000c2100000| 84%| O|  |TAMS 0x00000000c20d7200, 0x00000000c2000000| Untracked 
|   9|0x00000000c2100000, 0x00000000c2200000, 0x00000000c2200000|100%| O|  |TAMS 0x00000000c2200000, 0x00000000c2100000| Untracked 
|  10|0x00000000c2200000, 0x00000000c2300000, 0x00000000c2300000|100%| O|  |TAMS 0x00000000c2300000, 0x00000000c2200000| Untracked 
|  11|0x00000000c2300000, 0x00000000c2400000, 0x00000000c2400000|100%| O|  |TAMS 0x00000000c2400000, 0x00000000c2300000| Untracked 
|  12|0x00000000c2400000, 0x00000000c2500000, 0x00000000c2500000|100%| O|  |TAMS 0x00000000c2400000, 0x00000000c2400000| Untracked 
|  13|0x00000000c2500000, 0x00000000c2600000, 0x00000000c2600000|100%| O|  |TAMS 0x00000000c2600000, 0x00000000c2500000| Untracked 
|  14|0x00000000c2600000, 0x00000000c2700000, 0x00000000c2700000|100%| O|  |TAMS 0x00000000c2700000, 0x00000000c2600000| Untracked 
|  15|0x00000000c2700000, 0x00000000c2800000, 0x00000000c2800000|100%| O|  |TAMS 0x00000000c2800000, 0x00000000c2700000| Untracked 
|  16|0x00000000c2800000, 0x00000000c2900000, 0x00000000c2900000|100%| O|  |TAMS 0x00000000c2900000, 0x00000000c2800000| Untracked 
|  17|0x00000000c2900000, 0x00000000c2a00000, 0x00000000c2a00000|100%| O|  |TAMS 0x00000000c2a00000, 0x00000000c2900000| Untracked 
|  18|0x00000000c2a00000, 0x00000000c2b00000, 0x00000000c2b00000|100%| O|  |TAMS 0x00000000c2b00000, 0x00000000c2a00000| Untracked 
|  19|0x00000000c2b00000, 0x00000000c2c00000, 0x00000000c2c00000|100%| O|  |TAMS 0x00000000c2c00000, 0x00000000c2b00000| Untracked 
|  20|0x00000000c2c00000, 0x00000000c2d00000, 0x00000000c2d00000|100%| O|  |TAMS 0x00000000c2d00000, 0x00000000c2c00000| Untracked 
|  21|0x00000000c2d00000, 0x00000000c2e00000, 0x00000000c2e00000|100%| O|  |TAMS 0x00000000c2e00000, 0x00000000c2d00000| Untracked 
|  22|0x00000000c2e00000, 0x00000000c2f00000, 0x00000000c2f00000|100%| O|  |TAMS 0x00000000c2f00000, 0x00000000c2e00000| Untracked 
|  23|0x00000000c2f00000, 0x00000000c3000000, 0x00000000c3000000|100%| O|  |TAMS 0x00000000c3000000, 0x00000000c2f00000| Untracked 
|  24|0x00000000c3000000, 0x00000000c3100000, 0x00000000c3100000|100%| O|  |TAMS 0x00000000c3100000, 0x00000000c3000000| Untracked 
|  25|0x00000000c3100000, 0x00000000c3200000, 0x00000000c3200000|100%| O|  |TAMS 0x00000000c3200000, 0x00000000c3100000| Untracked 
|  26|0x00000000c3200000, 0x00000000c3300000, 0x00000000c3300000|100%| O|  |TAMS 0x00000000c3300000, 0x00000000c3200000| Untracked 
|  27|0x00000000c3300000, 0x00000000c3400000, 0x00000000c3400000|100%| O|  |TAMS 0x00000000c3400000, 0x00000000c3300000| Untracked 
|  28|0x00000000c3400000, 0x00000000c3500000, 0x00000000c3500000|100%| O|  |TAMS 0x00000000c3500000, 0x00000000c3400000| Untracked 
|  29|0x00000000c3500000, 0x00000000c3600000, 0x00000000c3600000|100%| O|  |TAMS 0x00000000c3600000, 0x00000000c3500000| Untracked 
|  30|0x00000000c3600000, 0x00000000c3700000, 0x00000000c3700000|100%| O|  |TAMS 0x00000000c3700000, 0x00000000c3600000| Untracked 
|  31|0x00000000c3700000, 0x00000000c3800000, 0x00000000c3800000|100%| O|  |TAMS 0x00000000c3800000, 0x00000000c3700000| Untracked 
|  32|0x00000000c3800000, 0x00000000c3900000, 0x00000000c3900000|100%| O|  |TAMS 0x00000000c3900000, 0x00000000c3800000| Untracked 
|  33|0x00000000c3900000, 0x00000000c3a00000, 0x00000000c3a00000|100%| O|  |TAMS 0x00000000c3a00000, 0x00000000c3900000| Untracked 
|  34|0x00000000c3a00000, 0x00000000c3b00000, 0x00000000c3b00000|100%| O|  |TAMS 0x00000000c3a00000, 0x00000000c3a00000| Untracked 
|  35|0x00000000c3b00000, 0x00000000c3c00000, 0x00000000c3c00000|100%| O|  |TAMS 0x00000000c3c00000, 0x00000000c3b00000| Untracked 
|  36|0x00000000c3c00000, 0x00000000c3d00000, 0x00000000c3d00000|100%| O|  |TAMS 0x00000000c3d00000, 0x00000000c3c00000| Untracked 
|  37|0x00000000c3d00000, 0x00000000c3e00000, 0x00000000c3e00000|100%| O|  |TAMS 0x00000000c3e00000, 0x00000000c3d00000| Untracked 
|  38|0x00000000c3e00000, 0x00000000c3f00000, 0x00000000c3f00000|100%| O|  |TAMS 0x00000000c3f00000, 0x00000000c3e00000| Untracked 
|  39|0x00000000c3f00000, 0x00000000c4000000, 0x00000000c4000000|100%| O|  |TAMS 0x00000000c4000000, 0x00000000c3f00000| Untracked 
|  40|0x00000000c4000000, 0x00000000c4100000, 0x00000000c4100000|100%| O|  |TAMS 0x00000000c409a200, 0x00000000c4000000| Untracked 
|  41|0x00000000c4100000, 0x00000000c4200000, 0x00000000c4200000|100%| O|  |TAMS 0x00000000c4100000, 0x00000000c4100000| Untracked 
|  42|0x00000000c4200000, 0x00000000c4300000, 0x00000000c4300000|100%| O|  |TAMS 0x00000000c4200000, 0x00000000c4200000| Untracked 
|  43|0x00000000c4300000, 0x00000000c43a0800, 0x00000000c4400000| 62%| O|  |TAMS 0x00000000c4300000, 0x00000000c4300000| Untracked 
|  44|0x00000000c4400000, 0x00000000c4500000, 0x00000000c4500000|100%|HS|  |TAMS 0x00000000c4400000, 0x00000000c4400000| Complete 
|  45|0x00000000c4500000, 0x00000000c4600000, 0x00000000c4600000|100%|HS|  |TAMS 0x00000000c4500000, 0x00000000c4500000| Complete 
|  46|0x00000000c4600000, 0x00000000c4700000, 0x00000000c4700000|100%| O|  |TAMS 0x00000000c4600000, 0x00000000c4600000| Untracked 
|  47|0x00000000c4700000, 0x00000000c4800000, 0x00000000c4800000|100%| O|  |TAMS 0x00000000c4700000, 0x00000000c4700000| Untracked 
|  48|0x00000000c4800000, 0x00000000c4900000, 0x00000000c4900000|100%| O|  |TAMS 0x00000000c4800000, 0x00000000c4800000| Untracked 
|  49|0x00000000c4900000, 0x00000000c4a00000, 0x00000000c4a00000|100%| O|  |TAMS 0x00000000c4900000, 0x00000000c4900000| Untracked 
|  50|0x00000000c4a00000, 0x00000000c4b00000, 0x00000000c4b00000|100%| O|  |TAMS 0x00000000c4a00000, 0x00000000c4a00000| Untracked 
|  51|0x00000000c4b00000, 0x00000000c4c00000, 0x00000000c4c00000|100%| O|  |TAMS 0x00000000c4b00000, 0x00000000c4b00000| Untracked 
|  52|0x00000000c4c00000, 0x00000000c4d00000, 0x00000000c4d00000|100%| O|  |TAMS 0x00000000c4c00000, 0x00000000c4c00000| Untracked 
|  53|0x00000000c4d00000, 0x00000000c4e00000, 0x00000000c4e00000|100%| O|  |TAMS 0x00000000c4d00000, 0x00000000c4d00000| Untracked 
|  54|0x00000000c4e00000, 0x00000000c4f00000, 0x00000000c4f00000|100%| O|  |TAMS 0x00000000c4e00000, 0x00000000c4e00000| Untracked 
|  55|0x00000000c4f00000, 0x00000000c5000000, 0x00000000c5000000|100%| O|  |TAMS 0x00000000c4f00000, 0x00000000c4f00000| Untracked 
|  56|0x00000000c5000000, 0x00000000c5100000, 0x00000000c5100000|100%| O|  |TAMS 0x00000000c5000000, 0x00000000c5000000| Untracked 
|  57|0x00000000c5100000, 0x00000000c5200000, 0x00000000c5200000|100%| O|  |TAMS 0x00000000c5100000, 0x00000000c5100000| Untracked 
|  58|0x00000000c5200000, 0x00000000c5300000, 0x00000000c5300000|100%| O|  |TAMS 0x00000000c5200000, 0x00000000c5200000| Untracked 
|  59|0x00000000c5300000, 0x00000000c5400000, 0x00000000c5400000|100%| O|  |TAMS 0x00000000c5300000, 0x00000000c5300000| Untracked 
|  60|0x00000000c5400000, 0x00000000c5500000, 0x00000000c5500000|100%| O|  |TAMS 0x00000000c5400000, 0x00000000c5400000| Untracked 
|  61|0x00000000c5500000, 0x00000000c5600000, 0x00000000c5600000|100%| O|  |TAMS 0x00000000c5500000, 0x00000000c5500000| Untracked 
|  62|0x00000000c5600000, 0x00000000c5700000, 0x00000000c5700000|100%| O|  |TAMS 0x00000000c5600000, 0x00000000c5600000| Untracked 
|  63|0x00000000c5700000, 0x00000000c5800000, 0x00000000c5800000|100%| O|  |TAMS 0x00000000c5700000, 0x00000000c5700000| Untracked 
|  64|0x00000000c5800000, 0x00000000c5900000, 0x00000000c5900000|100%| O|  |TAMS 0x00000000c5800000, 0x00000000c5800000| Untracked 
|  65|0x00000000c5900000, 0x00000000c5a00000, 0x00000000c5a00000|100%| O|  |TAMS 0x00000000c5900000, 0x00000000c5900000| Untracked 
|  66|0x00000000c5a00000, 0x00000000c5b00000, 0x00000000c5b00000|100%| O|  |TAMS 0x00000000c5a00000, 0x00000000c5a00000| Untracked 
|  67|0x00000000c5b00000, 0x00000000c5c00000, 0x00000000c5c00000|100%| O|  |TAMS 0x00000000c5b00000, 0x00000000c5b00000| Untracked 
|  68|0x00000000c5c00000, 0x00000000c5d00000, 0x00000000c5d00000|100%| O|  |TAMS 0x00000000c5c00000, 0x00000000c5c00000| Untracked 
|  69|0x00000000c5d00000, 0x00000000c5e00000, 0x00000000c5e00000|100%| O|  |TAMS 0x00000000c5d00000, 0x00000000c5d00000| Untracked 
|  70|0x00000000c5e00000, 0x00000000c5f00000, 0x00000000c5f00000|100%| O|  |TAMS 0x00000000c5e00000, 0x00000000c5e00000| Untracked 
|  71|0x00000000c5f00000, 0x00000000c6000000, 0x00000000c6000000|100%| O|  |TAMS 0x00000000c5f00000, 0x00000000c5f00000| Untracked 
|  72|0x00000000c6000000, 0x00000000c6100000, 0x00000000c6100000|100%| O|  |TAMS 0x00000000c6000000, 0x00000000c6000000| Untracked 
|  73|0x00000000c6100000, 0x00000000c6200000, 0x00000000c6200000|100%| O|  |TAMS 0x00000000c6100000, 0x00000000c6100000| Untracked 
|  74|0x00000000c6200000, 0x00000000c62d6400, 0x00000000c6300000| 83%| O|  |TAMS 0x00000000c6200000, 0x00000000c6200000| Untracked 
|  75|0x00000000c6300000, 0x00000000c6300000, 0x00000000c6400000|  0%| F|  |TAMS 0x00000000c6300000, 0x00000000c6300000| Untracked 
|  76|0x00000000c6400000, 0x00000000c6400000, 0x00000000c6500000|  0%| F|  |TAMS 0x00000000c6400000, 0x00000000c6400000| Untracked 
|  77|0x00000000c6500000, 0x00000000c6500000, 0x00000000c6600000|  0%| F|  |TAMS 0x00000000c6500000, 0x00000000c6500000| Untracked 
|  78|0x00000000c6600000, 0x00000000c6600000, 0x00000000c6700000|  0%| F|  |TAMS 0x00000000c6600000, 0x00000000c6600000| Untracked 
|  79|0x00000000c6700000, 0x00000000c6700000, 0x00000000c6800000|  0%| F|  |TAMS 0x00000000c6700000, 0x00000000c6700000| Untracked 
|  80|0x00000000c6800000, 0x00000000c6800000, 0x00000000c6900000|  0%| F|  |TAMS 0x00000000c6800000, 0x00000000c6800000| Untracked 
|  81|0x00000000c6900000, 0x00000000c6900000, 0x00000000c6a00000|  0%| F|  |TAMS 0x00000000c6900000, 0x00000000c6900000| Untracked 
|  82|0x00000000c6a00000, 0x00000000c6a00000, 0x00000000c6b00000|  0%| F|  |TAMS 0x00000000c6a00000, 0x00000000c6a00000| Untracked 
|  83|0x00000000c6b00000, 0x00000000c6b00000, 0x00000000c6c00000|  0%| F|  |TAMS 0x00000000c6b00000, 0x00000000c6b00000| Untracked 
|  84|0x00000000c6c00000, 0x00000000c6c00000, 0x00000000c6d00000|  0%| F|  |TAMS 0x00000000c6c00000, 0x00000000c6c00000| Untracked 
|  85|0x00000000c6d00000, 0x00000000c6d00000, 0x00000000c6e00000|  0%| F|  |TAMS 0x00000000c6d00000, 0x00000000c6d00000| Untracked 
|  86|0x00000000c6e00000, 0x00000000c6e00000, 0x00000000c6f00000|  0%| F|  |TAMS 0x00000000c6e00000, 0x00000000c6e00000| Untracked 
|  87|0x00000000c6f00000, 0x00000000c6f00000, 0x00000000c7000000|  0%| F|  |TAMS 0x00000000c6f00000, 0x00000000c6f00000| Untracked 
|  88|0x00000000c7000000, 0x00000000c7000000, 0x00000000c7100000|  0%| F|  |TAMS 0x00000000c7000000, 0x00000000c7000000| Untracked 
|  89|0x00000000c7100000, 0x00000000c7100000, 0x00000000c7200000|  0%| F|  |TAMS 0x00000000c7100000, 0x00000000c7100000| Untracked 
|  90|0x00000000c7200000, 0x00000000c7200000, 0x00000000c7300000|  0%| F|  |TAMS 0x00000000c7200000, 0x00000000c7200000| Untracked 
|  91|0x00000000c7300000, 0x00000000c7300000, 0x00000000c7400000|  0%| F|  |TAMS 0x00000000c7300000, 0x00000000c7300000| Untracked 
|  92|0x00000000c7400000, 0x00000000c7400000, 0x00000000c7500000|  0%| F|  |TAMS 0x00000000c7400000, 0x00000000c7400000| Untracked 
|  93|0x00000000c7500000, 0x00000000c7500000, 0x00000000c7600000|  0%| F|  |TAMS 0x00000000c7500000, 0x00000000c7500000| Untracked 
|  94|0x00000000c7600000, 0x00000000c7600000, 0x00000000c7700000|  0%| F|  |TAMS 0x00000000c7600000, 0x00000000c7600000| Untracked 
|  95|0x00000000c7700000, 0x00000000c7700000, 0x00000000c7800000|  0%| F|  |TAMS 0x00000000c7700000, 0x00000000c7700000| Untracked 
|  96|0x00000000c7800000, 0x00000000c7800000, 0x00000000c7900000|  0%| F|  |TAMS 0x00000000c7800000, 0x00000000c7800000| Untracked 
|  97|0x00000000c7900000, 0x00000000c7900000, 0x00000000c7a00000|  0%| F|  |TAMS 0x00000000c7900000, 0x00000000c7900000| Untracked 
|  98|0x00000000c7a00000, 0x00000000c7aaa120, 0x00000000c7b00000| 66%| S|CS|TAMS 0x00000000c7a00000, 0x00000000c7a00000| Complete 
|  99|0x00000000c7b00000, 0x00000000c7c00000, 0x00000000c7c00000|100%| S|CS|TAMS 0x00000000c7b00000, 0x00000000c7b00000| Complete 
| 100|0x00000000c7c00000, 0x00000000c7c00000, 0x00000000c7d00000|  0%| F|  |TAMS 0x00000000c7c00000, 0x00000000c7c00000| Untracked 
| 101|0x00000000c7d00000, 0x00000000c7e00000, 0x00000000c7e00000|100%| S|CS|TAMS 0x00000000c7d00000, 0x00000000c7d00000| Complete 
| 102|0x00000000c7e00000, 0x00000000c7e00000, 0x00000000c7f00000|  0%| F|  |TAMS 0x00000000c7e00000, 0x00000000c7e00000| Untracked 
| 103|0x00000000c7f00000, 0x00000000c7f00000, 0x00000000c8000000|  0%| F|  |TAMS 0x00000000c7f00000, 0x00000000c7f00000| Untracked 
| 104|0x00000000c8000000, 0x00000000c8000000, 0x00000000c8100000|  0%| F|  |TAMS 0x00000000c8000000, 0x00000000c8000000| Untracked 
| 105|0x00000000c8100000, 0x00000000c8100000, 0x00000000c8200000|  0%| F|  |TAMS 0x00000000c8100000, 0x00000000c8100000| Untracked 
| 106|0x00000000c8200000, 0x00000000c8200000, 0x00000000c8300000|  0%| F|  |TAMS 0x00000000c8200000, 0x00000000c8200000| Untracked 
| 107|0x00000000c8300000, 0x00000000c8300000, 0x00000000c8400000|  0%| F|  |TAMS 0x00000000c8300000, 0x00000000c8300000| Untracked 
| 108|0x00000000c8400000, 0x00000000c8400000, 0x00000000c8500000|  0%| F|  |TAMS 0x00000000c8400000, 0x00000000c8400000| Untracked 
| 109|0x00000000c8500000, 0x00000000c8600000, 0x00000000c8600000|100%| S|CS|TAMS 0x00000000c8500000, 0x00000000c8500000| Complete 
| 110|0x00000000c8600000, 0x00000000c8700000, 0x00000000c8700000|100%| S|CS|TAMS 0x00000000c8600000, 0x00000000c8600000| Complete 
| 111|0x00000000c8700000, 0x00000000c8800000, 0x00000000c8800000|100%| S|CS|TAMS 0x00000000c8700000, 0x00000000c8700000| Complete 
| 112|0x00000000c8800000, 0x00000000c8900000, 0x00000000c8900000|100%| S|CS|TAMS 0x00000000c8800000, 0x00000000c8800000| Complete 
| 113|0x00000000c8900000, 0x00000000c8900000, 0x00000000c8a00000|  0%| F|  |TAMS 0x00000000c8900000, 0x00000000c8900000| Untracked 
| 114|0x00000000c8a00000, 0x00000000c8a00000, 0x00000000c8b00000|  0%| F|  |TAMS 0x00000000c8a00000, 0x00000000c8a00000| Untracked 
| 115|0x00000000c8b00000, 0x00000000c8b00000, 0x00000000c8c00000|  0%| F|  |TAMS 0x00000000c8b00000, 0x00000000c8b00000| Untracked 
| 116|0x00000000c8c00000, 0x00000000c8c00000, 0x00000000c8d00000|  0%| F|  |TAMS 0x00000000c8c00000, 0x00000000c8c00000| Untracked 
| 117|0x00000000c8d00000, 0x00000000c8d00000, 0x00000000c8e00000|  0%| F|  |TAMS 0x00000000c8d00000, 0x00000000c8d00000| Untracked 
| 118|0x00000000c8e00000, 0x00000000c8e00000, 0x00000000c8f00000|  0%| F|  |TAMS 0x00000000c8e00000, 0x00000000c8e00000| Untracked 
| 119|0x00000000c8f00000, 0x00000000c8f00000, 0x00000000c9000000|  0%| F|  |TAMS 0x00000000c8f00000, 0x00000000c8f00000| Untracked 
| 120|0x00000000c9000000, 0x00000000c9000000, 0x00000000c9100000|  0%| F|  |TAMS 0x00000000c9000000, 0x00000000c9000000| Untracked 
| 121|0x00000000c9100000, 0x00000000c9100000, 0x00000000c9200000|  0%| F|  |TAMS 0x00000000c9100000, 0x00000000c9100000| Untracked 
| 122|0x00000000c9200000, 0x00000000c9200000, 0x00000000c9300000|  0%| F|  |TAMS 0x00000000c9200000, 0x00000000c9200000| Untracked 
| 123|0x00000000c9300000, 0x00000000c9300000, 0x00000000c9400000|  0%| F|  |TAMS 0x00000000c9300000, 0x00000000c9300000| Untracked 
| 124|0x00000000c9400000, 0x00000000c9400000, 0x00000000c9500000|  0%| F|  |TAMS 0x00000000c9400000, 0x00000000c9400000| Untracked 
| 125|0x00000000c9500000, 0x00000000c9500000, 0x00000000c9600000|  0%| F|  |TAMS 0x00000000c9500000, 0x00000000c9500000| Untracked 
| 126|0x00000000c9600000, 0x00000000c9600000, 0x00000000c9700000|  0%| F|  |TAMS 0x00000000c9600000, 0x00000000c9600000| Untracked 
| 127|0x00000000c9700000, 0x00000000c9700000, 0x00000000c9800000|  0%| F|  |TAMS 0x00000000c9700000, 0x00000000c9700000| Untracked 
| 128|0x00000000c9800000, 0x00000000c9800000, 0x00000000c9900000|  0%| F|  |TAMS 0x00000000c9800000, 0x00000000c9800000| Untracked 
| 129|0x00000000c9900000, 0x00000000c9900000, 0x00000000c9a00000|  0%| F|  |TAMS 0x00000000c9900000, 0x00000000c9900000| Untracked 
| 130|0x00000000c9a00000, 0x00000000c9a00000, 0x00000000c9b00000|  0%| F|  |TAMS 0x00000000c9a00000, 0x00000000c9a00000| Untracked 
| 131|0x00000000c9b00000, 0x00000000c9b00000, 0x00000000c9c00000|  0%| F|  |TAMS 0x00000000c9b00000, 0x00000000c9b00000| Untracked 
| 132|0x00000000c9c00000, 0x00000000c9c00000, 0x00000000c9d00000|  0%| F|  |TAMS 0x00000000c9c00000, 0x00000000c9c00000| Untracked 
| 133|0x00000000c9d00000, 0x00000000c9d00000, 0x00000000c9e00000|  0%| F|  |TAMS 0x00000000c9d00000, 0x00000000c9d00000| Untracked 
| 134|0x00000000c9e00000, 0x00000000c9e00000, 0x00000000c9f00000|  0%| F|  |TAMS 0x00000000c9e00000, 0x00000000c9e00000| Untracked 
| 135|0x00000000c9f00000, 0x00000000c9f00000, 0x00000000ca000000|  0%| F|  |TAMS 0x00000000c9f00000, 0x00000000c9f00000| Untracked 
| 136|0x00000000ca000000, 0x00000000ca000000, 0x00000000ca100000|  0%| F|  |TAMS 0x00000000ca000000, 0x00000000ca000000| Untracked 
| 137|0x00000000ca100000, 0x00000000ca100000, 0x00000000ca200000|  0%| F|  |TAMS 0x00000000ca100000, 0x00000000ca100000| Untracked 
| 138|0x00000000ca200000, 0x00000000ca200000, 0x00000000ca300000|  0%| F|  |TAMS 0x00000000ca200000, 0x00000000ca200000| Untracked 
| 139|0x00000000ca300000, 0x00000000ca300000, 0x00000000ca400000|  0%| F|  |TAMS 0x00000000ca300000, 0x00000000ca300000| Untracked 
| 140|0x00000000ca400000, 0x00000000ca400000, 0x00000000ca500000|  0%| F|  |TAMS 0x00000000ca400000, 0x00000000ca400000| Untracked 
| 141|0x00000000ca500000, 0x00000000ca500000, 0x00000000ca600000|  0%| F|  |TAMS 0x00000000ca500000, 0x00000000ca500000| Untracked 
| 142|0x00000000ca600000, 0x00000000ca600000, 0x00000000ca700000|  0%| F|  |TAMS 0x00000000ca600000, 0x00000000ca600000| Untracked 
| 143|0x00000000ca700000, 0x00000000ca700000, 0x00000000ca800000|  0%| F|  |TAMS 0x00000000ca700000, 0x00000000ca700000| Untracked 
| 144|0x00000000ca800000, 0x00000000ca800000, 0x00000000ca900000|  0%| F|  |TAMS 0x00000000ca800000, 0x00000000ca800000| Untracked 
| 145|0x00000000ca900000, 0x00000000ca900000, 0x00000000caa00000|  0%| F|  |TAMS 0x00000000ca900000, 0x00000000ca900000| Untracked 
| 146|0x00000000caa00000, 0x00000000caa00000, 0x00000000cab00000|  0%| F|  |TAMS 0x00000000caa00000, 0x00000000caa00000| Untracked 
| 147|0x00000000cab00000, 0x00000000cab00000, 0x00000000cac00000|  0%| F|  |TAMS 0x00000000cab00000, 0x00000000cab00000| Untracked 
| 148|0x00000000cac00000, 0x00000000cac00000, 0x00000000cad00000|  0%| F|  |TAMS 0x00000000cac00000, 0x00000000cac00000| Untracked 
| 149|0x00000000cad00000, 0x00000000cad00000, 0x00000000cae00000|  0%| F|  |TAMS 0x00000000cad00000, 0x00000000cad00000| Untracked 
| 150|0x00000000cae00000, 0x00000000cae00000, 0x00000000caf00000|  0%| F|  |TAMS 0x00000000cae00000, 0x00000000cae00000| Untracked 
| 151|0x00000000caf00000, 0x00000000caf00000, 0x00000000cb000000|  0%| F|  |TAMS 0x00000000caf00000, 0x00000000caf00000| Untracked 
| 152|0x00000000cb000000, 0x00000000cb000000, 0x00000000cb100000|  0%| F|  |TAMS 0x00000000cb000000, 0x00000000cb000000| Untracked 
| 153|0x00000000cb100000, 0x00000000cb100000, 0x00000000cb200000|  0%| F|  |TAMS 0x00000000cb100000, 0x00000000cb100000| Untracked 
| 154|0x00000000cb200000, 0x00000000cb200000, 0x00000000cb300000|  0%| F|  |TAMS 0x00000000cb200000, 0x00000000cb200000| Untracked 
| 155|0x00000000cb300000, 0x00000000cb300000, 0x00000000cb400000|  0%| F|  |TAMS 0x00000000cb300000, 0x00000000cb300000| Untracked 
| 156|0x00000000cb400000, 0x00000000cb400000, 0x00000000cb500000|  0%| F|  |TAMS 0x00000000cb400000, 0x00000000cb400000| Untracked 
| 157|0x00000000cb500000, 0x00000000cb500000, 0x00000000cb600000|  0%| F|  |TAMS 0x00000000cb500000, 0x00000000cb500000| Untracked 
| 158|0x00000000cb600000, 0x00000000cb600000, 0x00000000cb700000|  0%| F|  |TAMS 0x00000000cb600000, 0x00000000cb600000| Untracked 
| 159|0x00000000cb700000, 0x00000000cb700000, 0x00000000cb800000|  0%| F|  |TAMS 0x00000000cb700000, 0x00000000cb700000| Untracked 
| 160|0x00000000cb800000, 0x00000000cb800000, 0x00000000cb900000|  0%| F|  |TAMS 0x00000000cb800000, 0x00000000cb800000| Untracked 
| 161|0x00000000cb900000, 0x00000000cb900000, 0x00000000cba00000|  0%| F|  |TAMS 0x00000000cb900000, 0x00000000cb900000| Untracked 
| 162|0x00000000cba00000, 0x00000000cba00000, 0x00000000cbb00000|  0%| F|  |TAMS 0x00000000cba00000, 0x00000000cba00000| Untracked 
| 163|0x00000000cbb00000, 0x00000000cbb00000, 0x00000000cbc00000|  0%| F|  |TAMS 0x00000000cbb00000, 0x00000000cbb00000| Untracked 
| 164|0x00000000cbc00000, 0x00000000cbc00000, 0x00000000cbd00000|  0%| F|  |TAMS 0x00000000cbc00000, 0x00000000cbc00000| Untracked 
| 165|0x00000000cbd00000, 0x00000000cbd00000, 0x00000000cbe00000|  0%| F|  |TAMS 0x00000000cbd00000, 0x00000000cbd00000| Untracked 
| 166|0x00000000cbe00000, 0x00000000cbe00000, 0x00000000cbf00000|  0%| F|  |TAMS 0x00000000cbe00000, 0x00000000cbe00000| Untracked 
| 167|0x00000000cbf00000, 0x00000000cbf00000, 0x00000000cc000000|  0%| F|  |TAMS 0x00000000cbf00000, 0x00000000cbf00000| Untracked 
| 168|0x00000000cc000000, 0x00000000cc000000, 0x00000000cc100000|  0%| F|  |TAMS 0x00000000cc000000, 0x00000000cc000000| Untracked 
| 169|0x00000000cc100000, 0x00000000cc100000, 0x00000000cc200000|  0%| F|  |TAMS 0x00000000cc100000, 0x00000000cc100000| Untracked 
| 170|0x00000000cc200000, 0x00000000cc200000, 0x00000000cc300000|  0%| F|  |TAMS 0x00000000cc200000, 0x00000000cc200000| Untracked 
| 171|0x00000000cc300000, 0x00000000cc300000, 0x00000000cc400000|  0%| F|  |TAMS 0x00000000cc300000, 0x00000000cc300000| Untracked 
| 172|0x00000000cc400000, 0x00000000cc400000, 0x00000000cc500000|  0%| F|  |TAMS 0x00000000cc400000, 0x00000000cc400000| Untracked 
| 173|0x00000000cc500000, 0x00000000cc500000, 0x00000000cc600000|  0%| F|  |TAMS 0x00000000cc500000, 0x00000000cc500000| Untracked 
| 174|0x00000000cc600000, 0x00000000cc600000, 0x00000000cc700000|  0%| F|  |TAMS 0x00000000cc600000, 0x00000000cc600000| Untracked 
| 175|0x00000000cc700000, 0x00000000cc700000, 0x00000000cc800000|  0%| F|  |TAMS 0x00000000cc700000, 0x00000000cc700000| Untracked 
| 176|0x00000000cc800000, 0x00000000cc800000, 0x00000000cc900000|  0%| F|  |TAMS 0x00000000cc800000, 0x00000000cc800000| Untracked 
| 177|0x00000000cc900000, 0x00000000cc900000, 0x00000000cca00000|  0%| F|  |TAMS 0x00000000cc900000, 0x00000000cc900000| Untracked 
| 178|0x00000000cca00000, 0x00000000cca00000, 0x00000000ccb00000|  0%| F|  |TAMS 0x00000000cca00000, 0x00000000cca00000| Untracked 
| 179|0x00000000ccb00000, 0x00000000ccb00000, 0x00000000ccc00000|  0%| F|  |TAMS 0x00000000ccb00000, 0x00000000ccb00000| Untracked 
| 180|0x00000000ccc00000, 0x00000000ccc00000, 0x00000000ccd00000|  0%| F|  |TAMS 0x00000000ccc00000, 0x00000000ccc00000| Untracked 
| 181|0x00000000ccd00000, 0x00000000ccd00000, 0x00000000cce00000|  0%| F|  |TAMS 0x00000000ccd00000, 0x00000000ccd00000| Untracked 
| 182|0x00000000cce00000, 0x00000000cce00000, 0x00000000ccf00000|  0%| F|  |TAMS 0x00000000cce00000, 0x00000000cce00000| Untracked 
| 183|0x00000000ccf00000, 0x00000000ccf00000, 0x00000000cd000000|  0%| F|  |TAMS 0x00000000ccf00000, 0x00000000ccf00000| Untracked 
| 184|0x00000000cd000000, 0x00000000cd000000, 0x00000000cd100000|  0%| F|  |TAMS 0x00000000cd000000, 0x00000000cd000000| Untracked 
| 185|0x00000000cd100000, 0x00000000cd100000, 0x00000000cd200000|  0%| F|  |TAMS 0x00000000cd100000, 0x00000000cd100000| Untracked 
| 186|0x00000000cd200000, 0x00000000cd200000, 0x00000000cd300000|  0%| F|  |TAMS 0x00000000cd200000, 0x00000000cd200000| Untracked 
| 187|0x00000000cd300000, 0x00000000cd300000, 0x00000000cd400000|  0%| F|  |TAMS 0x00000000cd300000, 0x00000000cd300000| Untracked 
| 188|0x00000000cd400000, 0x00000000cd400000, 0x00000000cd500000|  0%| F|  |TAMS 0x00000000cd400000, 0x00000000cd400000| Untracked 
| 189|0x00000000cd500000, 0x00000000cd500000, 0x00000000cd600000|  0%| F|  |TAMS 0x00000000cd500000, 0x00000000cd500000| Untracked 
| 190|0x00000000cd600000, 0x00000000cd600000, 0x00000000cd700000|  0%| F|  |TAMS 0x00000000cd600000, 0x00000000cd600000| Untracked 
| 191|0x00000000cd700000, 0x00000000cd700000, 0x00000000cd800000|  0%| F|  |TAMS 0x00000000cd700000, 0x00000000cd700000| Untracked 
| 192|0x00000000cd800000, 0x00000000cd800000, 0x00000000cd900000|  0%| F|  |TAMS 0x00000000cd800000, 0x00000000cd800000| Untracked 

Card table byte_map: [0x0000026f7f2d0000,0x0000026f7f4d0000] _byte_map_base: 0x0000026f7ecc4000

Marking Bits (Prev, Next): (CMBitMap*) 0x0000026f7a822370, (CMBitMap*) 0x0000026f7a8223b0
 Prev Bits: [0x0000026f03000000, 0x0000026f03fa0000)
 Next Bits: [0x0000026f03fa0000, 0x0000026f04f40000)

Polling page: 0x0000026f7a5d0000

Metaspace:

Usage:
  Non-class:     31.92 MB used.
      Class:      4.68 MB used.
       Both:     36.59 MB used.

Virtual space:
  Non-class space:       40.00 MB reserved,      32.06 MB ( 80%) committed,  5 nodes.
      Class space:        1.00 GB reserved,       4.81 MB ( <1%) committed,  1 nodes.
             Both:        1.04 GB reserved,      36.88 MB (  3%) committed. 

Chunk freelists:
   Non-Class:  3.81 MB
       Class:  3.14 MB
        Both:  6.95 MB

MaxMetaspaceSize: unlimited
CompressedClassSpaceSize: 1.00 GB
Initial GC threshold: 21.00 MB
Current GC threshold: 59.50 MB
CDS: off
MetaspaceReclaimPolicy: balanced
 - commit_granule_bytes: 65536.
 - commit_granule_words: 8192.
 - virtual_space_node_default_size: 1048576.
 - enlarge_chunks_in_place: 1.
 - new_chunks_are_fully_committed: 0.
 - uncommit_free_chunks: 1.
 - use_allocation_guard: 0.
 - handle_deallocations: 1.


Internal statistics:

num_allocs_failed_limit: 6.
num_arena_births: 342.
num_arena_deaths: 0.
num_vsnodes_births: 6.
num_vsnodes_deaths: 0.
num_space_committed: 590.
num_space_uncommitted: 0.
num_chunks_returned_to_freelist: 6.
num_chunks_taken_from_freelist: 1423.
num_chunk_merges: 6.
num_chunk_splits: 973.
num_chunks_enlarged: 772.
num_purges: 0.
num_inconsistent_stats: 0.

CodeCache: size=49152Kb used=7437Kb max_used=8552Kb free=41714Kb
 bounds [0x0000026f00000000, 0x0000026f00860000, 0x0000026f03000000]
 total_blobs=4225 nmethods=3701 adapters=451
 compilation: enabled
              stopped_count=0, restarted_count=0
 full_count=0

Compilation events (20 events):
Event: 22.632 Thread 0x0000026f0979fec0 3692  s!   1       jdk.internal.loader.URLClassPath::getLoader (196 bytes)
Event: 22.635 Thread 0x0000026f0979fec0 nmethod 3692 0x0000026f00858690 code [0x0000026f00858940, 0x0000026f00859358]
Event: 23.224 Thread 0x0000026f7fd30a40 3693       1       jdk.internal.jimage.BasicImageReader::verifyLocation (39 bytes)
Event: 23.225 Thread 0x0000026f7fd30a40 nmethod 3693 0x0000026f00703510 code [0x0000026f007036c0, 0x0000026f00703848]
Event: 23.231 Thread 0x0000026f7fd30a40 3694       1       sun.security.util.BitArray::get (47 bytes)
Event: 23.232 Thread 0x0000026f7fd30a40 nmethod 3694 0x0000026f00702f90 code [0x0000026f00703140, 0x0000026f00703378]
Event: 23.234 Thread 0x0000026f7fd30a40 3695       1       sun.security.util.KnownOIDs::findMatch (57 bytes)
Event: 23.235 Thread 0x0000026f7fd30a40 nmethod 3695 0x0000026f00702b10 code [0x0000026f00702cc0, 0x0000026f00702e48]
Event: 23.243 Thread 0x0000026f7fd30a40 3696       1       sun.security.x509.SerialNumber::getNumber (5 bytes)
Event: 23.243 Thread 0x0000026f7fd30a40 nmethod 3696 0x0000026f00702810 code [0x0000026f007029a0, 0x0000026f00702a78]
Event: 23.244 Thread 0x0000026f7fd30a40 3697       1       sun.security.rsa.RSAPublicKeyImpl::getAlgorithm (8 bytes)
Event: 23.244 Thread 0x0000026f7fd30a40 nmethod 3697 0x0000026f00702510 code [0x0000026f007026a0, 0x0000026f00702778]
Event: 23.245 Thread 0x0000026f7fd30a40 3698       1       sun.security.util.SignatureFileVerifier::updateSigners (132 bytes)
Event: 23.247 Thread 0x0000026f7fd30a40 nmethod 3698 0x0000026f00701a10 code [0x0000026f00701c40, 0x0000026f007021b8]
Event: 23.250 Thread 0x0000026f7fd30a40 3699       1       java.lang.reflect.Field::acquireFieldAccessor (59 bytes)
Event: 23.251 Thread 0x0000026f7fd30a40 nmethod 3699 0x0000026f00701390 code [0x0000026f00701560, 0x0000026f007018d8]
Event: 23.251 Thread 0x0000026f7fd30a40 3700       1       java.lang.reflect.Field::getFieldAccessor (16 bytes)
Event: 23.252 Thread 0x0000026f7fd30a40 nmethod 3700 0x0000026f00701090 code [0x0000026f00701220, 0x0000026f00701318]
Event: 24.550 Thread 0x0000026f7fd30a40 3701       1       java.util.concurrent.locks.ReentrantLock$NonfairSync::tryAcquire (27 bytes)
Event: 24.551 Thread 0x0000026f7fd30a40 nmethod 3701 0x0000026f00700710 code [0x0000026f007008a0, 0x0000026f00700a18]

GC Heap History (20 events):
Event: 20.726 GC heap after
{Heap after GC invocations=18 (full 0):
 garbage-first heap   total 73728K, used 41063K [0x00000000c1800000, 0x0000000100000000)
  region size 1024K, 3 young (3072K), 3 survivors (3072K)
 Metaspace       used 36089K, committed 36416K, reserved 1081344K
  class space    used 4665K, committed 4800K, reserved 1048576K
}
Event: 20.738 GC heap before
{Heap before GC invocations=18 (full 0):
 garbage-first heap   total 73728K, used 42087K [0x00000000c1800000, 0x0000000100000000)
  region size 1024K, 4 young (4096K), 3 survivors (3072K)
 Metaspace       used 36089K, committed 36416K, reserved 1081344K
  class space    used 4665K, committed 4800K, reserved 1048576K
}
Event: 20.744 GC heap after
{Heap after GC invocations=19 (full 0):
 garbage-first heap   total 73728K, used 40956K [0x00000000c1800000, 0x0000000100000000)
  region size 1024K, 1 young (1024K), 1 survivors (1024K)
 Metaspace       used 36089K, committed 36416K, reserved 1081344K
  class space    used 4665K, committed 4800K, reserved 1048576K
}
Event: 20.853 GC heap before
{Heap before GC invocations=19 (full 0):
 garbage-first heap   total 73728K, used 56316K [0x00000000c1800000, 0x0000000100000000)
  region size 1024K, 16 young (16384K), 1 survivors (1024K)
 Metaspace       used 36146K, committed 36480K, reserved 1081344K
  class space    used 4668K, committed 4800K, reserved 1048576K
}
Event: 20.870 GC heap after
{Heap after GC invocations=20 (full 0):
 garbage-first heap   total 197632K, used 46558K [0x00000000c1800000, 0x0000000100000000)
  region size 1024K, 2 young (2048K), 2 survivors (2048K)
 Metaspace       used 36146K, committed 36480K, reserved 1081344K
  class space    used 4668K, committed 4800K, reserved 1048576K
}
Event: 22.712 GC heap before
{Heap before GC invocations=21 (full 0):
 garbage-first heap   total 181248K, used 136670K [0x00000000c1800000, 0x0000000100000000)
  region size 1024K, 89 young (91136K), 2 survivors (2048K)
 Metaspace       used 36949K, committed 37312K, reserved 1081344K
  class space    used 4756K, committed 4928K, reserved 1048576K
}
Event: 22.774 GC heap after
{Heap after GC invocations=22 (full 0):
 garbage-first heap   total 181248K, used 66842K [0x00000000c1800000, 0x0000000100000000)
  region size 1024K, 12 young (12288K), 12 survivors (12288K)
 Metaspace       used 36949K, committed 37312K, reserved 1081344K
  class space    used 4756K, committed 4928K, reserved 1048576K
}
Event: 22.789 GC heap before
{Heap before GC invocations=22 (full 0):
 garbage-first heap   total 181248K, used 66842K [0x00000000c1800000, 0x0000000100000000)
  region size 1024K, 13 young (13312K), 12 survivors (12288K)
 Metaspace       used 36949K, committed 37312K, reserved 1081344K
  class space    used 4756K, committed 4928K, reserved 1048576K
}
Event: 22.815 GC heap after
{Heap after GC invocations=23 (full 0):
 garbage-first heap   total 181248K, used 69025K [0x00000000c1800000, 0x0000000100000000)
  region size 1024K, 2 young (2048K), 2 survivors (2048K)
 Metaspace       used 36949K, committed 37312K, reserved 1081344K
  class space    used 4756K, committed 4928K, reserved 1048576K
}
Event: 23.332 GC heap before
{Heap before GC invocations=23 (full 0):
 garbage-first heap   total 181248K, used 125345K [0x00000000c1800000, 0x0000000100000000)
  region size 1024K, 58 young (59392K), 2 survivors (2048K)
 Metaspace       used 37120K, committed 37440K, reserved 1081344K
  class space    used 4768K, committed 4928K, reserved 1048576K
}
Event: 23.339 GC heap after
{Heap after GC invocations=24 (full 0):
 garbage-first heap   total 181248K, used 69501K [0x00000000c1800000, 0x0000000100000000)
  region size 1024K, 3 young (3072K), 3 survivors (3072K)
 Metaspace       used 37120K, committed 37440K, reserved 1081344K
  class space    used 4768K, committed 4928K, reserved 1048576K
}
Event: 23.698 GC heap before
{Heap before GC invocations=24 (full 0):
 garbage-first heap   total 181248K, used 127869K [0x00000000c1800000, 0x0000000100000000)
  region size 1024K, 61 young (62464K), 3 survivors (3072K)
 Metaspace       used 37159K, committed 37504K, reserved 1081344K
  class space    used 4772K, committed 4928K, reserved 1048576K
}
Event: 23.709 GC heap after
{Heap after GC invocations=25 (full 0):
 garbage-first heap   total 181248K, used 71780K [0x00000000c1800000, 0x0000000100000000)
  region size 1024K, 5 young (5120K), 5 survivors (5120K)
 Metaspace       used 37159K, committed 37504K, reserved 1081344K
  class space    used 4772K, committed 4928K, reserved 1048576K
}
Event: 23.994 GC heap before
{Heap before GC invocations=25 (full 0):
 garbage-first heap   total 181248K, used 134244K [0x00000000c1800000, 0x0000000100000000)
  region size 1024K, 67 young (68608K), 5 survivors (5120K)
 Metaspace       used 37169K, committed 37504K, reserved 1081344K
  class space    used 4772K, committed 4928K, reserved 1048576K
}
Event: 24.001 GC heap after
{Heap after GC invocations=26 (full 0):
 garbage-first heap   total 181248K, used 74544K [0x00000000c1800000, 0x0000000100000000)
  region size 1024K, 8 young (8192K), 8 survivors (8192K)
 Metaspace       used 37169K, committed 37504K, reserved 1081344K
  class space    used 4772K, committed 4928K, reserved 1048576K
}
Event: 24.507 GC heap before
{Heap before GC invocations=26 (full 0):
 garbage-first heap   total 181248K, used 138032K [0x00000000c1800000, 0x0000000100000000)
  region size 1024K, 71 young (72704K), 8 survivors (8192K)
 Metaspace       used 37369K, committed 37696K, reserved 1089536K
  class space    used 4783K, committed 4928K, reserved 1048576K
}
Event: 24.518 GC heap after
{Heap after GC invocations=27 (full 0):
 garbage-first heap   total 181248K, used 76613K [0x00000000c1800000, 0x0000000100000000)
  region size 1024K, 5 young (5120K), 5 survivors (5120K)
 Metaspace       used 37369K, committed 37696K, reserved 1089536K
  class space    used 4783K, committed 4928K, reserved 1048576K
}
Event: 24.622 GC heap before
{Heap before GC invocations=27 (full 0):
 garbage-first heap   total 181248K, used 141125K [0x00000000c1800000, 0x0000000100000000)
  region size 1024K, 69 young (70656K), 5 survivors (5120K)
 Metaspace       used 37415K, committed 37760K, reserved 1089536K
  class space    used 4785K, committed 4928K, reserved 1048576K
}
Event: 24.630 GC heap after
{Heap after GC invocations=28 (full 0):
 garbage-first heap   total 181248K, used 79483K [0x00000000c1800000, 0x0000000100000000)
  region size 1024K, 8 young (8192K), 8 survivors (8192K)
 Metaspace       used 37415K, committed 37760K, reserved 1089536K
  class space    used 4785K, committed 4928K, reserved 1048576K
}
Event: 24.704 GC heap before
{Heap before GC invocations=28 (full 0):
 garbage-first heap   total 181248K, used 143995K [0x00000000c1800000, 0x0000000100000000)
  region size 1024K, 72 young (73728K), 8 survivors (8192K)
 Metaspace       used 37472K, committed 37760K, reserved 1089536K
  class space    used 4787K, committed 4928K, reserved 1048576K
}

Deoptimization events (14 events):
Event: 0.797 Thread 0x0000026f7a7e57b0 DEOPT PACKING pc=0x0000026f0021855d sp=0x0000009f405fb220
Event: 0.797 Thread 0x0000026f7a7e57b0 DEOPT UNPACKING pc=0x0000026f00052b43 sp=0x0000009f405fa788 mode 3
Event: 3.067 Thread 0x0000026f7a7e57b0 DEOPT PACKING pc=0x0000026f004df019 sp=0x0000009f405fd2a0
Event: 3.067 Thread 0x0000026f7a7e57b0 DEOPT UNPACKING pc=0x0000026f00052b43 sp=0x0000009f405fc780 mode 3
Event: 15.158 Thread 0x0000026f7a7e57b0 DEOPT PACKING pc=0x0000026f00323619 sp=0x0000009f405fc600
Event: 15.158 Thread 0x0000026f7a7e57b0 DEOPT UNPACKING pc=0x0000026f00052b43 sp=0x0000009f405fbae8 mode 3
Event: 17.343 Thread 0x0000026f0953cc00 DEOPT PACKING pc=0x0000026f0016dab5 sp=0x0000009f41ffe700
Event: 17.343 Thread 0x0000026f0953cc00 DEOPT UNPACKING pc=0x0000026f00052b43 sp=0x0000009f41ffdc18 mode 3
Event: 17.711 Thread 0x0000026f0953cc00 DEOPT PACKING pc=0x0000026f0014d2ab sp=0x0000009f41ffe700
Event: 17.711 Thread 0x0000026f0953cc00 DEOPT UNPACKING pc=0x0000026f00052b43 sp=0x0000009f41ffdc48 mode 3
Event: 18.031 Thread 0x0000026f09893a00 DEOPT PACKING pc=0x0000026f004db801 sp=0x0000009f426ff0c0
Event: 18.031 Thread 0x0000026f09893a00 DEOPT UNPACKING pc=0x0000026f00052b43 sp=0x0000009f426fe550 mode 3
Event: 18.310 Thread 0x0000026f09893a00 DEOPT PACKING pc=0x0000026f004d7f17 sp=0x0000009f426fefe0
Event: 18.314 Thread 0x0000026f09893a00 DEOPT UNPACKING pc=0x0000026f00052b43 sp=0x0000009f426fe438 mode 3

Classes unloaded (0 events):
No events

Classes redefined (0 events):
No events

Internal exceptions (20 events):
Event: 17.787 Thread 0x0000026f0953b3f0 Exception <a 'sun/nio/fs/WindowsException'{0x00000000c3fbc448}> (0x00000000c3fbc448) 
thrown [s\src\hotspot\share\prims\jni.cpp, line 516]
Event: 17.787 Thread 0x0000026f0953b3f0 Exception <a 'sun/nio/fs/WindowsException'{0x00000000c3fbc868}> (0x00000000c3fbc868) 
thrown [s\src\hotspot\share\prims\jni.cpp, line 516]
Event: 17.787 Thread 0x0000026f0953b3f0 Exception <a 'sun/nio/fs/WindowsException'{0x00000000c3fbd300}> (0x00000000c3fbd300) 
thrown [s\src\hotspot\share\prims\jni.cpp, line 516]
Event: 17.788 Thread 0x0000026f0953b3f0 Exception <a 'sun/nio/fs/WindowsException'{0x00000000c3fbd750}> (0x00000000c3fbd750) 
thrown [s\src\hotspot\share\prims\jni.cpp, line 516]
Event: 17.788 Thread 0x0000026f0953b3f0 Exception <a 'sun/nio/fs/WindowsException'{0x00000000c3fbe1c0}> (0x00000000c3fbe1c0) 
thrown [s\src\hotspot\share\prims\jni.cpp, line 516]
Event: 17.788 Thread 0x0000026f0953b3f0 Exception <a 'sun/nio/fs/WindowsException'{0x00000000c3fbe5e0}> (0x00000000c3fbe5e0) 
thrown [s\src\hotspot\share\prims\jni.cpp, line 516]
Event: 17.788 Thread 0x0000026f0953b3f0 Exception <a 'sun/nio/fs/WindowsException'{0x00000000c3fbf028}> (0x00000000c3fbf028) 
thrown [s\src\hotspot\share\prims\jni.cpp, line 516]
Event: 17.788 Thread 0x0000026f0953b3f0 Exception <a 'sun/nio/fs/WindowsException'{0x00000000c3fbf418}> (0x00000000c3fbf418) 
thrown [s\src\hotspot\share\prims\jni.cpp, line 516]
Event: 17.789 Thread 0x0000026f0953b3f0 Exception <a 'sun/nio/fs/WindowsException'{0x00000000c3fbfe70}> (0x00000000c3fbfe70) 
thrown [s\src\hotspot\share\prims\jni.cpp, line 516]
Event: 17.789 Thread 0x0000026f0953b3f0 Exception <a 'sun/nio/fs/WindowsException'{0x00000000c3fc0280}> (0x00000000c3fc0280) 
thrown [s\src\hotspot\share\prims\jni.cpp, line 516]
Event: 17.789 Thread 0x0000026f0953b3f0 Exception <a 'sun/nio/fs/WindowsException'{0x00000000c3fc0cc8}> (0x00000000c3fc0cc8) 
thrown [s\src\hotspot\share\prims\jni.cpp, line 516]
Event: 17.789 Thread 0x0000026f0953b3f0 Exception <a 'sun/nio/fs/WindowsException'{0x00000000c3fc10b8}> (0x00000000c3fc10b8) 
thrown [s\src\hotspot\share\prims\jni.cpp, line 516]
Event: 17.790 Thread 0x0000026f0953b3f0 Exception <a 'sun/nio/fs/WindowsException'{0x00000000c3fc1b10}> (0x00000000c3fc1b10) 
thrown [s\src\hotspot\share\prims\jni.cpp, line 516]
Event: 17.790 Thread 0x0000026f0953b3f0 Exception <a 'sun/nio/fs/WindowsException'{0x00000000c3fc1f20}> (0x00000000c3fc1f20) 
thrown [s\src\hotspot\share\prims\jni.cpp, line 516]
Event: 17.790 Thread 0x0000026f0953b3f0 Exception <a 'sun/nio/fs/WindowsException'{0x00000000c3fc2990}> (0x00000000c3fc2990) 
thrown [s\src\hotspot\share\prims\jni.cpp, line 516]
Event: 17.790 Thread 0x0000026f0953b3f0 Exception <a 'sun/nio/fs/WindowsException'{0x00000000c3fc2db0}> (0x00000000c3fc2db0) 
thrown [s\src\hotspot\share\prims\jni.cpp, line 516]
Event: 17.791 Thread 0x0000026f0953b3f0 Exception <a 'sun/nio/fs/WindowsException'{0x00000000c3fc3838}> (0x00000000c3fc3838) 
thrown [s\src\hotspot\share\prims\jni.cpp, line 516]
Event: 17.791 Thread 0x0000026f0953b3f0 Exception <a 'sun/nio/fs/WindowsException'{0x00000000c3fc3c78}> (0x00000000c3fc3c78) 
thrown [s\src\hotspot\share\prims\jni.cpp, line 516]
Event: 17.791 Thread 0x0000026f0953b3f0 Exception <a 'sun/nio/fs/WindowsException'{0x00000000c3fc46f8}> (0x00000000c3fc46f8) 
thrown [s\src\hotspot\share\prims\jni.cpp, line 516]
Event: 17.791 Thread 0x0000026f0953b3f0 Exception <a 'sun/nio/fs/WindowsException'{0x00000000c3fc4b38}> (0x00000000c3fc4b38) 
thrown [s\src\hotspot\share\prims\jni.cpp, line 516]

VM Operations (20 events):
Event: 22.816 Executing VM operation: G1CollectForAllocation done
Event: 23.331 Executing VM operation: G1CollectForAllocation
Event: 23.332 Executing VM operation: G1CollectForAllocation done
Event: 23.332 Executing VM operation: G1CollectForAllocation
Event: 23.340 Executing VM operation: G1CollectForAllocation done
Event: 23.614 Executing VM operation: G1CollectForAllocation
Event: 23.713 Executing VM operation: G1CollectForAllocation done
Event: 23.976 Executing VM operation: G1CollectForAllocation
Event: 23.994 Executing VM operation: G1CollectForAllocation done
Event: 23.994 Executing VM operation: G1CollectForAllocation
Event: 24.001 Executing VM operation: G1CollectForAllocation done
Event: 24.507 Executing VM operation: G1CollectForAllocation
Event: 24.519 Executing VM operation: G1CollectForAllocation done
Event: 24.622 Executing VM operation: G1CollectForAllocation
Event: 24.622 Executing VM operation: G1CollectForAllocation done
Event: 24.622 Executing VM operation: G1CollectForAllocation
Event: 24.630 Executing VM operation: G1CollectForAllocation done
Event: 24.703 Executing VM operation: G1CollectForAllocation
Event: 24.703 Executing VM operation: G1CollectForAllocation done
Event: 24.703 Executing VM operation: G1CollectForAllocation

Events (20 events):
Event: 18.664 loading class java/util/concurrent/locks/AbstractQueuedSynchronizer$SharedNode
Event: 18.664 loading class java/util/concurrent/locks/AbstractQueuedSynchronizer$SharedNode done
Event: 18.665 loading class java/util/stream/LongStream done
Event: 18.665 loading class java/util/stream/DoubleStream
Event: 18.782 loading class java/util/stream/DoubleStream done
Event: 21.454 loading class java/util/zip/GZIPOutputStream
Event: 21.455 loading class java/util/zip/DeflaterOutputStream
Event: 21.508 loading class java/util/zip/DeflaterOutputStream done
Event: 21.508 loading class java/util/zip/GZIPOutputStream done
Event: 22.163 loading class java/util/zip/GZIPInputStream
Event: 22.163 loading class java/util/zip/GZIPInputStream done
Event: 22.209 loading class java/net/SocketTimeoutException
Event: 22.209 loading class java/io/InterruptedIOException
Event: 22.209 loading class java/io/InterruptedIOException done
Event: 22.209 loading class java/net/SocketTimeoutException done
Event: 22.209 loading class java/net/ProtocolException
Event: 22.248 loading class java/net/ProtocolException done
Event: 22.525 Thread 0x0000026f0979fec0 Thread added: 0x0000026f0979fec0
Event: 23.224 Thread 0x0000026f0979fec0 Thread exited: 0x0000026f0979fec0
Event: 23.224 Thread 0x0000026f0979f4a0 Thread exited: 0x0000026f0979f4a0


Dynamic libraries:
0x00007ff7b7420000 - 0x00007ff7b742e000 	c:\Users\Luz Stella Alvarez\.vscode\extensions\redhat.java-1.12.0-win32-x64\jre\17.0.4.1-win32-x86_64\bin\java.exe
0x00007ffd0cb70000 - 0x00007ffd0cd68000 	C:\WINDOWS\SYSTEM32\ntdll.dll
0x00007ffcd55b0000 - 0x00007ffcd55c7000 	C:\Program Files\AVAST Software\Avast\aswhook.dll
0x00007ffd0b280000 - 0x00007ffd0b33d000 	C:\WINDOWS\System32\KERNEL32.DLL
0x00007ffd0a320000 - 0x00007ffd0a5f2000 	C:\WINDOWS\System32\KERNELBASE.dll
0x00007ffd0aa50000 - 0x00007ffd0ab50000 	C:\WINDOWS\System32\ucrtbase.dll
0x00007ffcf36c0000 - 0x00007ffcf36d9000 	c:\Users\Luz Stella Alvarez\.vscode\extensions\redhat.java-1.12.0-win32-x64\jre\17.0.4.1-win32-x86_64\bin\VCRUNTIME140.dll
0x00007ffcfbd60000 - 0x00007ffcfbd78000 	c:\Users\Luz Stella Alvarez\.vscode\extensions\redhat.java-1.12.0-win32-x64\jre\17.0.4.1-win32-x86_64\bin\jli.dll
0x00007ffd0bd70000 - 0x00007ffd0bf0d000 	C:\WINDOWS\System32\USER32.dll
0x00007ffd0a280000 - 0x00007ffd0a2a2000 	C:\WINDOWS\System32\win32u.dll
0x00007ffcfb4d0000 - 0x00007ffcfb76a000 	C:\WINDOWS\WinSxS\amd64_microsoft.windows.common-controls_6595b64144ccf1df_6.0.19041.1110_none_60b5254171f9507e\COMCTL32.dll
0x00007ffd0bf10000 - 0x00007ffd0bf3b000 	C:\WINDOWS\System32\GDI32.dll
0x00007ffd0c160000 - 0x00007ffd0c1fe000 	C:\WINDOWS\System32\msvcrt.dll
0x00007ffd0a600000 - 0x00007ffd0a70f000 	C:\WINDOWS\System32\gdi32full.dll
0x00007ffd0a850000 - 0x00007ffd0a8ed000 	C:\WINDOWS\System32\msvcp_win.dll
0x00007ffd0bf40000 - 0x00007ffd0bf70000 	C:\WINDOWS\System32\IMM32.DLL
0x00007ffd06230000 - 0x00007ffd0623c000 	c:\Users\Luz Stella Alvarez\.vscode\extensions\redhat.java-1.12.0-win32-x64\jre\17.0.4.1-win32-x86_64\bin\vcruntime140_1.dll
0x00007ffce3ba0000 - 0x00007ffce3c31000 	c:\Users\Luz Stella Alvarez\.vscode\extensions\redhat.java-1.12.0-win32-x64\jre\17.0.4.1-win32-x86_64\bin\msvcp140.dll
0x00007ffcb4b60000 - 0x00007ffcb57a6000 	c:\Users\Luz Stella Alvarez\.vscode\extensions\redhat.java-1.12.0-win32-x64\jre\17.0.4.1-win32-x86_64\bin\server\jvm.dll
0x00007ffd0abd0000 - 0x00007ffd0ac7e000 	C:\WINDOWS\System32\ADVAPI32.dll
0x00007ffd0b4c0000 - 0x00007ffd0b55c000 	C:\WINDOWS\System32\sechost.dll
0x00007ffd0b6b0000 - 0x00007ffd0b7d5000 	C:\WINDOWS\System32\RPCRT4.dll
0x00007ffd0c0a0000 - 0x00007ffd0c0a8000 	C:\WINDOWS\System32\PSAPI.DLL
0x00007ffd00870000 - 0x00007ffd0087a000 	C:\WINDOWS\SYSTEM32\VERSION.dll
0x00007ffcfbeb0000 - 0x00007ffcfbed7000 	C:\WINDOWS\SYSTEM32\WINMM.dll
0x00007ffcfa360000 - 0x00007ffcfa369000 	C:\WINDOWS\SYSTEM32\WSOCK32.dll
0x00007ffd0b640000 - 0x00007ffd0b6ab000 	C:\WINDOWS\System32\WS2_32.dll
0x00007ffd08030000 - 0x00007ffd08042000 	C:\WINDOWS\SYSTEM32\kernel.appcore.dll
0x00007ffcf4d50000 - 0x00007ffcf4d5a000 	c:\Users\Luz Stella Alvarez\.vscode\extensions\redhat.java-1.12.0-win32-x64\jre\17.0.4.1-win32-x86_64\bin\jimage.dll
0x00007ffcffec0000 - 0x00007ffd000a4000 	C:\WINDOWS\SYSTEM32\DBGHELP.DLL
0x00007ffcfe310000 - 0x00007ffcfe33c000 	C:\WINDOWS\SYSTEM32\dbgcore.DLL
0x00007ffd0a7c0000 - 0x00007ffd0a842000 	C:\WINDOWS\System32\bcryptPrimitives.dll
0x00007ffcef900000 - 0x00007ffcef925000 	c:\Users\Luz Stella Alvarez\.vscode\extensions\redhat.java-1.12.0-win32-x64\jre\17.0.4.1-win32-x86_64\bin\java.dll
0x00007ffd061d0000 - 0x00007ffd061e8000 	c:\Users\Luz Stella Alvarez\.vscode\extensions\redhat.java-1.12.0-win32-x64\jre\17.0.4.1-win32-x86_64\bin\zip.dll
0x00007ffd0c3e0000 - 0x00007ffd0cb23000 	C:\WINDOWS\System32\SHELL32.dll
0x00007ffd08340000 - 0x00007ffd08ad1000 	C:\WINDOWS\SYSTEM32\windows.storage.dll
0x00007ffd0b7f0000 - 0x00007ffd0bb44000 	C:\WINDOWS\System32\combase.dll
0x00007ffd09c00000 - 0x00007ffd09c30000 	C:\WINDOWS\SYSTEM32\Wldp.dll
0x00007ffd0c0b0000 - 0x00007ffd0c15d000 	C:\WINDOWS\System32\SHCORE.dll
0x00007ffd0b340000 - 0x00007ffd0b395000 	C:\WINDOWS\System32\shlwapi.dll
0x00007ffd0a1c0000 - 0x00007ffd0a1df000 	C:\WINDOWS\SYSTEM32\profapi.dll
0x00007ffd061b0000 - 0x00007ffd061c9000 	C:\Users\Luz Stella Alvarez\.vscode\extensions\redhat.java-1.12.0-win32-x64\jre\17.0.4.1-win32-x86_64\bin\net.dll
0x00007ffd01ef0000 - 0x00007ffd01ffd000 	C:\WINDOWS\SYSTEM32\WINHTTP.dll
0x00007ffd09960000 - 0x00007ffd099ca000 	C:\WINDOWS\system32\mswsock.dll
0x00007ffd05cf0000 - 0x00007ffd05d05000 	C:\Users\Luz Stella Alvarez\.vscode\extensions\redhat.java-1.12.0-win32-x64\jre\17.0.4.1-win32-x86_64\bin\nio.dll
0x00007ffd06220000 - 0x00007ffd06230000 	c:\Users\Luz Stella Alvarez\.vscode\extensions\redhat.java-1.12.0-win32-x64\jre\17.0.4.1-win32-x86_64\bin\verify.dll
0x00007ffcf8080000 - 0x00007ffcf8089000 	C:\Users\Luz Stella Alvarez\.vscode\extensions\redhat.java-1.12.0-win32-x64\jre\17.0.4.1-win32-x86_64\bin\management.dll
0x00007ffcf4320000 - 0x00007ffcf432b000 	C:\Users\Luz Stella Alvarez\.vscode\extensions\redhat.java-1.12.0-win32-x64\jre\17.0.4.1-win32-x86_64\bin\management_ext.dll
0x00007ffcf1f00000 - 0x00007ffcf1f17000 	C:\WINDOWS\system32\napinsp.dll
0x00007ffcf1f20000 - 0x00007ffcf1f3b000 	C:\WINDOWS\system32\pnrpnsp.dll
0x00007ffcf2ea0000 - 0x00007ffcf2eb5000 	C:\WINDOWS\system32\wshbth.dll
0x00007ffd05980000 - 0x00007ffd0599d000 	C:\WINDOWS\system32\NLAapi.dll
0x00007ffd09650000 - 0x00007ffd0968b000 	C:\WINDOWS\SYSTEM32\IPHLPAPI.DLL
0x00007ffd09690000 - 0x00007ffd0975a000 	C:\WINDOWS\SYSTEM32\DNSAPI.dll
0x00007ffd0b7e0000 - 0x00007ffd0b7e8000 	C:\WINDOWS\System32\NSI.dll
0x00007ffcf2f00000 - 0x00007ffcf2f12000 	C:\WINDOWS\System32\winrnr.dll
0x00007ffd00330000 - 0x00007ffd0033a000 	C:\Windows\System32\rasadhlp.dll
0x00007ffd02100000 - 0x00007ffd02180000 	C:\WINDOWS\System32\fwpuclnt.dll
0x00007ffd0aba0000 - 0x00007ffd0abc7000 	C:\WINDOWS\System32\bcrypt.dll
0x00007ffd09b50000 - 0x00007ffd09b68000 	C:\WINDOWS\SYSTEM32\CRYPTSP.dll
0x00007ffd09280000 - 0x00007ffd092b4000 	C:\WINDOWS\system32\rsaenh.dll
0x00007ffd0a0f0000 - 0x00007ffd0a11e000 	C:\WINDOWS\SYSTEM32\USERENV.dll
0x00007ffd09b70000 - 0x00007ffd09b7c000 	C:\WINDOWS\SYSTEM32\CRYPTBASE.dll
0x00007ffd03b90000 - 0x00007ffd03ba7000 	C:\WINDOWS\SYSTEM32\dhcpcsvc6.DLL
0x00007ffd03c20000 - 0x00007ffd03c3d000 	C:\WINDOWS\SYSTEM32\dhcpcsvc.DLL

dbghelp: loaded successfully - version: 4.0.5 - missing functions: none
symbol engine: initialized successfully - sym options: 0x614 - pdb path: .;c:\Users\Luz Stella Alvarez\.vscode\extensions\redhat.java-1.12.0-win32-x64\jre\17.0.4.1-win32-x86_64\bin;C:\WINDOWS\SYSTEM32;C:\Program Files\AVAST Software\Avast;C:\WINDOWS\WinSxS\amd64_microsoft.windows.common-controls_6595b64144ccf1df_6.0.19041.1110_none_60b5254171f9507e;c:\Users\Luz Stella Alvarez\.vscode\extensions\redhat.java-1.12.0-win32-x64\jre\17.0.4.1-win32-x86_64\bin\server

VM Arguments:
jvm_args: -Dsts.lsp.client=vscode -Dsts.log.file=/dev/null -XX:TieredStopAtLevel=1 -Xlog:jni+resolve=off -Dspring.config.location=file:c:\Users\Luz Stella Alvarez\.vscode\extensions\pivotal.vscode-spring-boot-1.40.0\language-server\BOOT-INF\classes\application.properties 
java_command: org.springframework.ide.vscode.boot.app.BootLanguageServerBootApp
java_class_path (initial): c:\Users\Luz Stella Alvarez\.vscode\extensions\pivotal.vscode-spring-boot-1.40.0\language-server\BOOT-INF\classes;c:\Users\Luz Stella Alvarez\.vscode\extensions\pivotal.vscode-spring-boot-1.40.0\language-server\BOOT-INF\lib\annotations-23.0.0.jar;c:\Users\Luz Stella Alvarez\.vscode\extensions\pivotal.vscode-spring-boot-1.40.0\language-server\BOOT-INF\lib\ant-1.10.12.jar;c:\Users\Luz Stella Alvarez\.vscode\extensions\pivotal.vscode-spring-boot-1.40.0\language-server\BOOT-INF\lib\ant-launcher-1.10.12.jar;c:\Users\Luz Stella Alvarez\.vscode\extensions\pivotal.vscode-spring-boot-1.40.0\language-server\BOOT-INF\lib\antlr-runtime-3.5.2.jar;c:\Users\Luz Stella Alvarez\.vscode\extensions\pivotal.vscode-spring-boot-1.40.0\language-server\BOOT-INF\lib\antlr4-4.9.3.jar;c:\Users\Luz Stella Alvarez\.vscode\extensions\pivotal.vscode-spring-boot-1.40.0\language-server\BOOT-INF\lib\antlr4-runtime-4.9.3.jar;c:\Users\Luz Stella Alvarez\.vscode\extensions\pivotal.vscode-spring-boot-1.40.0\language-server\BOOT-INF\lib\asm-9.3.jar;c:\Users\Luz Stella Alvarez\.vscode\extensions\pivotal.vscode-spring-boot-1.40.0\language-server\BOOT-INF\lib\asm-analysis-9.3.jar;c:\Users\Luz Stella Alvarez\.vscode\extensions\pivotal.vscode-spring-boot-1.40.0\language-server\BOOT-INF\lib\asm-tree-9.3.jar;c:\Users\Luz Stella Alvarez\.vscode\extensions\pivotal.vscode-spring-boot-1.40.0\language-server\BOOT-INF\lib\asm-util-9.3.jar;c:\Users\Luz Stella Alvarez\.vscode\extensions\pivotal.vscode-spring-boot-1.40.0\language-server\BOOT-INF\lib\byte-buddy-1.12.13.jar;c:\Users\Luz Stella Alvarez\.vscode\extensions\pivotal.vscode-spring-boot-1.40.0\language-server\BOOT-INF\lib\caffeine-2.9.3.jar;c:\Users\Luz Stella Alvarez\.vscode\extensions\pivotal.vscode-spring-boot-1.40.0\language-server\BOOT-INF\lib\checker-qual-3.12.0.jar;c:\Users\Luz Stella Alvarez\.vscode\extensions\pivotal.vscode-spring-boot-1.40.0\language-server\BOOT-INF\lib\classgraph-4.8.149.jar;c:\Users\Luz Stella Alvarez\.vs
Launcher Type: SUN_STANDARD

[Global flags]
     intx CICompilerCount                          = 3                                         {product} {ergonomic}
     uint ConcGCThreads                            = 1                                         {product} {ergonomic}
     uint G1ConcRefinementThreads                  = 4                                         {product} {ergonomic}
   size_t G1HeapRegionSize                         = 1048576                                   {product} {ergonomic}
    uintx GCDrainStackTargetSize                   = 64                                        {product} {ergonomic}
   size_t InitialHeapSize                          = 67108864                                  {product} {ergonomic}
   size_t MarkStackSize                            = 4194304                                   {product} {ergonomic}
   size_t MaxHeapSize                              = 1048576000                                {product} {ergonomic}
   size_t MaxNewSize                               = 629145600                                 {product} {ergonomic}
   size_t MinHeapDeltaBytes                        = 1048576                                   {product} {ergonomic}
   size_t MinHeapSize                              = 8388608                                   {product} {ergonomic}
    uintx NonProfiledCodeHeapSize                  = 0                                      {pd product} {ergonomic}
     bool ProfileInterpreter                       = false                                  {pd product} {command line}
    uintx ProfiledCodeHeapSize                     = 0                                      {pd product} {ergonomic}
   size_t SoftMaxHeapSize                          = 1048576000                             {manageable} {ergonomic}
     intx TieredStopAtLevel                        = 1                                         {product} {command line}
     bool UseCompressedClassPointers               = true                           {product lp64_product} {ergonomic}
     bool UseCompressedOops                        = true                           {product lp64_product} {ergonomic}
     bool UseG1GC                                  = true                                      {product} {ergonomic}
     bool UseLargePagesIndividualAllocation        = false                                  {pd product} {ergonomic}

Logging:
Log output configuration:
 #0: stdout all=warning,jni+resolve=off uptime,level,tags
 #1: stderr all=off uptime,level,tags

Environment Variables:
PATH=C:\Users\Luz Stella Alvarez\bin;C:\Program Files\Git\mingw64\bin;C:\Program Files\Git\usr\local\bin;C:\Program Files\Git\usr\bin;C:\Program Files\Git\usr\bin;C:\Program Files\Git\mingw64\bin;C:\Program Files\Git\usr\bin;C:\Users\Luz Stella Alvarez\bin;C:\Program Files\Common Files\Oracle\Java\javapath;C:\Program Files (x86)\Common Files\Oracle\Java\javapath;C:\WINDOWS\system32;C:\WINDOWS;C:\WINDOWS\System32\Wbem;C:\WINDOWS\System32\WindowsPowerShell\v1.0;C:\WINDOWS\System32\OpenSSH;C:\Program Files (x86)\Windows Live\Shared;C:\Program Files\Git\cmd;C:\maven\bin;C:\Program Files\nodejs;C:\Program Files\MySQL\MySQL Shell 8.0\bin;C:\Users\Luz Stella Alvarez\AppData\Local\Programs\Python\Python310\Scripts;C:\Users\Luz Stella Alvarez\AppData\Local\Programs\Python\Python310;C:\Users\Luz Stella Alvarez\AppData\Local\Microsoft\WindowsApps;C:\Users\Luz Stella Alvarez\AppData\Local\Programs\Microsoft VS Code\bin;C:\Users\Luz Stella Alvarez\AppData\Roaming\npm;C:\Program Files\Git\usr\bin\vendor_perl;C:\Program Files\Git\usr\bin\core_perl
USERNAME=Luz Stella Alvarez
SHELL=C:\Program Files\Git\usr\bin\bash.exe
DISPLAY=needs-to-be-defined
LC_CTYPE=es_ES.UTF-8
TERM=xterm
TMPDIR=C:\Users\LUZSTE~1\AppData\Local\Temp
OS=Windows_NT
PROCESSOR_IDENTIFIER=Intel64 Family 6 Model 58 Stepping 9, GenuineIntel
TMP=C:\Users\LUZSTE~1\AppData\Local\Temp
TEMP=C:\Users\LUZSTE~1\AppData\Local\Temp



---------------  S Y S T E M  ---------------

OS:
 Windows 10 , 64 bit Build 19041 (10.0.19041.1889)
OS uptime: 0 days 3:44 hours

CPU: total 4 (initial active 4) (2 cores per cpu, 2 threads per core) family 6 model 58 stepping 9 microcode 0x21, cx8, cmov, fxsr, ht, mmx, sse, sse2, sse3, ssse3, sse4.1, sse4.2, popcnt, tsc, tscinvbit, avx, erms, clmul, vzeroupper, clflush

Memory: 4k page, system-wide physical 3992M (356M free)
TotalPageFile size 8092M (AvailPageFile size 130M)
current process WorkingSet (physical memory assigned to process): 278M, peak: 278M
current process commit charge ("private bytes"): 322M, peak: 521M

vm_info: OpenJDK 64-Bit Server VM (17.0.4.1+1) for windows-amd64 JRE (17.0.4.1+1), built on Aug 17 2022 07:42:43 by "temurin" with MS VC++ 16.7 (VS2019)

END.
