#
# There is insufficient memory for the Java Runtime Environment to continue.
# Native memory allocation (mmap) failed to map 65536 bytes for Failed to commit metaspace.
# Possible reasons:
#   The system is out of physical RAM or swap space
#   The process is running with CompressedOops enabled, and the Java Heap may be blocking the growth of the native heap
# Possible solutions:
#   Reduce memory load on the system
#   Increase physical memory or swap space
#   Check if swap backing store is full
#   Decrease Java heap size (-Xmx/-Xms)
#   Decrease number of Java threads
#   Decrease Java thread stack sizes (-Xss)
#   Set larger code cache with -XX:ReservedCodeCacheSize=
#   JVM is running with Unscaled Compressed Oops mode in which the Java heap is
#     placed in the first 4GB address space. The Java Heap base address is the
#     maximum limit for the native heap growth. Please use -XX:HeapBaseMinAddress
#     to set the Java Heap base and to place the Java Heap above 4GB virtual address.
# This output file may be truncated or incomplete.
#
#  Out of Memory Error (virtualSpaceNode.cpp:110), pid=10076, tid=4400
#
# JRE version: OpenJDK Runtime Environment Temurin-17.0.4.1+1 (17.0.4.1+1) (build 17.0.4.1+1)
# Java VM: OpenJDK 64-Bit Server VM Temurin-17.0.4.1+1 (17.0.4.1+1, mixed mode, emulated-client, tiered, compressed oops, compressed class ptrs, g1 gc, windows-amd64)
# No core dump will be written. Minidumps are not enabled by default on client versions of Windows
#

---------------  S U M M A R Y ------------

Command Line: -Dsts.lsp.client=vscode -Dsts.log.file=/dev/null -XX:TieredStopAtLevel=1 -Xlog:jni+resolve=off -Dspring.config.location=file:c:\Users\Luz Stella Alvarez\.vscode\extensions\pivotal.vscode-spring-boot-1.40.0\language-server\BOOT-INF\classes\application.properties org.springframework.ide.vscode.boot.app.BootLanguageServerBootApp

Host: Intel(R) Core(TM) i3-3217U CPU @ 1.80GHz, 4 cores, 3G,  Windows 10 , 64 bit Build 19041 (10.0.19041.1889)
Time: Sun Nov 27 19:07:12 2022 Hora est. Pacífico, Sudamérica elapsed time: 25.288593 seconds (0d 0h 0m 25s)

---------------  T H R E A D  ---------------

Current thread (0x0000022345bb3630):  JavaThread "main" [_thread_in_vm, id=4400, stack(0x00000075a1800000,0x00000075a1900000)]

Stack: [0x00000075a1800000,0x00000075a1900000]
Native frames: (J=compiled Java code, j=interpreted, Vv=VM code, C=native code)
V  [jvm.dll+0x67731a]
V  [jvm.dll+0x832284]
V  [jvm.dll+0x833a2e]
V  [jvm.dll+0x834093]
V  [jvm.dll+0x245775]
V  [jvm.dll+0x82e22b]
V  [jvm.dll+0x61bdf6]
V  [jvm.dll+0x1c07be]
V  [jvm.dll+0x61e741]
V  [jvm.dll+0x61c796]
V  [jvm.dll+0x23b260]
V  [jvm.dll+0x1eafbd]
V  [jvm.dll+0x1e09f1]
V  [jvm.dll+0x53c910]
V  [jvm.dll+0x7ad138]
V  [jvm.dll+0x7ad224]
V  [jvm.dll+0x40ccd5]
V  [jvm.dll+0x412ec8]
C  [java.dll+0x17ec]

Java frames: (J=compiled Java code, j=interpreted, Vv=VM code)
J 667  java.lang.ClassLoader.defineClass1(Ljava/lang/ClassLoader;Ljava/lang/String;[BIILjava/security/ProtectionDomain;Ljava/lang/String;)Ljava/lang/Class; java.base@17.0.4.1 (0 bytes) @ 0x00000223489677db [0x0000022348967720+0x00000000000000bb]
J 663 c1 java.lang.ClassLoader.defineClass(Ljava/lang/String;[BIILjava/security/ProtectionDomain;)Ljava/lang/Class; java.base@17.0.4.1 (43 bytes) @ 0x000002234896815c [0x0000022348968060+0x00000000000000fc]
J 648 c1 jdk.internal.loader.BuiltinClassLoader.defineClass(Ljava/lang/String;Ljdk/internal/loader/Resource;)Ljava/lang/Class; java.base@17.0.4.1 (121 bytes) @ 0x000002234896eec4 [0x000002234896ea20+0x00000000000004a4]
J 647 c1 jdk.internal.loader.BuiltinClassLoader.findClassOnClassPathOrNull(Ljava/lang/String;)Ljava/lang/Class; java.base@17.0.4.1 (64 bytes) @ 0x000002234896df1c [0x000002234896dc80+0x000000000000029c]
J 438 c1 jdk.internal.loader.BuiltinClassLoader.loadClassOrNull(Ljava/lang/String;Z)Ljava/lang/Class; java.base@17.0.4.1 (143 bytes) @ 0x00000223489c4d44 [0x00000223489c4900+0x0000000000000444]
J 621 c1 jdk.internal.loader.ClassLoaders$AppClassLoader.loadClass(Ljava/lang/String;Z)Ljava/lang/Class; java.base@17.0.4.1 (40 bytes) @ 0x000002234897dea4 [0x000002234897dd60+0x0000000000000144]
J 620 c1 java.lang.ClassLoader.loadClass(Ljava/lang/String;)Ljava/lang/Class; java.base@17.0.4.1 (7 bytes) @ 0x000002234897ebe4 [0x000002234897eba0+0x0000000000000044]
v  ~StubRoutines::call_stub
j  com.google.common.collect.MultimapBuilder.hashKeys(I)Lcom/google/common/collect/MultimapBuilder$MultimapBuilderWithKeys;+7
j  com.google.common.collect.MultimapBuilder.hashKeys()Lcom/google/common/collect/MultimapBuilder$MultimapBuilderWithKeys;+2
j  org.springframework.ide.vscode.boot.java.utils.SpringIndexerJavaDependencyTracker.<init>()V+5
j  org.springframework.ide.vscode.boot.java.utils.SpringIndexerJava.<init>(Lorg/springframework/ide/vscode/boot/java/utils/SymbolHandler;Lorg/springframework/ide/vscode/boot/java/annotations/AnnotationHierarchyAwareLookup;Lorg/springframework/ide/vscode/boot/java/utils/SymbolCache;Lorg/springframework/ide/vscode/commons/languageserver/java/JavaProjectFinder;)V+19
j  org.springframework.ide.vscode.boot.app.SpringSymbolIndex.afterPropertiesSet()V+83
j  org.springframework.beans.factory.support.AbstractAutowireCapableBeanFactory.invokeInitMethods(Ljava/lang/String;Ljava/lang/Object;Lorg/springframework/beans/factory/support/RootBeanDefinition;)V+106
j  org.springframework.beans.factory.support.AbstractAutowireCapableBeanFactory.initializeBean(Ljava/lang/String;Ljava/lang/Object;Lorg/springframework/beans/factory/support/RootBeanDefinition;)Ljava/lang/Object;+59
j  org.springframework.beans.factory.support.AbstractAutowireCapableBeanFactory.doCreateBean(Ljava/lang/String;Lorg/springframework/beans/factory/support/RootBeanDefinition;[Ljava/lang/Object;)Ljava/lang/Object;+245
j  org.springframework.beans.factory.support.AbstractAutowireCapableBeanFactory.createBean(Ljava/lang/String;Lorg/springframework/beans/factory/support/RootBeanDefinition;[Ljava/lang/Object;)Ljava/lang/Object;+169
j  org.springframework.beans.factory.support.AbstractBeanFactory.lambda$doGetBean$0(Ljava/lang/String;Lorg/springframework/beans/factory/support/RootBeanDefinition;[Ljava/lang/Object;)Ljava/lang/Object;+4
j  org.springframework.beans.factory.support.AbstractBeanFactory$$Lambda$253+0x00000001002c9130.getObject()Ljava/lang/Object;+16
j  org.springframework.beans.factory.support.DefaultSingletonBeanRegistry.getSingleton(Ljava/lang/String;Lorg/springframework/beans/factory/ObjectFactory;)Ljava/lang/Object;+132
j  org.springframework.beans.factory.support.AbstractBeanFactory.doGetBean(Ljava/lang/String;Ljava/lang/Class;[Ljava/lang/Object;Z)Ljava/lang/Object;+513
j  org.springframework.beans.factory.support.AbstractBeanFactory.getBean(Ljava/lang/String;)Ljava/lang/Object;+5
j  org.springframework.beans.factory.config.DependencyDescriptor.resolveCandidate(Ljava/lang/String;Ljava/lang/Class;Lorg/springframework/beans/factory/BeanFactory;)Ljava/lang/Object;+2
j  org.springframework.beans.factory.support.DefaultListableBeanFactory.doResolveDependency(Lorg/springframework/beans/factory/config/DependencyDescriptor;Ljava/lang/String;Ljava/util/Set;Lorg/springframework/beans/TypeConverter;)Ljava/lang/Object;+440
j  org.springframework.beans.factory.support.DefaultListableBeanFactory.resolveDependency(Lorg/springframework/beans/factory/config/DependencyDescriptor;Ljava/lang/String;Ljava/util/Set;Lorg/springframework/beans/TypeConverter;)Ljava/lang/Object;+108
j  org.springframework.beans.factory.annotation.AutowiredAnnotationBeanPostProcessor$AutowiredFieldElement.resolveFieldValue(Ljava/lang/reflect/Field;Ljava/lang/Object;Ljava/lang/String;)Ljava/lang/Object;+81
j  org.springframework.beans.factory.annotation.AutowiredAnnotationBeanPostProcessor$AutowiredFieldElement.inject(Ljava/lang/Object;Ljava/lang/String;Lorg/springframework/beans/PropertyValues;)V+53
j  org.springframework.beans.factory.annotation.InjectionMetadata.inject(Ljava/lang/Object;Ljava/lang/String;Lorg/springframework/beans/PropertyValues;)V+68
j  org.springframework.beans.factory.annotation.AutowiredAnnotationBeanPostProcessor.postProcessProperties(Lorg/springframework/beans/PropertyValues;Ljava/lang/Object;Ljava/lang/String;)Lorg/springframework/beans/PropertyValues;+17
j  org.springframework.beans.factory.support.AbstractAutowireCapableBeanFactory.populateBean(Ljava/lang/String;Lorg/springframework/beans/factory/support/RootBeanDefinition;Lorg/springframework/beans/BeanWrapper;)V+265
j  org.springframework.beans.factory.support.AbstractAutowireCapableBeanFactory.doCreateBean(Ljava/lang/String;Lorg/springframework/beans/factory/support/RootBeanDefinition;[Ljava/lang/Object;)Ljava/lang/Object;+237
j  org.springframework.beans.factory.support.AbstractAutowireCapableBeanFactory.createBean(Ljava/lang/String;Lorg/springframework/beans/factory/support/RootBeanDefinition;[Ljava/lang/Object;)Ljava/lang/Object;+169
j  org.springframework.beans.factory.support.AbstractBeanFactory.lambda$doGetBean$0(Ljava/lang/String;Lorg/springframework/beans/factory/support/RootBeanDefinition;[Ljava/lang/Object;)Ljava/lang/Object;+4
j  org.springframework.beans.factory.support.AbstractBeanFactory$$Lambda$253+0x00000001002c9130.getObject()Ljava/lang/Object;+16
j  org.springframework.beans.factory.support.DefaultSingletonBeanRegistry.getSingleton(Ljava/lang/String;Lorg/springframework/beans/factory/ObjectFactory;)Ljava/lang/Object;+132
j  org.springframework.beans.factory.support.AbstractBeanFactory.doGetBean(Ljava/lang/String;Ljava/lang/Class;[Ljava/lang/Object;Z)Ljava/lang/Object;+513
j  org.springframework.beans.factory.support.AbstractBeanFactory.getBean(Ljava/lang/String;)Ljava/lang/Object;+5
j  org.springframework.beans.factory.support.DefaultListableBeanFactory.preInstantiateSingletons()V+248
j  org.springframework.context.support.AbstractApplicationContext.finishBeanFactoryInitialization(Lorg/springframework/beans/factory/config/ConfigurableListableBeanFactory;)V+124
j  org.springframework.context.support.AbstractApplicationContext.refresh()V+86
j  org.springframework.boot.SpringApplication.refresh(Lorg/springframework/context/ConfigurableApplicationContext;)V+1
j  org.springframework.boot.SpringApplication.refreshContext(Lorg/springframework/context/ConfigurableApplicationContext;)V+16
j  org.springframework.boot.SpringApplication.run([Ljava/lang/String;)Lorg/springframework/context/ConfigurableApplicationContext;+107
j  org.springframework.boot.SpringApplication.run([Ljava/lang/Class;[Ljava/lang/String;)Lorg/springframework/context/ConfigurableApplicationContext;+9
j  org.springframework.boot.SpringApplication.run(Ljava/lang/Class;[Ljava/lang/String;)Lorg/springframework/context/ConfigurableApplicationContext;+9
j  org.springframework.ide.vscode.boot.app.BootLanguageServerBootApp.main([Ljava/lang/String;)V+19
v  ~StubRoutines::call_stub

---------------  P R O C E S S  ---------------

Threads class SMR info:
_java_thread_list=0x00000223523b4220, length=12, elements={
0x0000022345bb3630, 0x00000223500224e0, 0x0000022350022fe0, 0x000002235005e130,
0x000002235005e600, 0x00000223500612f0, 0x00000223500657d0, 0x0000022350069250,
0x0000022350073f90, 0x0000022350dbad00, 0x0000022350dced80, 0x00000223521d9a60
}

Java Threads: ( => current thread )
=>0x0000022345bb3630 JavaThread "main" [_thread_in_vm, id=4400, stack(0x00000075a1800000,0x00000075a1900000)]
  0x00000223500224e0 JavaThread "Reference Handler" daemon [_thread_blocked, id=9784, stack(0x00000075a1f00000,0x00000075a2000000)]
  0x0000022350022fe0 JavaThread "Finalizer" daemon [_thread_blocked, id=10708, stack(0x00000075a2000000,0x00000075a2100000)]
  0x000002235005e130 JavaThread "Signal Dispatcher" daemon [_thread_blocked, id=4356, stack(0x00000075a2100000,0x00000075a2200000)]
  0x000002235005e600 JavaThread "Attach Listener" daemon [_thread_blocked, id=11520, stack(0x00000075a2200000,0x00000075a2300000)]
  0x00000223500612f0 JavaThread "Service Thread" daemon [_thread_blocked, id=10472, stack(0x00000075a2300000,0x00000075a2400000)]
  0x00000223500657d0 JavaThread "Monitor Deflation Thread" daemon [_thread_blocked, id=12660, stack(0x00000075a2400000,0x00000075a2500000)]
  0x0000022350069250 JavaThread "C1 CompilerThread0" daemon [_thread_blocked, id=11916, stack(0x00000075a2500000,0x00000075a2600000)]
  0x0000022350073f90 JavaThread "Sweeper thread" daemon [_thread_blocked, id=1640, stack(0x00000075a2600000,0x00000075a2700000)]
  0x0000022350dbad00 JavaThread "Notification Thread" daemon [_thread_blocked, id=12860, stack(0x00000075a2800000,0x00000075a2900000)]
  0x0000022350dced80 JavaThread "Common-Cleaner" daemon [_thread_blocked, id=8360, stack(0x00000075a2a00000,0x00000075a2b00000)]
  0x00000223521d9a60 JavaThread "boundedElastic-evictor-1" daemon [_thread_in_vm, id=9376, stack(0x00000075a2f00000,0x00000075a3000000)]

Other Threads:
  0x000002234ffd5640 VMThread "VM Thread" [stack: 0x00000075a1e00000,0x00000075a1f00000] [id=10176]
  0x0000022350dbd1e0 WatcherThread [stack: 0x00000075a2900000,0x00000075a2a00000] [id=12512]
  0x0000022345bf0090 GCTaskThread "GC Thread#0" [stack: 0x00000075a1900000,0x00000075a1a00000] [id=9572]
  0x0000022350d6b860 GCTaskThread "GC Thread#1" [stack: 0x00000075a2c00000,0x00000075a2d00000] [id=7464]
  0x00000223515d3180 GCTaskThread "GC Thread#2" [stack: 0x00000075a2d00000,0x00000075a2e00000] [id=6364]
  0x0000022351708800 GCTaskThread "GC Thread#3" [stack: 0x00000075a2e00000,0x00000075a2f00000] [id=13212]
  0x0000022345bf8da0 ConcurrentGCThread "G1 Main Marker" [stack: 0x00000075a1a00000,0x00000075a1b00000] [id=10772]
  0x0000022345bf9f50 ConcurrentGCThread "G1 Conc#0" [stack: 0x00000075a1b00000,0x00000075a1c00000] [id=12868]
  0x0000022345c4a340 ConcurrentGCThread "G1 Refine#0" [stack: 0x00000075a1c00000,0x00000075a1d00000] [id=7936]
  0x0000022345c4c980 ConcurrentGCThread "G1 Service" [stack: 0x00000075a1d00000,0x00000075a1e00000] [id=10404]

Threads with active compile tasks:

VM state: not at safepoint (normal execution)

VM Mutex/Monitor currently owned by a thread:  ([mutex/lock_event])
[0x0000022343b0b020] Metaspace_lock - owner thread: 0x0000022345bb3630

Heap address: 0x00000000c1800000, size: 1000 MB, Compressed Oops mode: 32-bit

CDS archive(s) not mapped
Compressed class space mapped at: 0x0000000100000000-0x0000000140000000, reserved size: 1073741824
Narrow klass base: 0x0000000000000000, Narrow klass shift: 3, Narrow klass range: 0x140000000

GC Precious Log:
 CPUs: 4 total, 4 available
 Memory: 3992M
 Large Page Support: Disabled
 NUMA Support: Disabled
 Compressed Oops: Enabled (32-bit)
 Heap Region Size: 1M
 Heap Min Capacity: 8M
 Heap Initial Capacity: 64M
 Heap Max Capacity: 1000M
 Pre-touch: Disabled
 Parallel Workers: 4
 Concurrent Workers: 1
 Concurrent Refinement Workers: 4
 Periodic GC: Disabled

Heap:
 garbage-first heap   total 51200K, used 18267K [0x00000000c1800000, 0x0000000100000000)
  region size 1024K, 6 young (6144K), 3 survivors (3072K)
 Metaspace       used 28853K, committed 29120K, reserved 1081344K
  class space    used 3614K, committed 3776K, reserved 1048576K

Heap Regions: E=young(eden), S=young(survivor), O=old, HS=humongous(starts), HC=humongous(continues), CS=collection set, F=free, OA=open archive, CA=closed archive, TAMS=top-at-mark-start (previous, next)
|   0|0x00000000c1800000, 0x00000000c1900000, 0x00000000c1900000|100%| O|  |TAMS 0x00000000c1900000, 0x00000000c1800000| Untracked 
|   1|0x00000000c1900000, 0x00000000c1a00000, 0x00000000c1a00000|100%| O|  |TAMS 0x00000000c1a00000, 0x00000000c1900000| Untracked 
|   2|0x00000000c1a00000, 0x00000000c1b00000, 0x00000000c1b00000|100%| O|  |TAMS 0x00000000c1b00000, 0x00000000c1a00000| Untracked 
|   3|0x00000000c1b00000, 0x00000000c1c00000, 0x00000000c1c00000|100%| O|  |TAMS 0x00000000c1c00000, 0x00000000c1b00000| Untracked 
|   4|0x00000000c1c00000, 0x00000000c1d00000, 0x00000000c1d00000|100%| O|  |TAMS 0x00000000c1d00000, 0x00000000c1c00000| Untracked 
|   5|0x00000000c1d00000, 0x00000000c1e00000, 0x00000000c1e00000|100%| O|  |TAMS 0x00000000c1e00000, 0x00000000c1d00000| Untracked 
|   6|0x00000000c1e00000, 0x00000000c1f00000, 0x00000000c1f00000|100%| O|  |TAMS 0x00000000c1f00000, 0x00000000c1e00000| Untracked 
|   7|0x00000000c1f00000, 0x00000000c2000000, 0x00000000c2000000|100%| O|  |TAMS 0x00000000c1fddc00, 0x00000000c1f00000| Untracked 
|   8|0x00000000c2000000, 0x00000000c2100000, 0x00000000c2100000|100%| O|  |TAMS 0x00000000c2000000, 0x00000000c2000000| Untracked 
|   9|0x00000000c2100000, 0x00000000c2109400, 0x00000000c2200000|  3%| O|  |TAMS 0x00000000c2100000, 0x00000000c2100000| Untracked 
|  10|0x00000000c2200000, 0x00000000c2300000, 0x00000000c2300000|100%| O|  |TAMS 0x00000000c2200000, 0x00000000c2200000| Untracked 
|  11|0x00000000c2300000, 0x00000000c2400000, 0x00000000c2400000|100%| O|  |TAMS 0x00000000c2300000, 0x00000000c2300000| Untracked 
|  12|0x00000000c2400000, 0x00000000c2500000, 0x00000000c2500000|100%| O|  |TAMS 0x00000000c2400000, 0x00000000c2400000| Untracked 
|  13|0x00000000c2500000, 0x00000000c25cda00, 0x00000000c2600000| 80%| O|  |TAMS 0x00000000c2500000, 0x00000000c2500000| Untracked 
|  14|0x00000000c2600000, 0x00000000c2600000, 0x00000000c2700000|  0%| F|  |TAMS 0x00000000c2600000, 0x00000000c2600000| Untracked 
|  15|0x00000000c2700000, 0x00000000c2700000, 0x00000000c2800000|  0%| F|  |TAMS 0x00000000c2700000, 0x00000000c2700000| Untracked 
|  16|0x00000000c2800000, 0x00000000c2800000, 0x00000000c2900000|  0%| F|  |TAMS 0x00000000c2800000, 0x00000000c2800000| Untracked 
|  17|0x00000000c2900000, 0x00000000c2900000, 0x00000000c2a00000|  0%| F|  |TAMS 0x00000000c2900000, 0x00000000c2900000| Untracked 
|  18|0x00000000c2a00000, 0x00000000c2a00000, 0x00000000c2b00000|  0%| F|  |TAMS 0x00000000c2a00000, 0x00000000c2a00000| Untracked 
|  19|0x00000000c2b00000, 0x00000000c2b00000, 0x00000000c2c00000|  0%| F|  |TAMS 0x00000000c2b00000, 0x00000000c2b00000| Untracked 
|  20|0x00000000c2c00000, 0x00000000c2c00000, 0x00000000c2d00000|  0%| F|  |TAMS 0x00000000c2c00000, 0x00000000c2c00000| Untracked 
|  21|0x00000000c2d00000, 0x00000000c2d00000, 0x00000000c2e00000|  0%| F|  |TAMS 0x00000000c2d00000, 0x00000000c2d00000| Untracked 
|  22|0x00000000c2e00000, 0x00000000c2e00000, 0x00000000c2f00000|  0%| F|  |TAMS 0x00000000c2e00000, 0x00000000c2e00000| Untracked 
|  23|0x00000000c2f00000, 0x00000000c2f00000, 0x00000000c3000000|  0%| F|  |TAMS 0x00000000c2f00000, 0x00000000c2f00000| Untracked 
|  24|0x00000000c3000000, 0x00000000c3000000, 0x00000000c3100000|  0%| F|  |TAMS 0x00000000c3000000, 0x00000000c3000000| Untracked 
|  25|0x00000000c3100000, 0x00000000c3100000, 0x00000000c3200000|  0%| F|  |TAMS 0x00000000c3100000, 0x00000000c3100000| Untracked 
|  26|0x00000000c3200000, 0x00000000c3200000, 0x00000000c3300000|  0%| F|  |TAMS 0x00000000c3200000, 0x00000000c3200000| Untracked 
|  27|0x00000000c3300000, 0x00000000c3300000, 0x00000000c3400000|  0%| F|  |TAMS 0x00000000c3300000, 0x00000000c3300000| Untracked 
|  28|0x00000000c3400000, 0x00000000c3500000, 0x00000000c3500000|100%| S|CS|TAMS 0x00000000c3400000, 0x00000000c3400000| Complete 
|  29|0x00000000c3500000, 0x00000000c3600000, 0x00000000c3600000|100%| S|CS|TAMS 0x00000000c3500000, 0x00000000c3500000| Complete 
|  30|0x00000000c3600000, 0x00000000c3700000, 0x00000000c3700000|100%| S|CS|TAMS 0x00000000c3600000, 0x00000000c3600000| Complete 
|  31|0x00000000c3700000, 0x00000000c3700000, 0x00000000c3800000|  0%| F|  |TAMS 0x00000000c3700000, 0x00000000c3700000| Untracked 
|  32|0x00000000c3800000, 0x00000000c3800000, 0x00000000c3900000|  0%| F|  |TAMS 0x00000000c3800000, 0x00000000c3800000| Untracked 
|  33|0x00000000c3900000, 0x00000000c3900000, 0x00000000c3a00000|  0%| F|  |TAMS 0x00000000c3900000, 0x00000000c3900000| Untracked 
|  34|0x00000000c3a00000, 0x00000000c3a00000, 0x00000000c3b00000|  0%| F|  |TAMS 0x00000000c3a00000, 0x00000000c3a00000| Untracked 
|  35|0x00000000c3b00000, 0x00000000c3b00000, 0x00000000c3c00000|  0%| F|  |TAMS 0x00000000c3b00000, 0x00000000c3b00000| Untracked 
|  36|0x00000000c3c00000, 0x00000000c3c00000, 0x00000000c3d00000|  0%| F|  |TAMS 0x00000000c3c00000, 0x00000000c3c00000| Untracked 
|  37|0x00000000c3d00000, 0x00000000c3d00000, 0x00000000c3e00000|  0%| F|  |TAMS 0x00000000c3d00000, 0x00000000c3d00000| Untracked 
|  38|0x00000000c3e00000, 0x00000000c3e00000, 0x00000000c3f00000|  0%| F|  |TAMS 0x00000000c3e00000, 0x00000000c3e00000| Untracked 
|  39|0x00000000c3f00000, 0x00000000c3f00000, 0x00000000c4000000|  0%| F|  |TAMS 0x00000000c3f00000, 0x00000000c3f00000| Untracked 
|  40|0x00000000c4000000, 0x00000000c4000000, 0x00000000c4100000|  0%| F|  |TAMS 0x00000000c4000000, 0x00000000c4000000| Untracked 
|  41|0x00000000c4100000, 0x00000000c4100000, 0x00000000c4200000|  0%| F|  |TAMS 0x00000000c4100000, 0x00000000c4100000| Untracked 
|  42|0x00000000c4200000, 0x00000000c4200000, 0x00000000c4300000|  0%| F|  |TAMS 0x00000000c4200000, 0x00000000c4200000| Untracked 
|  43|0x00000000c4300000, 0x00000000c4300000, 0x00000000c4400000|  0%| F|  |TAMS 0x00000000c4300000, 0x00000000c4300000| Untracked 
|  44|0x00000000c4400000, 0x00000000c4400000, 0x00000000c4500000|  0%| F|  |TAMS 0x00000000c4400000, 0x00000000c4400000| Untracked 
|  45|0x00000000c4500000, 0x00000000c4500000, 0x00000000c4600000|  0%| F|  |TAMS 0x00000000c4500000, 0x00000000c4500000| Untracked 
|  46|0x00000000c4600000, 0x00000000c4600000, 0x00000000c4700000|  0%| F|  |TAMS 0x00000000c4600000, 0x00000000c4600000| Untracked 
|  47|0x00000000c4700000, 0x00000000c475c4d8, 0x00000000c4800000| 36%| E|  |TAMS 0x00000000c4700000, 0x00000000c4700000| Complete 
|  48|0x00000000c4800000, 0x00000000c4900000, 0x00000000c4900000|100%| E|CS|TAMS 0x00000000c4800000, 0x00000000c4800000| Complete 
|  63|0x00000000c5700000, 0x00000000c5800000, 0x00000000c5800000|100%| E|CS|TAMS 0x00000000c5700000, 0x00000000c5700000| Complete 

Card table byte_map: [0x000002234b840000,0x000002234ba40000] _byte_map_base: 0x000002234b234000

Marking Bits (Prev, Next): (CMBitMap*) 0x0000022345bf06e0, (CMBitMap*) 0x0000022345bf06a0
 Prev Bits: [0x000002234cbe0000, 0x000002234db80000)
 Next Bits: [0x000002234bc40000, 0x000002234cbe0000)

Polling page: 0x0000022343a70000

Metaspace:

Usage:
  Non-class:     24.65 MB used.
      Class:      3.53 MB used.
       Both:     28.18 MB used.

Virtual space:
  Non-class space:       32.00 MB reserved,      24.75 MB ( 77%) committed,  4 nodes.
      Class space:        1.00 GB reserved,       3.69 MB ( <1%) committed,  1 nodes.
             Both:        1.03 GB reserved,      28.44 MB (  3%) committed. 

Chunk freelists:
   Non-Class:  2.67 MB
       Class:  366.00 KB
        Both:  3.03 MB

MaxMetaspaceSize: unlimited
CompressedClassSpaceSize: 1.00 GB
Initial GC threshold: 21.00 MB
Current GC threshold: 35.31 MB
CDS: off
MetaspaceReclaimPolicy: balanced
 - commit_granule_bytes: 65536.
 - commit_granule_words: 8192.
 - virtual_space_node_default_size: 1048576.
 - enlarge_chunks_in_place: 1.
 - new_chunks_are_fully_committed: 0.
 - uncommit_free_chunks: 1.
 - use_allocation_guard: 0.
 - handle_deallocations: 1.


Internal statistics:

num_allocs_failed_limit: 3.
num_arena_births: 268.
num_arena_deaths: 0.
num_vsnodes_births: 5.
num_vsnodes_deaths: 0.
num_space_committed: 455.
num_space_uncommitted: 0.
num_chunks_returned_to_freelist: 3.
num_chunks_taken_from_freelist: 995.
num_chunk_merges: 3.
num_chunk_splits: 685.
num_chunks_enlarged: 540.
num_purges: 0.
num_inconsistent_stats: 0.

CodeCache: size=49152Kb used=5164Kb max_used=6134Kb free=43988Kb
 bounds [0x0000022348840000, 0x0000022348e40000, 0x000002234b840000]
 total_blobs=3099 nmethods=2606 adapters=419
 compilation: enabled
              stopped_count=0, restarted_count=0
 full_count=0

Compilation events (20 events):
Event: 24.174 Thread 0x0000022350069250 2598       1       java.net.URI$Parser::scan (76 bytes)
Event: 24.176 Thread 0x0000022350069250 nmethod 2598 0x0000022348ad2c10 code [0x0000022348ad2de0, 0x0000022348ad3138]
Event: 24.176 Thread 0x0000022350069250 2597       1       sun.security.util.DerValue::toByteArray (91 bytes)
Event: 24.177 Thread 0x0000022350069250 nmethod 2597 0x0000022348ad2110 code [0x0000022348ad2300, 0x0000022348ad2908]
Event: 24.177 Thread 0x0000022350069250 2599       1       sun.security.util.DerInputStream::getOID (8 bytes)
Event: 24.178 Thread 0x0000022350069250 nmethod 2599 0x0000022348ad1d90 code [0x0000022348ad1f40, 0x0000022348ad2038]
Event: 24.178 Thread 0x0000022350069250 2600       1       java.util.jar.Manifest$FastInputStream::fill (38 bytes)
Event: 24.178 Thread 0x0000022350069250 nmethod 2600 0x0000022348ad1a10 code [0x0000022348ad1ba0, 0x0000022348ad1cc8]
Event: 24.181 Thread 0x0000022350069250 2601       1       sun.security.x509.X509AttributeName::<init> (55 bytes)
Event: 24.182 Thread 0x0000022350069250 nmethod 2601 0x0000022348ad1310 code [0x0000022348ad14e0, 0x0000022348ad1898]
Event: 24.188 Thread 0x0000022350069250 2602       1       sun.security.x509.X509CertInfo::get (289 bytes)
Event: 24.190 Thread 0x0000022350069250 nmethod 2602 0x0000022348acfc10 code [0x0000022348acff80, 0x0000022348ad0d28]
Event: 24.190 Thread 0x0000022350069250 2606       1       jdk.internal.reflect.ClassFileAssembler::emitConstantPoolNameAndType (28 bytes)
Event: 24.190 Thread 0x0000022350069250 nmethod 2606 0x0000022348acf410 code [0x0000022348acf600, 0x0000022348acf908]
Event: 24.190 Thread 0x0000022350069250 2603       1       sun.security.x509.X509CertInfo::attributeMap (24 bytes)
Event: 24.190 Thread 0x0000022350069250 nmethod 2603 0x0000022348acf010 code [0x0000022348acf1c0, 0x0000022348acf348]
Event: 24.190 Thread 0x0000022350069250 2605       1       jdk.internal.reflect.ClassFileAssembler::emitConstantPoolClass (23 bytes)
Event: 24.191 Thread 0x0000022350069250 nmethod 2605 0x0000022348acea10 code [0x0000022348acebe0, 0x0000022348acee08]
Event: 24.191 Thread 0x0000022350069250 2604       1       java.util.StringJoiner::add (110 bytes)
Event: 24.192 Thread 0x0000022350069250 nmethod 2604 0x0000022348ace110 code [0x0000022348ace300, 0x0000022348ace798]

GC Heap History (12 events):
Event: 5.759 GC heap before
{Heap before GC invocations=0 (full 0):
 garbage-first heap   total 65536K, used 12288K [0x00000000c1800000, 0x0000000100000000)
  region size 1024K, 13 young (13312K), 0 survivors (0K)
 Metaspace       used 6421K, committed 6656K, reserved 1056768K
  class space    used 648K, committed 768K, reserved 1048576K
}
Event: 5.769 GC heap after
{Heap after GC invocations=1 (full 0):
 garbage-first heap   total 65536K, used 6841K [0x00000000c1800000, 0x0000000100000000)
  region size 1024K, 2 young (2048K), 2 survivors (2048K)
 Metaspace       used 6421K, committed 6656K, reserved 1056768K
  class space    used 648K, committed 768K, reserved 1048576K
}
Event: 7.249 GC heap before
{Heap before GC invocations=1 (full 0):
 garbage-first heap   total 65536K, used 17081K [0x00000000c1800000, 0x0000000100000000)
  region size 1024K, 12 young (12288K), 2 survivors (2048K)
 Metaspace       used 10079K, committed 10176K, reserved 1064960K
  class space    used 1127K, committed 1152K, reserved 1048576K
}
Event: 7.258 GC heap after
{Heap after GC invocations=2 (full 0):
 garbage-first heap   total 65536K, used 8478K [0x00000000c1800000, 0x0000000100000000)
  region size 1024K, 2 young (2048K), 2 survivors (2048K)
 Metaspace       used 10079K, committed 10176K, reserved 1064960K
  class space    used 1127K, committed 1152K, reserved 1048576K
}
Event: 8.352 GC heap before
{Heap before GC invocations=2 (full 0):
 garbage-first heap   total 65536K, used 27934K [0x00000000c1800000, 0x0000000100000000)
  region size 1024K, 21 young (21504K), 2 survivors (2048K)
 Metaspace       used 15845K, committed 16064K, reserved 1064960K
  class space    used 1904K, committed 1984K, reserved 1048576K
}
Event: 8.368 GC heap after
{Heap after GC invocations=3 (full 0):
 garbage-first heap   total 65536K, used 11127K [0x00000000c1800000, 0x0000000100000000)
  region size 1024K, 3 young (3072K), 3 survivors (3072K)
 Metaspace       used 15845K, committed 16064K, reserved 1064960K
  class space    used 1904K, committed 1984K, reserved 1048576K
}
Event: 10.853 GC heap before
{Heap before GC invocations=3 (full 0):
 garbage-first heap   total 65536K, used 34679K [0x00000000c1800000, 0x0000000100000000)
  region size 1024K, 28 young (28672K), 3 survivors (3072K)
 Metaspace       used 21336K, committed 21504K, reserved 1073152K
  class space    used 2598K, committed 2688K, reserved 1048576K
}
Event: 10.865 GC heap after
{Heap after GC invocations=4 (full 0):
 garbage-first heap   total 65536K, used 12836K [0x00000000c1800000, 0x0000000100000000)
  region size 1024K, 4 young (4096K), 4 survivors (4096K)
 Metaspace       used 21336K, committed 21504K, reserved 1073152K
  class space    used 2598K, committed 2688K, reserved 1048576K
}
Event: 15.347 GC heap before
{Heap before GC invocations=5 (full 0):
 garbage-first heap   total 51200K, used 37412K [0x00000000c1800000, 0x0000000100000000)
  region size 1024K, 30 young (30720K), 4 survivors (4096K)
 Metaspace       used 25472K, committed 25728K, reserved 1073152K
  class space    used 3126K, committed 3264K, reserved 1048576K
}
Event: 15.360 GC heap after
{Heap after GC invocations=6 (full 0):
 garbage-first heap   total 51200K, used 14055K [0x00000000c1800000, 0x0000000100000000)
  region size 1024K, 3 young (3072K), 3 survivors (3072K)
 Metaspace       used 25472K, committed 25728K, reserved 1073152K
  class space    used 3126K, committed 3264K, reserved 1048576K
}
Event: 23.377 GC heap before
{Heap before GC invocations=6 (full 0):
 garbage-first heap   total 51200K, used 32487K [0x00000000c1800000, 0x0000000100000000)
  region size 1024K, 22 young (22528K), 3 survivors (3072K)
 Metaspace       used 28615K, committed 28864K, reserved 1081344K
  class space    used 3578K, committed 3712K, reserved 1048576K
}
Event: 23.391 GC heap after
{Heap after GC invocations=7 (full 0):
 garbage-first heap   total 51200K, used 16219K [0x00000000c1800000, 0x0000000100000000)
  region size 1024K, 3 young (3072K), 3 survivors (3072K)
 Metaspace       used 28615K, committed 28864K, reserved 1081344K
  class space    used 3578K, committed 3712K, reserved 1048576K
}

Deoptimization events (4 events):
Event: 4.909 Thread 0x0000022345bb3630 DEOPT PACKING pc=0x0000022348a5a05d sp=0x00000075a18faff0
Event: 4.909 Thread 0x0000022345bb3630 DEOPT UNPACKING pc=0x0000022348892b43 sp=0x00000075a18fa558 mode 3
Event: 10.802 Thread 0x0000022345bb3630 DEOPT PACKING pc=0x0000022348d1ca19 sp=0x00000075a18fd070
Event: 10.802 Thread 0x0000022345bb3630 DEOPT UNPACKING pc=0x0000022348892b43 sp=0x00000075a18fc550 mode 3

Classes unloaded (0 events):
No events

Classes redefined (0 events):
No events

Internal exceptions (20 events):
Event: 10.973 Thread 0x0000022345bb3630 Exception <a 'java/lang/ClassNotFoundException'{0x00000000c444cab8}: org/springframework/beans/factory/config/BeanFactoryPostProcessorCustomizer> (0x00000000c444cab8) 
thrown [s\src\hotspot\share\classfile\systemDictionary.cpp, line 256]
Event: 10.974 Thread 0x0000022345bb3630 Exception <a 'java/lang/ClassNotFoundException'{0x00000000c44530d0}: org/springframework/core/PriorityOrderedCustomizer> (0x00000000c44530d0) 
thrown [s\src\hotspot\share\classfile\systemDictionary.cpp, line 256]
Event: 10.975 Thread 0x0000022345bb3630 Exception <a 'java/lang/ClassNotFoundException'{0x00000000c4458270}: org/springframework/core/OrderedCustomizer> (0x00000000c4458270) 
thrown [s\src\hotspot\share\classfile\systemDictionary.cpp, line 256]
Event: 10.975 Thread 0x0000022345bb3630 Exception <a 'java/lang/ClassNotFoundException'{0x00000000c445e818}: org/springframework/context/ResourceLoaderAwareCustomizer> (0x00000000c445e818) 
thrown [s\src\hotspot\share\classfile\systemDictionary.cpp, line 256]
Event: 10.976 Thread 0x000002235210b560 Exception <a 'java/lang/NoSuchMethodError'{0x00000000c430e300}: 'java.lang.Object java.lang.invoke.DirectMethodHandle$Holder.invokeVirtual(java.lang.Object, java.lang.Object, java.lang.Object, java.lang.Object)'> (0x00000000c430e300) 
thrown [s\src\hotspot\share\interpreter\linkResolver.cpp, line 759]
Event: 10.977 Thread 0x0000022345bb3630 Exception <a 'java/lang/ClassNotFoundException'{0x00000000c4464e88}: org/springframework/beans/factory/AwareCustomizer> (0x00000000c4464e88) 
thrown [s\src\hotspot\share\classfile\systemDictionary.cpp, line 256]
Event: 10.978 Thread 0x0000022345bb3630 Exception <a 'java/lang/ClassNotFoundException'{0x00000000c446a550}: org/springframework/context/ApplicationStartupAwareCustomizer> (0x00000000c446a550) 
thrown [s\src\hotspot\share\classfile\systemDictionary.cpp, line 256]
Event: 10.979 Thread 0x0000022345bb3630 Exception <a 'java/lang/ClassNotFoundException'{0x00000000c4470e48}: org/springframework/beans/factory/AwareCustomizer> (0x00000000c4470e48) 
thrown [s\src\hotspot\share\classfile\systemDictionary.cpp, line 256]
Event: 10.979 Thread 0x0000022345bb3630 Exception <a 'java/lang/ClassNotFoundException'{0x00000000c4337a98}: org/springframework/beans/factory/BeanClassLoaderAwareCustomizer> (0x00000000c4337a98) 
thrown [s\src\hotspot\share\classfile\systemDictionary.cpp, line 256]
Event: 10.980 Thread 0x0000022345bb3630 Exception <a 'java/lang/ClassNotFoundException'{0x00000000c433e0f0}: org/springframework/beans/factory/AwareCustomizer> (0x00000000c433e0f0) 
thrown [s\src\hotspot\share\classfile\systemDictionary.cpp, line 256]
Event: 10.981 Thread 0x0000022345bb3630 Exception <a 'java/lang/ClassNotFoundException'{0x00000000c43434a0}: org/springframework/context/EnvironmentAwareCustomizer> (0x00000000c43434a0) 
thrown [s\src\hotspot\share\classfile\systemDictionary.cpp, line 256]
Event: 10.982 Thread 0x0000022345bb3630 Exception <a 'java/lang/ClassNotFoundException'{0x00000000c4349a90}: org/springframework/beans/factory/AwareCustomizer> (0x00000000c4349a90) 
thrown [s\src\hotspot\share\classfile\systemDictionary.cpp, line 256]
Event: 13.899 Thread 0x0000022345bb3630 Exception <a 'java/lang/IncompatibleClassChangeError'{0x00000000c33ad388}: Found class java.lang.Object, but interface was expected> (0x00000000c33ad388) 
thrown [s\src\hotspot\share\interpreter\linkResolver.cpp, line 826]
Event: 14.074 Thread 0x0000022345bb3630 Exception <a 'java/lang/NoSuchMethodError'{0x00000000c316ebe0}: 'void java.lang.invoke.DirectMethodHandle$Holder.invokeInterface(java.lang.Object, java.lang.Object, java.lang.Object, java.lang.Object)'> (0x00000000c316ebe0) 
thrown [s\src\hotspot\share\interpreter\linkResolver.cpp, line 759]
Event: 15.447 Thread 0x0000022345bb3630 Exception <a 'java/lang/NoSuchMethodError'{0x00000000c48ca5c8}: 'void java.lang.invoke.DirectMethodHandle$Holder.invokeSpecial(java.lang.Object, java.lang.Object, java.lang.Object, java.lang.Object, java.lang.Object, java.lang.Object)'> (0x00000000c48ca5c8) 
thrown [s\src\hotspot\share\interpreter\linkResolver.cpp, line 759]
Event: 15.515 Thread 0x0000022345bb3630 Exception <a 'java/lang/NoSuchMethodError'{0x00000000c4688140}: 'java.lang.Object java.lang.invoke.DirectMethodHandle$Holder.invokeStaticInit(java.lang.Object, int, int, int, int)'> (0x00000000c4688140) 
thrown [s\src\hotspot\share\interpreter\linkResolver.cpp, line 759]
Event: 15.736 Thread 0x0000022345bb3630 Exception <a 'java/lang/NoSuchMethodError'{0x00000000c46aa7b8}: 'java.lang.Object java.lang.invoke.DirectMethodHandle$Holder.invokeStaticInit(java.lang.Object, java.lang.Object, int, int, int, int)'> (0x00000000c46aa7b8) 
thrown [s\src\hotspot\share\interpreter\linkResolver.cpp, line 759]
Event: 15.829 Thread 0x0000022345bb3630 Exception <a 'java/lang/NoSuchMethodError'{0x00000000c44ac938}: 'void java.lang.invoke.DirectMethodHandle$Holder.invokeVirtual(java.lang.Object, java.lang.Object)'> (0x00000000c44ac938) 
thrown [s\src\hotspot\share\interpreter\linkResolver.cpp, line 759]
Event: 16.218 Thread 0x0000022345bb3630 Exception <a 'java/lang/NoSuchMethodError'{0x00000000c4011328}: 'int java.lang.invoke.DirectMethodHandle$Holder.invokeVirtual(java.lang.Object, java.lang.Object, java.lang.Object)'> (0x00000000c4011328) 
thrown [s\src\hotspot\share\interpreter\linkResolver.cpp, line 759]
Event: 17.227 Thread 0x0000022345bb3630 Exception <a 'java/lang/NoSuchMethodError'{0x00000000c3e4b4b0}: 'void java.lang.invoke.DirectMethodHandle$Holder.invokeSpecialIFC(java.lang.Object, java.lang.Object, java.lang.Object)'> (0x00000000c3e4b4b0) 
thrown [s\src\hotspot\share\interpreter\linkResolver.cpp, line 759]

VM Operations (20 events):
Event: 15.347 Executing VM operation: G1CollectForAllocation
Event: 15.360 Executing VM operation: G1CollectForAllocation done
Event: 15.484 Executing VM operation: HandshakeAllThreads
Event: 15.484 Executing VM operation: HandshakeAllThreads done
Event: 15.826 Executing VM operation: HandshakeAllThreads
Event: 15.826 Executing VM operation: HandshakeAllThreads done
Event: 16.838 Executing VM operation: Cleanup
Event: 16.838 Executing VM operation: Cleanup done
Event: 17.838 Executing VM operation: Cleanup
Event: 17.838 Executing VM operation: Cleanup done
Event: 18.841 Executing VM operation: Cleanup
Event: 18.841 Executing VM operation: Cleanup done
Event: 21.719 Executing VM operation: HandshakeAllThreads
Event: 21.719 Executing VM operation: HandshakeAllThreads done
Event: 22.730 Executing VM operation: Cleanup
Event: 22.730 Executing VM operation: Cleanup done
Event: 23.377 Executing VM operation: G1CollectForAllocation
Event: 23.391 Executing VM operation: G1CollectForAllocation done
Event: 24.398 Executing VM operation: Cleanup
Event: 24.398 Executing VM operation: Cleanup done

Events (20 events):
Event: 17.793 loading class java/util/concurrent/ConcurrentLinkedQueue$Node done
Event: 17.810 loading class java/util/concurrent/SynchronousQueue
Event: 17.810 loading class java/util/concurrent/SynchronousQueue done
Event: 17.810 loading class java/util/concurrent/SynchronousQueue$TransferStack
Event: 17.811 loading class java/util/concurrent/SynchronousQueue$Transferer
Event: 17.811 loading class java/util/concurrent/SynchronousQueue$Transferer done
Event: 17.811 loading class java/util/concurrent/SynchronousQueue$TransferStack done
Event: 17.811 loading class java/util/concurrent/SynchronousQueue$TransferStack$SNode
Event: 17.811 loading class java/util/concurrent/SynchronousQueue$TransferStack$SNode done
Event: 19.999 Thread 0x0000022351409050 Thread exited: 0x0000022351409050
Event: 20.211 loading class java/util/regex/Pattern$Caret
Event: 20.211 loading class java/util/regex/Pattern$Caret done
Event: 20.429 loading class java/io/FileReader
Event: 20.429 loading class java/io/FileReader done
Event: 21.718 loading class java/util/concurrent/Executors$FinalizableDelegatedExecutorService
Event: 21.718 loading class java/util/concurrent/Executors$FinalizableDelegatedExecutorService done
Event: 21.942 loading class sun/reflect/generics/repository/FieldRepository
Event: 21.942 loading class sun/reflect/generics/repository/FieldRepository done
Event: 24.196 loading class org/w3c/dom/Document
Event: 24.301 loading class org/w3c/dom/Document done


Dynamic libraries:
0x00007ff7b7420000 - 0x00007ff7b742e000 	c:\Users\Luz Stella Alvarez\.vscode\extensions\redhat.java-1.12.0-win32-x64\jre\17.0.4.1-win32-x86_64\bin\java.exe
0x00007ffd0cb70000 - 0x00007ffd0cd68000 	C:\WINDOWS\SYSTEM32\ntdll.dll
0x00007ffcd55b0000 - 0x00007ffcd55c7000 	C:\Program Files\AVAST Software\Avast\aswhook.dll
0x00007ffd0b280000 - 0x00007ffd0b33d000 	C:\WINDOWS\System32\KERNEL32.DLL
0x00007ffd0a320000 - 0x00007ffd0a5f2000 	C:\WINDOWS\System32\KERNELBASE.dll
0x00007ffd0aa50000 - 0x00007ffd0ab50000 	C:\WINDOWS\System32\ucrtbase.dll
0x00007ffcf36c0000 - 0x00007ffcf36d9000 	c:\Users\Luz Stella Alvarez\.vscode\extensions\redhat.java-1.12.0-win32-x64\jre\17.0.4.1-win32-x86_64\bin\VCRUNTIME140.dll
0x00007ffcfbd60000 - 0x00007ffcfbd78000 	c:\Users\Luz Stella Alvarez\.vscode\extensions\redhat.java-1.12.0-win32-x64\jre\17.0.4.1-win32-x86_64\bin\jli.dll
0x00007ffcfb4d0000 - 0x00007ffcfb76a000 	C:\WINDOWS\WinSxS\amd64_microsoft.windows.common-controls_6595b64144ccf1df_6.0.19041.1110_none_60b5254171f9507e\COMCTL32.dll
0x00007ffd0c160000 - 0x00007ffd0c1fe000 	C:\WINDOWS\System32\msvcrt.dll
0x00007ffd0bd70000 - 0x00007ffd0bf0d000 	C:\WINDOWS\System32\USER32.dll
0x00007ffd0bf10000 - 0x00007ffd0bf3b000 	C:\WINDOWS\System32\GDI32.dll
0x00007ffd0a280000 - 0x00007ffd0a2a2000 	C:\WINDOWS\System32\win32u.dll
0x00007ffd0a600000 - 0x00007ffd0a70f000 	C:\WINDOWS\System32\gdi32full.dll
0x00007ffd0a850000 - 0x00007ffd0a8ed000 	C:\WINDOWS\System32\msvcp_win.dll
0x00007ffd0bf40000 - 0x00007ffd0bf70000 	C:\WINDOWS\System32\IMM32.DLL
0x00007ffd06230000 - 0x00007ffd0623c000 	c:\Users\Luz Stella Alvarez\.vscode\extensions\redhat.java-1.12.0-win32-x64\jre\17.0.4.1-win32-x86_64\bin\vcruntime140_1.dll
0x00007ffce3ba0000 - 0x00007ffce3c31000 	c:\Users\Luz Stella Alvarez\.vscode\extensions\redhat.java-1.12.0-win32-x64\jre\17.0.4.1-win32-x86_64\bin\msvcp140.dll
0x00007ffcb4b60000 - 0x00007ffcb57a6000 	c:\Users\Luz Stella Alvarez\.vscode\extensions\redhat.java-1.12.0-win32-x64\jre\17.0.4.1-win32-x86_64\bin\server\jvm.dll
0x00007ffd0abd0000 - 0x00007ffd0ac7e000 	C:\WINDOWS\System32\ADVAPI32.dll
0x00007ffd0b4c0000 - 0x00007ffd0b55c000 	C:\WINDOWS\System32\sechost.dll
0x00007ffd0b6b0000 - 0x00007ffd0b7d5000 	C:\WINDOWS\System32\RPCRT4.dll
0x00007ffd0c0a0000 - 0x00007ffd0c0a8000 	C:\WINDOWS\System32\PSAPI.DLL
0x00007ffcfa360000 - 0x00007ffcfa369000 	C:\WINDOWS\SYSTEM32\WSOCK32.dll
0x00007ffd0b640000 - 0x00007ffd0b6ab000 	C:\WINDOWS\System32\WS2_32.dll
0x00007ffcfbeb0000 - 0x00007ffcfbed7000 	C:\WINDOWS\SYSTEM32\WINMM.dll
0x00007ffd00870000 - 0x00007ffd0087a000 	C:\WINDOWS\SYSTEM32\VERSION.dll
0x00007ffd08030000 - 0x00007ffd08042000 	C:\WINDOWS\SYSTEM32\kernel.appcore.dll
0x00007ffcf4d50000 - 0x00007ffcf4d5a000 	c:\Users\Luz Stella Alvarez\.vscode\extensions\redhat.java-1.12.0-win32-x64\jre\17.0.4.1-win32-x86_64\bin\jimage.dll
0x00007ffcffec0000 - 0x00007ffd000a4000 	C:\WINDOWS\SYSTEM32\DBGHELP.DLL
0x00007ffcfe310000 - 0x00007ffcfe33c000 	C:\WINDOWS\SYSTEM32\dbgcore.DLL
0x00007ffd0a7c0000 - 0x00007ffd0a842000 	C:\WINDOWS\System32\bcryptPrimitives.dll
0x00007ffcef900000 - 0x00007ffcef925000 	c:\Users\Luz Stella Alvarez\.vscode\extensions\redhat.java-1.12.0-win32-x64\jre\17.0.4.1-win32-x86_64\bin\java.dll
0x00007ffd061d0000 - 0x00007ffd061e8000 	c:\Users\Luz Stella Alvarez\.vscode\extensions\redhat.java-1.12.0-win32-x64\jre\17.0.4.1-win32-x86_64\bin\zip.dll
0x00007ffd0c3e0000 - 0x00007ffd0cb23000 	C:\WINDOWS\System32\SHELL32.dll
0x00007ffd08340000 - 0x00007ffd08ad1000 	C:\WINDOWS\SYSTEM32\windows.storage.dll
0x00007ffd0b7f0000 - 0x00007ffd0bb44000 	C:\WINDOWS\System32\combase.dll
0x00007ffd09c00000 - 0x00007ffd09c30000 	C:\WINDOWS\SYSTEM32\Wldp.dll
0x00007ffd0c0b0000 - 0x00007ffd0c15d000 	C:\WINDOWS\System32\SHCORE.dll
0x00007ffd0b340000 - 0x00007ffd0b395000 	C:\WINDOWS\System32\shlwapi.dll
0x00007ffd0a1c0000 - 0x00007ffd0a1df000 	C:\WINDOWS\SYSTEM32\profapi.dll
0x00007ffd061b0000 - 0x00007ffd061c9000 	C:\Users\Luz Stella Alvarez\.vscode\extensions\redhat.java-1.12.0-win32-x64\jre\17.0.4.1-win32-x86_64\bin\net.dll
0x00007ffd01ef0000 - 0x00007ffd01ffd000 	C:\WINDOWS\SYSTEM32\WINHTTP.dll
0x00007ffd09960000 - 0x00007ffd099ca000 	C:\WINDOWS\system32\mswsock.dll
0x00007ffd05cf0000 - 0x00007ffd05d05000 	C:\Users\Luz Stella Alvarez\.vscode\extensions\redhat.java-1.12.0-win32-x64\jre\17.0.4.1-win32-x86_64\bin\nio.dll
0x00007ffd06220000 - 0x00007ffd06230000 	c:\Users\Luz Stella Alvarez\.vscode\extensions\redhat.java-1.12.0-win32-x64\jre\17.0.4.1-win32-x86_64\bin\verify.dll
0x00007ffcf8080000 - 0x00007ffcf8089000 	C:\Users\Luz Stella Alvarez\.vscode\extensions\redhat.java-1.12.0-win32-x64\jre\17.0.4.1-win32-x86_64\bin\management.dll
0x00007ffcf4320000 - 0x00007ffcf432b000 	C:\Users\Luz Stella Alvarez\.vscode\extensions\redhat.java-1.12.0-win32-x64\jre\17.0.4.1-win32-x86_64\bin\management_ext.dll
0x00007ffcf1f00000 - 0x00007ffcf1f17000 	C:\WINDOWS\system32\napinsp.dll
0x00007ffcf1f20000 - 0x00007ffcf1f3b000 	C:\WINDOWS\system32\pnrpnsp.dll
0x00007ffcf2ea0000 - 0x00007ffcf2eb5000 	C:\WINDOWS\system32\wshbth.dll
0x00007ffd05980000 - 0x00007ffd0599d000 	C:\WINDOWS\system32\NLAapi.dll
0x00007ffd09650000 - 0x00007ffd0968b000 	C:\WINDOWS\SYSTEM32\IPHLPAPI.DLL
0x00007ffd09690000 - 0x00007ffd0975a000 	C:\WINDOWS\SYSTEM32\DNSAPI.dll
0x00007ffd0b7e0000 - 0x00007ffd0b7e8000 	C:\WINDOWS\System32\NSI.dll
0x00007ffcf2f00000 - 0x00007ffcf2f12000 	C:\WINDOWS\System32\winrnr.dll
0x00007ffd00330000 - 0x00007ffd0033a000 	C:\Windows\System32\rasadhlp.dll
0x00007ffd02100000 - 0x00007ffd02180000 	C:\WINDOWS\System32\fwpuclnt.dll
0x00007ffd0aba0000 - 0x00007ffd0abc7000 	C:\WINDOWS\System32\bcrypt.dll
0x00007ffd09b50000 - 0x00007ffd09b68000 	C:\WINDOWS\SYSTEM32\CRYPTSP.dll
0x00007ffd09280000 - 0x00007ffd092b4000 	C:\WINDOWS\system32\rsaenh.dll
0x00007ffd0a0f0000 - 0x00007ffd0a11e000 	C:\WINDOWS\SYSTEM32\USERENV.dll
0x00007ffd09b70000 - 0x00007ffd09b7c000 	C:\WINDOWS\SYSTEM32\CRYPTBASE.dll
0x00007ffd03b90000 - 0x00007ffd03ba7000 	C:\WINDOWS\SYSTEM32\dhcpcsvc6.DLL
0x00007ffd03c20000 - 0x00007ffd03c3d000 	C:\WINDOWS\SYSTEM32\dhcpcsvc.DLL

dbghelp: loaded successfully - version: 4.0.5 - missing functions: none
symbol engine: initialized successfully - sym options: 0x614 - pdb path: .;c:\Users\Luz Stella Alvarez\.vscode\extensions\redhat.java-1.12.0-win32-x64\jre\17.0.4.1-win32-x86_64\bin;C:\WINDOWS\SYSTEM32;C:\Program Files\AVAST Software\Avast;C:\WINDOWS\WinSxS\amd64_microsoft.windows.common-controls_6595b64144ccf1df_6.0.19041.1110_none_60b5254171f9507e;c:\Users\Luz Stella Alvarez\.vscode\extensions\redhat.java-1.12.0-win32-x64\jre\17.0.4.1-win32-x86_64\bin\server

VM Arguments:
jvm_args: -Dsts.lsp.client=vscode -Dsts.log.file=/dev/null -XX:TieredStopAtLevel=1 -Xlog:jni+resolve=off -Dspring.config.location=file:c:\Users\Luz Stella Alvarez\.vscode\extensions\pivotal.vscode-spring-boot-1.40.0\language-server\BOOT-INF\classes\application.properties 
java_command: org.springframework.ide.vscode.boot.app.BootLanguageServerBootApp
java_class_path (initial): c:\Users\Luz Stella Alvarez\.vscode\extensions\pivotal.vscode-spring-boot-1.40.0\language-server\BOOT-INF\classes;c:\Users\Luz Stella Alvarez\.vscode\extensions\pivotal.vscode-spring-boot-1.40.0\language-server\BOOT-INF\lib\annotations-23.0.0.jar;c:\Users\Luz Stella Alvarez\.vscode\extensions\pivotal.vscode-spring-boot-1.40.0\language-server\BOOT-INF\lib\ant-1.10.12.jar;c:\Users\Luz Stella Alvarez\.vscode\extensions\pivotal.vscode-spring-boot-1.40.0\language-server\BOOT-INF\lib\ant-launcher-1.10.12.jar;c:\Users\Luz Stella Alvarez\.vscode\extensions\pivotal.vscode-spring-boot-1.40.0\language-server\BOOT-INF\lib\antlr-runtime-3.5.2.jar;c:\Users\Luz Stella Alvarez\.vscode\extensions\pivotal.vscode-spring-boot-1.40.0\language-server\BOOT-INF\lib\antlr4-4.9.3.jar;c:\Users\Luz Stella Alvarez\.vscode\extensions\pivotal.vscode-spring-boot-1.40.0\language-server\BOOT-INF\lib\antlr4-runtime-4.9.3.jar;c:\Users\Luz Stella Alvarez\.vscode\extensions\pivotal.vscode-spring-boot-1.40.0\language-server\BOOT-INF\lib\asm-9.3.jar;c:\Users\Luz Stella Alvarez\.vscode\extensions\pivotal.vscode-spring-boot-1.40.0\language-server\BOOT-INF\lib\asm-analysis-9.3.jar;c:\Users\Luz Stella Alvarez\.vscode\extensions\pivotal.vscode-spring-boot-1.40.0\language-server\BOOT-INF\lib\asm-tree-9.3.jar;c:\Users\Luz Stella Alvarez\.vscode\extensions\pivotal.vscode-spring-boot-1.40.0\language-server\BOOT-INF\lib\asm-util-9.3.jar;c:\Users\Luz Stella Alvarez\.vscode\extensions\pivotal.vscode-spring-boot-1.40.0\language-server\BOOT-INF\lib\byte-buddy-1.12.13.jar;c:\Users\Luz Stella Alvarez\.vscode\extensions\pivotal.vscode-spring-boot-1.40.0\language-server\BOOT-INF\lib\caffeine-2.9.3.jar;c:\Users\Luz Stella Alvarez\.vscode\extensions\pivotal.vscode-spring-boot-1.40.0\language-server\BOOT-INF\lib\checker-qual-3.12.0.jar;c:\Users\Luz Stella Alvarez\.vscode\extensions\pivotal.vscode-spring-boot-1.40.0\language-server\BOOT-INF\lib\classgraph-4.8.149.jar;c:\Users\Luz Stella Alvarez\.vs
Launcher Type: SUN_STANDARD

[Global flags]
     intx CICompilerCount                          = 3                                         {product} {ergonomic}
     uint ConcGCThreads                            = 1                                         {product} {ergonomic}
     uint G1ConcRefinementThreads                  = 4                                         {product} {ergonomic}
   size_t G1HeapRegionSize                         = 1048576                                   {product} {ergonomic}
    uintx GCDrainStackTargetSize                   = 64                                        {product} {ergonomic}
   size_t InitialHeapSize                          = 67108864                                  {product} {ergonomic}
   size_t MarkStackSize                            = 4194304                                   {product} {ergonomic}
   size_t MaxHeapSize                              = 1048576000                                {product} {ergonomic}
   size_t MaxNewSize                               = 629145600                                 {product} {ergonomic}
   size_t MinHeapDeltaBytes                        = 1048576                                   {product} {ergonomic}
   size_t MinHeapSize                              = 8388608                                   {product} {ergonomic}
    uintx NonProfiledCodeHeapSize                  = 0                                      {pd product} {ergonomic}
     bool ProfileInterpreter                       = false                                  {pd product} {command line}
    uintx ProfiledCodeHeapSize                     = 0                                      {pd product} {ergonomic}
   size_t SoftMaxHeapSize                          = 1048576000                             {manageable} {ergonomic}
     intx TieredStopAtLevel                        = 1                                         {product} {command line}
     bool UseCompressedClassPointers               = true                           {product lp64_product} {ergonomic}
     bool UseCompressedOops                        = true                           {product lp64_product} {ergonomic}
     bool UseG1GC                                  = true                                      {product} {ergonomic}
     bool UseLargePagesIndividualAllocation        = false                                  {pd product} {ergonomic}

Logging:
Log output configuration:
 #0: stdout all=warning,jni+resolve=off uptime,level,tags
 #1: stderr all=off uptime,level,tags

Environment Variables:
PATH=C:\Users\Luz Stella Alvarez\bin;C:\Program Files\Git\mingw64\bin;C:\Program Files\Git\usr\local\bin;C:\Program Files\Git\usr\bin;C:\Program Files\Git\usr\bin;C:\Program Files\Git\mingw64\bin;C:\Program Files\Git\usr\bin;C:\Users\Luz Stella Alvarez\bin;C:\Program Files\Common Files\Oracle\Java\javapath;C:\Program Files (x86)\Common Files\Oracle\Java\javapath;C:\WINDOWS\system32;C:\WINDOWS;C:\WINDOWS\System32\Wbem;C:\WINDOWS\System32\WindowsPowerShell\v1.0;C:\WINDOWS\System32\OpenSSH;C:\Program Files (x86)\Windows Live\Shared;C:\Program Files\Git\cmd;C:\maven\bin;C:\Program Files\nodejs;C:\Program Files\MySQL\MySQL Shell 8.0\bin;C:\Users\Luz Stella Alvarez\AppData\Local\Programs\Python\Python310\Scripts;C:\Users\Luz Stella Alvarez\AppData\Local\Programs\Python\Python310;C:\Users\Luz Stella Alvarez\AppData\Local\Microsoft\WindowsApps;C:\Users\Luz Stella Alvarez\AppData\Local\Programs\Microsoft VS Code\bin;C:\Users\Luz Stella Alvarez\AppData\Roaming\npm;C:\Program Files\Git\usr\bin\vendor_perl;C:\Program Files\Git\usr\bin\core_perl
USERNAME=Luz Stella Alvarez
SHELL=C:\Program Files\Git\usr\bin\bash.exe
DISPLAY=needs-to-be-defined
LC_CTYPE=es_ES.UTF-8
TERM=xterm
TMPDIR=C:\Users\LUZSTE~1\AppData\Local\Temp
OS=Windows_NT
PROCESSOR_IDENTIFIER=Intel64 Family 6 Model 58 Stepping 9, GenuineIntel
TMP=C:\Users\LUZSTE~1\AppData\Local\Temp
TEMP=C:\Users\LUZSTE~1\AppData\Local\Temp



---------------  S Y S T E M  ---------------

OS:
 Windows 10 , 64 bit Build 19041 (10.0.19041.1889)
OS uptime: 0 days 3:43 hours

CPU: total 4 (initial active 4) (2 cores per cpu, 2 threads per core) family 6 model 58 stepping 9 microcode 0x21, cx8, cmov, fxsr, ht, mmx, sse, sse2, sse3, ssse3, sse4.1, sse4.2, popcnt, tsc, tscinvbit, avx, erms, clmul, vzeroupper, clflush

Memory: 4k page, system-wide physical 3992M (520M free)
TotalPageFile size 8092M (AvailPageFile size 249M)
current process WorkingSet (physical memory assigned to process): 119M, peak: 119M
current process commit charge ("private bytes"): 152M, peak: 155M

vm_info: OpenJDK 64-Bit Server VM (17.0.4.1+1) for windows-amd64 JRE (17.0.4.1+1), built on Aug 17 2022 07:42:43 by "temurin" with MS VC++ 16.7 (VS2019)

END.
