#
# There is insufficient memory for the Java Runtime Environment to continue.
# Native memory allocation (mmap) failed to map 170917888 bytes for G1 virtual space
# Possible reasons:
#   The system is out of physical RAM or swap space
#   The process is running with CompressedOops enabled, and the Java Heap may be blocking the growth of the native heap
# Possible solutions:
#   Reduce memory load on the system
#   Increase physical memory or swap space
#   Check if swap backing store is full
#   Decrease Java heap size (-Xmx/-Xms)
#   Decrease number of Java threads
#   Decrease Java thread stack sizes (-Xss)
#   Set larger code cache with -XX:ReservedCodeCacheSize=
#   JVM is running with Unscaled Compressed Oops mode in which the Java heap is
#     placed in the first 4GB address space. The Java Heap base address is the
#     maximum limit for the native heap growth. Please use -XX:HeapBaseMinAddress
#     to set the Java Heap base and to place the Java Heap above 4GB virtual address.
# This output file may be truncated or incomplete.
#
#  Out of Memory Error (os_windows.cpp:3541), pid=10056, tid=12032
#
# JRE version: OpenJDK Runtime Environment Temurin-17.0.4.1+1 (17.0.4.1+1) (build 17.0.4.1+1)
# Java VM: OpenJDK 64-Bit Server VM Temurin-17.0.4.1+1 (17.0.4.1+1, mixed mode, emulated-client, tiered, compressed oops, compressed class ptrs, g1 gc, windows-amd64)
# No core dump will be written. Minidumps are not enabled by default on client versions of Windows
#

---------------  S U M M A R Y ------------

Command Line: -Dsts.lsp.client=vscode -Dsts.log.file=/dev/null -XX:TieredStopAtLevel=1 -Xlog:jni+resolve=off -Dspring.config.location=file:c:\Users\Luz Stella Alvarez\.vscode\extensions\pivotal.vscode-spring-boot-1.40.0\language-server\BOOT-INF\classes\application.properties org.springframework.ide.vscode.boot.app.BootLanguageServerBootApp

Host: Intel(R) Core(TM) i3-3217U CPU @ 1.80GHz, 4 cores, 3G,  Windows 10 , 64 bit Build 19041 (10.0.19041.1889)
Time: Sun Nov 27 19:08:25 2022 Hora est. Pacífico, Sudamérica elapsed time: 34.010349 seconds (0d 0h 0m 34s)

---------------  T H R E A D  ---------------

Current thread (0x0000026924311360):  VMThread "VM Thread" [stack: 0x000000d4b5200000,0x000000d4b5300000] [id=12032]

Stack: [0x000000d4b5200000,0x000000d4b5300000]
Native frames: (J=compiled Java code, j=interpreted, Vv=VM code, C=native code)
V  [jvm.dll+0x67731a]
V  [jvm.dll+0x832284]
V  [jvm.dll+0x833a2e]
V  [jvm.dll+0x834093]
V  [jvm.dll+0x245775]
V  [jvm.dll+0x674209]
V  [jvm.dll+0x668a92]
V  [jvm.dll+0x30471b]
V  [jvm.dll+0x30bc66]
V  [jvm.dll+0x35ba9e]
V  [jvm.dll+0x35bccf]
V  [jvm.dll+0x2db5b8]
V  [jvm.dll+0x2d986c]
V  [jvm.dll+0x2d8e3c]
V  [jvm.dll+0x31cd9b]
V  [jvm.dll+0x83853b]
V  [jvm.dll+0x839274]
V  [jvm.dll+0x83978c]
V  [jvm.dll+0x839b64]
V  [jvm.dll+0x839c30]
V  [jvm.dll+0x7e240a]
V  [jvm.dll+0x6761a5]
C  [ucrtbase.dll+0x21bb2]
C  [KERNEL32.DLL+0x17034]
C  [ntdll.dll+0x526a1]

VM_Operation (0x000000d4b70fde60): G1CollectForAllocation, mode: safepoint, requested by thread 0x0000026924e40290


---------------  P R O C E S S  ---------------

Threads class SMR info:
_java_thread_list=0x0000026926cd8b10, length=29, elements={
0x00000269242f3950, 0x0000026917fbe1c0, 0x0000026924342670, 0x0000026924343750,
0x00000269243467c0, 0x0000026924347820, 0x000002692434bd80, 0x000002692434d5c0,
0x0000026924ee7570, 0x0000026924efd1c0, 0x00000269269884e0, 0x0000026926c53050,
0x0000026926c53520, 0x0000026917ef5150, 0x0000026926b20870, 0x0000026926a7d020,
0x0000026926a7d4f0, 0x00000269268cc480, 0x00000269256cfa80, 0x0000026924e40760,
0x0000026924e3ef50, 0x0000026924e3f420, 0x0000026924e3f8f0, 0x0000026924e3fdc0,
0x0000026924e40290, 0x0000026926e03cf0, 0x0000026926e00cd0, 0x0000026926e04690,
0x0000026926dfd310
}

Java Threads: ( => current thread )
  0x00000269242f3950 JavaThread "Reference Handler" daemon [_thread_blocked, id=7312, stack(0x000000d4b5300000,0x000000d4b5400000)]
  0x0000026917fbe1c0 JavaThread "Finalizer" daemon [_thread_blocked, id=3824, stack(0x000000d4b5400000,0x000000d4b5500000)]
  0x0000026924342670 JavaThread "Signal Dispatcher" daemon [_thread_blocked, id=7708, stack(0x000000d4b5500000,0x000000d4b5600000)]
  0x0000026924343750 JavaThread "Attach Listener" daemon [_thread_blocked, id=11972, stack(0x000000d4b5600000,0x000000d4b5700000)]
  0x00000269243467c0 JavaThread "Service Thread" daemon [_thread_blocked, id=184, stack(0x000000d4b5700000,0x000000d4b5800000)]
  0x0000026924347820 JavaThread "Monitor Deflation Thread" daemon [_thread_blocked, id=12996, stack(0x000000d4b5800000,0x000000d4b5900000)]
  0x000002692434bd80 JavaThread "C1 CompilerThread0" daemon [_thread_blocked, id=12936, stack(0x000000d4b5900000,0x000000d4b5a00000)]
  0x000002692434d5c0 JavaThread "Sweeper thread" daemon [_thread_blocked, id=1260, stack(0x000000d4b5a00000,0x000000d4b5b00000)]
  0x0000026924ee7570 JavaThread "Notification Thread" daemon [_thread_blocked, id=9468, stack(0x000000d4b5d00000,0x000000d4b5e00000)]
  0x0000026924efd1c0 JavaThread "Common-Cleaner" daemon [_thread_blocked, id=3516, stack(0x000000d4b5f00000,0x000000d4b6000000)]
  0x00000269269884e0 JavaThread "boundedElastic-evictor-1" daemon [_thread_blocked, id=4960, stack(0x000000d4b6300000,0x000000d4b6400000)]
  0x0000026926c53050 JavaThread "pool-9-thread-1" [_thread_blocked, id=11368, stack(0x000000d4b6400000,0x000000d4b6500000)]
  0x0000026926c53520 JavaThread "LanguageServerApp-lifecycle" [_thread_blocked, id=12728, stack(0x000000d4b6500000,0x000000d4b6600000)]
  0x0000026917ef5150 JavaThread "DestroyJavaVM" [_thread_blocked, id=2804, stack(0x000000d4b4c00000,0x000000d4b4d00000)]
  0x0000026926b20870 JavaThread "pool-10-thread-1" [_thread_in_native, id=13136, stack(0x000000d4b6600000,0x000000d4b6700000)]
  0x0000026926a7d020 JavaThread "Simple-Language-Server main thread" daemon [_thread_blocked, id=4304, stack(0x000000d4b6700000,0x000000d4b6800000)]
  0x0000026926a7d4f0 JavaThread "ForkJoinPool.commonPool-worker-1" daemon [_thread_blocked, id=4720, stack(0x000000d4b6800000,0x000000d4b6900000)]
  0x00000269268cc480 JavaThread "parallel-1" daemon [_thread_blocked, id=4916, stack(0x000000d4b6900000,0x000000d4b6a00000)]
  0x00000269256cfa80 JavaThread "Reconciler-1" daemon [_thread_blocked, id=7212, stack(0x000000d4b6a00000,0x000000d4b6b00000)]
  0x0000026924e40760 JavaThread "parallel-2" daemon [_thread_blocked, id=7080, stack(0x000000d4b6b00000,0x000000d4b6c00000)]
  0x0000026924e3ef50 JavaThread "ClassGraph-worker-0" daemon [_thread_blocked, id=11660, stack(0x000000d4b6c00000,0x000000d4b6d00000)]
  0x0000026924e3f420 JavaThread "ClassGraph-worker-1" daemon [_thread_blocked, id=7928, stack(0x000000d4b6d00000,0x000000d4b6e00000)]
  0x0000026924e3f8f0 JavaThread "ClassGraph-worker-2" daemon [_thread_blocked, id=6704, stack(0x000000d4b6e00000,0x000000d4b6f00000)]
  0x0000026924e3fdc0 JavaThread "ClassGraph-worker-3" daemon [_thread_blocked, id=9848, stack(0x000000d4b6f00000,0x000000d4b7000000)]
  0x0000026924e40290 JavaThread "ClassGraph-worker-4" daemon [_thread_blocked, id=3336, stack(0x000000d4b7000000,0x000000d4b7100000)]
  0x0000026926e03cf0 JavaThread "ClassGraph-worker-5" daemon [_thread_blocked, id=8512, stack(0x000000d4b7100000,0x000000d4b7200000)]
  0x0000026926e00cd0 JavaThread "ClassGraph-worker-6" daemon [_thread_blocked, id=10680, stack(0x000000d4b7200000,0x000000d4b7300000)]
  0x0000026926e04690 JavaThread "ClassGraph-worker-7" daemon [_thread_blocked, id=2148, stack(0x000000d4b7300000,0x000000d4b7400000)]
  0x0000026926dfd310 JavaThread "pool-5-thread-1" [_thread_blocked, id=11192, stack(0x000000d4b7700000,0x000000d4b7800000)]

Other Threads:
=>0x0000026924311360 VMThread "VM Thread" [stack: 0x000000d4b5200000,0x000000d4b5300000] [id=12032]
  0x0000026917f464e0 WatcherThread [stack: 0x000000d4b5e00000,0x000000d4b5f00000] [id=2800]
  0x0000026917f2edb0 GCTaskThread "GC Thread#0" [stack: 0x000000d4b4d00000,0x000000d4b4e00000] [id=7356]
  0x000002692570f920 GCTaskThread "GC Thread#1" [stack: 0x000000d4b6000000,0x000000d4b6100000] [id=6756]
  0x0000026925729460 GCTaskThread "GC Thread#2" [stack: 0x000000d4b6100000,0x000000d4b6200000] [id=11776]
  0x000002692586e8a0 GCTaskThread "GC Thread#3" [stack: 0x000000d4b6200000,0x000000d4b6300000] [id=12296]
  0x0000026917f399e0 ConcurrentGCThread "G1 Main Marker" [stack: 0x000000d4b4e00000,0x000000d4b4f00000] [id=9428]
  0x0000026917f3caa0 ConcurrentGCThread "G1 Conc#0" [stack: 0x000000d4b4f00000,0x000000d4b5000000] [id=3212]
  0x0000026917f8f910 ConcurrentGCThread "G1 Refine#0" [stack: 0x000000d4b5000000,0x000000d4b5100000] [id=6000]
  0x0000026926e5bb10 ConcurrentGCThread "G1 Refine#1" [stack: 0x000000d4b7400000,0x000000d4b7500000] [id=3812]
  0x0000026926e5bdf0 ConcurrentGCThread "G1 Refine#2" [stack: 0x000000d4b7500000,0x000000d4b7600000] [id=10984]
  0x000002692898fe00 ConcurrentGCThread "G1 Refine#3" [stack: 0x000000d4b7600000,0x000000d4b7700000] [id=7620]
  0x0000026917f91150 ConcurrentGCThread "G1 Service" [stack: 0x000000d4b5100000,0x000000d4b5200000] [id=3188]

Threads with active compile tasks:

VM state: at safepoint (normal execution)

VM Mutex/Monitor currently owned by a thread:  ([mutex/lock_event])
[0x0000026917eee5f0] Threads_lock - owner thread: 0x0000026924311360
[0x0000026917eee3b0] Heap_lock - owner thread: 0x0000026924e40290

Heap address: 0x00000000c1800000, size: 1000 MB, Compressed Oops mode: 32-bit

CDS archive(s) not mapped
Compressed class space mapped at: 0x0000000100000000-0x0000000140000000, reserved size: 1073741824
Narrow klass base: 0x0000000000000000, Narrow klass shift: 3, Narrow klass range: 0x140000000

GC Precious Log:
 CPUs: 4 total, 4 available
 Memory: 3992M
 Large Page Support: Disabled
 NUMA Support: Disabled
 Compressed Oops: Enabled (32-bit)
 Heap Region Size: 1M
 Heap Min Capacity: 8M
 Heap Initial Capacity: 64M
 Heap Max Capacity: 1000M
 Pre-touch: Disabled
 Parallel Workers: 4
 Concurrent Workers: 1
 Concurrent Refinement Workers: 4
 Periodic GC: Disabled

Heap:
 garbage-first heap   total 250880K, used 120849K [0x00000000c1800000, 0x0000000100000000)
  region size 1024K, 2 young (2048K), 2 survivors (2048K)
 Metaspace       used 39117K, committed 39488K, reserved 1089536K
  class space    used 4945K, committed 5120K, reserved 1048576K

Heap Regions: E=young(eden), S=young(survivor), O=old, HS=humongous(starts), HC=humongous(continues), CS=collection set, F=free, OA=open archive, CA=closed archive, TAMS=top-at-mark-start (previous, next)
|   0|0x00000000c1800000, 0x00000000c1900000, 0x00000000c1900000|100%| O|  |TAMS 0x00000000c1900000, 0x00000000c1800000| Untracked 
|   1|0x00000000c1900000, 0x00000000c1a00000, 0x00000000c1a00000|100%| O|  |TAMS 0x00000000c1a00000, 0x00000000c1900000| Untracked 
|   2|0x00000000c1a00000, 0x00000000c1b00000, 0x00000000c1b00000|100%| O|  |TAMS 0x00000000c1b00000, 0x00000000c1a00000| Untracked 
|   3|0x00000000c1b00000, 0x00000000c1c00000, 0x00000000c1c00000|100%| O|  |TAMS 0x00000000c1c00000, 0x00000000c1b00000| Untracked 
|   4|0x00000000c1c00000, 0x00000000c1d00000, 0x00000000c1d00000|100%| O|  |TAMS 0x00000000c1d00000, 0x00000000c1c00000| Untracked 
|   5|0x00000000c1d00000, 0x00000000c1e00000, 0x00000000c1e00000|100%| O|  |TAMS 0x00000000c1e00000, 0x00000000c1d00000| Untracked 
|   6|0x00000000c1e00000, 0x00000000c1f00000, 0x00000000c1f00000|100%| O|  |TAMS 0x00000000c1f00000, 0x00000000c1e00000| Untracked 
|   7|0x00000000c1f00000, 0x00000000c2000000, 0x00000000c2000000|100%| O|  |TAMS 0x00000000c2000000, 0x00000000c1f00000| Untracked 
|   8|0x00000000c2000000, 0x00000000c2100000, 0x00000000c2100000|100%| O|  |TAMS 0x00000000c2100000, 0x00000000c2000000| Untracked 
|   9|0x00000000c2100000, 0x00000000c2200000, 0x00000000c2200000|100%| O|  |TAMS 0x00000000c2200000, 0x00000000c2100000| Untracked 
|  10|0x00000000c2200000, 0x00000000c2300000, 0x00000000c2300000|100%| O|  |TAMS 0x00000000c2300000, 0x00000000c2200000| Untracked 
|  11|0x00000000c2300000, 0x00000000c2400000, 0x00000000c2400000|100%| O|  |TAMS 0x00000000c2400000, 0x00000000c2300000| Untracked 
|  12|0x00000000c2400000, 0x00000000c2500000, 0x00000000c2500000|100%| O|  |TAMS 0x00000000c2500000, 0x00000000c2400000| Untracked 
|  13|0x00000000c2500000, 0x00000000c2600000, 0x00000000c2600000|100%| O|  |TAMS 0x00000000c2600000, 0x00000000c2500000| Untracked 
|  14|0x00000000c2600000, 0x00000000c2700000, 0x00000000c2700000|100%| O|  |TAMS 0x00000000c2700000, 0x00000000c2600000| Untracked 
|  15|0x00000000c2700000, 0x00000000c2800000, 0x00000000c2800000|100%| O|  |TAMS 0x00000000c2800000, 0x00000000c2700000| Untracked 
|  16|0x00000000c2800000, 0x00000000c2900000, 0x00000000c2900000|100%| O|  |TAMS 0x00000000c2900000, 0x00000000c2800000| Untracked 
|  17|0x00000000c2900000, 0x00000000c2a00000, 0x00000000c2a00000|100%| O|  |TAMS 0x00000000c2a00000, 0x00000000c2900000| Untracked 
|  18|0x00000000c2a00000, 0x00000000c2b00000, 0x00000000c2b00000|100%| O|  |TAMS 0x00000000c2b00000, 0x00000000c2a00000| Untracked 
|  19|0x00000000c2b00000, 0x00000000c2c00000, 0x00000000c2c00000|100%| O|  |TAMS 0x00000000c2c00000, 0x00000000c2b00000| Untracked 
|  20|0x00000000c2c00000, 0x00000000c2d00000, 0x00000000c2d00000|100%| O|  |TAMS 0x00000000c2d00000, 0x00000000c2c00000| Untracked 
|  21|0x00000000c2d00000, 0x00000000c2e00000, 0x00000000c2e00000|100%| O|  |TAMS 0x00000000c2e00000, 0x00000000c2d00000| Untracked 
|  22|0x00000000c2e00000, 0x00000000c2f00000, 0x00000000c2f00000|100%| O|  |TAMS 0x00000000c2f00000, 0x00000000c2e00000| Untracked 
|  23|0x00000000c2f00000, 0x00000000c3000000, 0x00000000c3000000|100%| O|  |TAMS 0x00000000c3000000, 0x00000000c2f00000| Untracked 
|  24|0x00000000c3000000, 0x00000000c3100000, 0x00000000c3100000|100%| O|  |TAMS 0x00000000c3100000, 0x00000000c3000000| Untracked 
|  25|0x00000000c3100000, 0x00000000c3200000, 0x00000000c3200000|100%| O|  |TAMS 0x00000000c3200000, 0x00000000c3100000| Untracked 
|  26|0x00000000c3200000, 0x00000000c3300000, 0x00000000c3300000|100%| O|  |TAMS 0x00000000c3300000, 0x00000000c3200000| Untracked 
|  27|0x00000000c3300000, 0x00000000c3400000, 0x00000000c3400000|100%| O|  |TAMS 0x00000000c3400000, 0x00000000c3300000| Untracked 
|  28|0x00000000c3400000, 0x00000000c3500000, 0x00000000c3500000|100%| O|  |TAMS 0x00000000c3500000, 0x00000000c3400000| Untracked 
|  29|0x00000000c3500000, 0x00000000c3600000, 0x00000000c3600000|100%| O|  |TAMS 0x00000000c3600000, 0x00000000c3500000| Untracked 
|  30|0x00000000c3600000, 0x00000000c3700000, 0x00000000c3700000|100%| O|  |TAMS 0x00000000c3700000, 0x00000000c3600000| Untracked 
|  31|0x00000000c3700000, 0x00000000c3800000, 0x00000000c3800000|100%| O|  |TAMS 0x00000000c3800000, 0x00000000c3700000| Untracked 
|  32|0x00000000c3800000, 0x00000000c3800000, 0x00000000c3900000|  0%| F|  |TAMS 0x00000000c3800000, 0x00000000c3800000| Untracked 
|  33|0x00000000c3900000, 0x00000000c3a00000, 0x00000000c3a00000|100%| O|  |TAMS 0x00000000c3a00000, 0x00000000c3900000| Untracked 
|  34|0x00000000c3a00000, 0x00000000c3b00000, 0x00000000c3b00000|100%| O|  |TAMS 0x00000000c3b00000, 0x00000000c3a00000| Untracked 
|  35|0x00000000c3b00000, 0x00000000c3c00000, 0x00000000c3c00000|100%| O|  |TAMS 0x00000000c3c00000, 0x00000000c3b00000| Untracked 
|  36|0x00000000c3c00000, 0x00000000c3d00000, 0x00000000c3d00000|100%| O|  |TAMS 0x00000000c3d00000, 0x00000000c3c00000| Untracked 
|  37|0x00000000c3d00000, 0x00000000c3e00000, 0x00000000c3e00000|100%| O|  |TAMS 0x00000000c3e00000, 0x00000000c3d00000| Untracked 
|  38|0x00000000c3e00000, 0x00000000c3f00000, 0x00000000c3f00000|100%| O|  |TAMS 0x00000000c3f00000, 0x00000000c3e00000| Untracked 
|  39|0x00000000c3f00000, 0x00000000c4000000, 0x00000000c4000000|100%| O|  |TAMS 0x00000000c4000000, 0x00000000c3f00000| Untracked 
|  40|0x00000000c4000000, 0x00000000c4100000, 0x00000000c4100000|100%| O|  |TAMS 0x00000000c4100000, 0x00000000c4000000| Untracked 
|  41|0x00000000c4100000, 0x00000000c4200000, 0x00000000c4200000|100%| O|  |TAMS 0x00000000c4200000, 0x00000000c4100000| Untracked 
|  42|0x00000000c4200000, 0x00000000c4300000, 0x00000000c4300000|100%| O|  |TAMS 0x00000000c4300000, 0x00000000c4200000| Untracked 
|  43|0x00000000c4300000, 0x00000000c4400000, 0x00000000c4400000|100%| O|  |TAMS 0x00000000c4400000, 0x00000000c4300000| Untracked 
|  44|0x00000000c4400000, 0x00000000c4500000, 0x00000000c4500000|100%| O|  |TAMS 0x00000000c4500000, 0x00000000c4400000| Untracked 
|  45|0x00000000c4500000, 0x00000000c4600000, 0x00000000c4600000|100%| O|  |TAMS 0x00000000c4600000, 0x00000000c4500000| Untracked 
|  46|0x00000000c4600000, 0x00000000c4700000, 0x00000000c4700000|100%| O|  |TAMS 0x00000000c4700000, 0x00000000c4600000| Untracked 
|  47|0x00000000c4700000, 0x00000000c4800000, 0x00000000c4800000|100%| O|  |TAMS 0x00000000c4800000, 0x00000000c4700000| Untracked 
|  48|0x00000000c4800000, 0x00000000c4900000, 0x00000000c4900000|100%| O|  |TAMS 0x00000000c4900000, 0x00000000c4800000| Untracked 
|  49|0x00000000c4900000, 0x00000000c4a00000, 0x00000000c4a00000|100%| O|  |TAMS 0x00000000c4a00000, 0x00000000c4900000| Untracked 
|  50|0x00000000c4a00000, 0x00000000c4b00000, 0x00000000c4b00000|100%| O|  |TAMS 0x00000000c4b00000, 0x00000000c4a00000| Untracked 
|  51|0x00000000c4b00000, 0x00000000c4c00000, 0x00000000c4c00000|100%| O|  |TAMS 0x00000000c4c00000, 0x00000000c4b00000| Untracked 
|  52|0x00000000c4c00000, 0x00000000c4d00000, 0x00000000c4d00000|100%|HS|  |TAMS 0x00000000c4d00000, 0x00000000c4c00000| Complete 
|  53|0x00000000c4d00000, 0x00000000c4e00000, 0x00000000c4e00000|100%| O|  |TAMS 0x00000000c4e00000, 0x00000000c4d00000| Untracked 
|  54|0x00000000c4e00000, 0x00000000c4f00000, 0x00000000c4f00000|100%| O|  |TAMS 0x00000000c4f00000, 0x00000000c4e00000| Untracked 
|  55|0x00000000c4f00000, 0x00000000c5000000, 0x00000000c5000000|100%| O|  |TAMS 0x00000000c5000000, 0x00000000c4f00000| Untracked 
|  56|0x00000000c5000000, 0x00000000c5100000, 0x00000000c5100000|100%| O|  |TAMS 0x00000000c5100000, 0x00000000c5000000| Untracked 
|  57|0x00000000c5100000, 0x00000000c5200000, 0x00000000c5200000|100%| O|  |TAMS 0x00000000c5200000, 0x00000000c5100000| Untracked 
|  58|0x00000000c5200000, 0x00000000c5300000, 0x00000000c5300000|100%| O|  |TAMS 0x00000000c5300000, 0x00000000c5200000| Untracked 
|  59|0x00000000c5300000, 0x00000000c5400000, 0x00000000c5400000|100%| O|  |TAMS 0x00000000c5400000, 0x00000000c5300000| Untracked 
|  60|0x00000000c5400000, 0x00000000c5400000, 0x00000000c5500000|  0%| F|  |TAMS 0x00000000c5400000, 0x00000000c5400000| Untracked 
|  61|0x00000000c5500000, 0x00000000c5500000, 0x00000000c5600000|  0%| F|  |TAMS 0x00000000c5500000, 0x00000000c5500000| Untracked 
|  62|0x00000000c5600000, 0x00000000c5700000, 0x00000000c5700000|100%| O|  |TAMS 0x00000000c5700000, 0x00000000c5600000| Untracked 
|  63|0x00000000c5700000, 0x00000000c5800000, 0x00000000c5800000|100%| O|  |TAMS 0x00000000c5800000, 0x00000000c5700000| Untracked 
|  64|0x00000000c5800000, 0x00000000c5900000, 0x00000000c5900000|100%| O|  |TAMS 0x00000000c5900000, 0x00000000c5800000| Untracked 
|  65|0x00000000c5900000, 0x00000000c5a00000, 0x00000000c5a00000|100%| O|  |TAMS 0x00000000c5a00000, 0x00000000c5900000| Untracked 
|  66|0x00000000c5a00000, 0x00000000c5b00000, 0x00000000c5b00000|100%| O|  |TAMS 0x00000000c5b00000, 0x00000000c5a00000| Untracked 
|  67|0x00000000c5b00000, 0x00000000c5c00000, 0x00000000c5c00000|100%| O|  |TAMS 0x00000000c5c00000, 0x00000000c5b00000| Untracked 
|  68|0x00000000c5c00000, 0x00000000c5d00000, 0x00000000c5d00000|100%| O|  |TAMS 0x00000000c5d00000, 0x00000000c5c00000| Untracked 
|  69|0x00000000c5d00000, 0x00000000c5e00000, 0x00000000c5e00000|100%| O|  |TAMS 0x00000000c5e00000, 0x00000000c5d00000| Untracked 
|  70|0x00000000c5e00000, 0x00000000c5f00000, 0x00000000c5f00000|100%| O|  |TAMS 0x00000000c5f00000, 0x00000000c5e00000| Untracked 
|  71|0x00000000c5f00000, 0x00000000c6000000, 0x00000000c6000000|100%| O|  |TAMS 0x00000000c6000000, 0x00000000c5f00000| Untracked 
|  72|0x00000000c6000000, 0x00000000c6100000, 0x00000000c6100000|100%| O|  |TAMS 0x00000000c6100000, 0x00000000c6000000| Untracked 
|  73|0x00000000c6100000, 0x00000000c6200000, 0x00000000c6200000|100%| O|  |TAMS 0x00000000c6200000, 0x00000000c6100000| Untracked 
|  74|0x00000000c6200000, 0x00000000c6300000, 0x00000000c6300000|100%| O|  |TAMS 0x00000000c6300000, 0x00000000c6200000| Untracked 
|  75|0x00000000c6300000, 0x00000000c6400000, 0x00000000c6400000|100%| O|  |TAMS 0x00000000c6400000, 0x00000000c6300000| Untracked 
|  76|0x00000000c6400000, 0x00000000c6500000, 0x00000000c6500000|100%| O|  |TAMS 0x00000000c6500000, 0x00000000c6400000| Untracked 
|  77|0x00000000c6500000, 0x00000000c6600000, 0x00000000c6600000|100%| O|  |TAMS 0x00000000c6600000, 0x00000000c6500000| Untracked 
|  78|0x00000000c6600000, 0x00000000c6700000, 0x00000000c6700000|100%| O|  |TAMS 0x00000000c6700000, 0x00000000c6600000| Untracked 
|  79|0x00000000c6700000, 0x00000000c6800000, 0x00000000c6800000|100%| O|  |TAMS 0x00000000c6800000, 0x00000000c6700000| Untracked 
|  80|0x00000000c6800000, 0x00000000c6900000, 0x00000000c6900000|100%| O|  |TAMS 0x00000000c6900000, 0x00000000c6800000| Untracked 
|  81|0x00000000c6900000, 0x00000000c6a00000, 0x00000000c6a00000|100%| O|  |TAMS 0x00000000c6a00000, 0x00000000c6900000| Untracked 
|  82|0x00000000c6a00000, 0x00000000c6b00000, 0x00000000c6b00000|100%| O|  |TAMS 0x00000000c6b00000, 0x00000000c6a00000| Untracked 
|  83|0x00000000c6b00000, 0x00000000c6c00000, 0x00000000c6c00000|100%| O|  |TAMS 0x00000000c6c00000, 0x00000000c6b00000| Untracked 
|  84|0x00000000c6c00000, 0x00000000c6d00000, 0x00000000c6d00000|100%| O|  |TAMS 0x00000000c6d00000, 0x00000000c6c00000| Untracked 
|  85|0x00000000c6d00000, 0x00000000c6e00000, 0x00000000c6e00000|100%| O|  |TAMS 0x00000000c6e00000, 0x00000000c6d00000| Untracked 
|  86|0x00000000c6e00000, 0x00000000c6f00000, 0x00000000c6f00000|100%| O|  |TAMS 0x00000000c6f00000, 0x00000000c6e00000| Untracked 
|  87|0x00000000c6f00000, 0x00000000c7000000, 0x00000000c7000000|100%| O|  |TAMS 0x00000000c7000000, 0x00000000c6f00000| Untracked 
|  88|0x00000000c7000000, 0x00000000c7100000, 0x00000000c7100000|100%| O|  |TAMS 0x00000000c7100000, 0x00000000c7000000| Untracked 
|  89|0x00000000c7100000, 0x00000000c7200000, 0x00000000c7200000|100%| O|  |TAMS 0x00000000c7200000, 0x00000000c7100000| Untracked 
|  90|0x00000000c7200000, 0x00000000c7300000, 0x00000000c7300000|100%| O|  |TAMS 0x00000000c7300000, 0x00000000c7200000| Untracked 
|  91|0x00000000c7300000, 0x00000000c7400000, 0x00000000c7400000|100%| O|  |TAMS 0x00000000c7400000, 0x00000000c7300000| Untracked 
|  92|0x00000000c7400000, 0x00000000c7500000, 0x00000000c7500000|100%| O|  |TAMS 0x00000000c7500000, 0x00000000c7400000| Untracked 
|  93|0x00000000c7500000, 0x00000000c7600000, 0x00000000c7600000|100%| O|  |TAMS 0x00000000c7600000, 0x00000000c7500000| Untracked 
|  94|0x00000000c7600000, 0x00000000c7700000, 0x00000000c7700000|100%| O|  |TAMS 0x00000000c7700000, 0x00000000c7600000| Untracked 
|  95|0x00000000c7700000, 0x00000000c7800000, 0x00000000c7800000|100%| O|  |TAMS 0x00000000c7800000, 0x00000000c7700000| Untracked 
|  96|0x00000000c7800000, 0x00000000c7900000, 0x00000000c7900000|100%| O|  |TAMS 0x00000000c7900000, 0x00000000c7800000| Untracked 
|  97|0x00000000c7900000, 0x00000000c7a00000, 0x00000000c7a00000|100%| O|  |TAMS 0x00000000c7a00000, 0x00000000c7900000| Untracked 
|  98|0x00000000c7a00000, 0x00000000c7b00000, 0x00000000c7b00000|100%| O|  |TAMS 0x00000000c7b00000, 0x00000000c7a00000| Untracked 
|  99|0x00000000c7b00000, 0x00000000c7c00000, 0x00000000c7c00000|100%| O|  |TAMS 0x00000000c7c00000, 0x00000000c7b00000| Untracked 
| 100|0x00000000c7c00000, 0x00000000c7d00000, 0x00000000c7d00000|100%| O|  |TAMS 0x00000000c7d00000, 0x00000000c7c00000| Untracked 
| 101|0x00000000c7d00000, 0x00000000c7e00000, 0x00000000c7e00000|100%| O|  |TAMS 0x00000000c7e00000, 0x00000000c7d00000| Untracked 
| 102|0x00000000c7e00000, 0x00000000c7f00000, 0x00000000c7f00000|100%| O|  |TAMS 0x00000000c7f00000, 0x00000000c7e00000| Untracked 
| 103|0x00000000c7f00000, 0x00000000c8000000, 0x00000000c8000000|100%| O|  |TAMS 0x00000000c7f26c00, 0x00000000c7f00000| Untracked 
| 104|0x00000000c8000000, 0x00000000c8100000, 0x00000000c8100000|100%| O|  |TAMS 0x00000000c8000000, 0x00000000c8000000| Untracked 
| 105|0x00000000c8100000, 0x00000000c8200000, 0x00000000c8200000|100%| O|  |TAMS 0x00000000c8100000, 0x00000000c8100000| Untracked 
| 106|0x00000000c8200000, 0x00000000c8300000, 0x00000000c8300000|100%| O|  |TAMS 0x00000000c8200000, 0x00000000c8200000| Untracked 
| 107|0x00000000c8300000, 0x00000000c8400000, 0x00000000c8400000|100%| O|  |TAMS 0x00000000c8300000, 0x00000000c8300000| Untracked 
| 108|0x00000000c8400000, 0x00000000c8500000, 0x00000000c8500000|100%| O|  |TAMS 0x00000000c8400000, 0x00000000c8400000| Untracked 
| 109|0x00000000c8500000, 0x00000000c8600000, 0x00000000c8600000|100%| O|  |TAMS 0x00000000c8500000, 0x00000000c8500000| Untracked 
| 110|0x00000000c8600000, 0x00000000c8700000, 0x00000000c8700000|100%| O|  |TAMS 0x00000000c8600000, 0x00000000c8600000| Untracked 
| 111|0x00000000c8700000, 0x00000000c8800000, 0x00000000c8800000|100%| O|  |TAMS 0x00000000c8700000, 0x00000000c8700000| Untracked 
| 112|0x00000000c8800000, 0x00000000c8900000, 0x00000000c8900000|100%| O|  |TAMS 0x00000000c8800000, 0x00000000c8800000| Untracked 
| 113|0x00000000c8900000, 0x00000000c8a00000, 0x00000000c8a00000|100%| O|  |TAMS 0x00000000c8900000, 0x00000000c8900000| Untracked 
| 114|0x00000000c8a00000, 0x00000000c8b00000, 0x00000000c8b00000|100%| O|  |TAMS 0x00000000c8a00000, 0x00000000c8a00000| Untracked 
| 115|0x00000000c8b00000, 0x00000000c8c00000, 0x00000000c8c00000|100%| O|  |TAMS 0x00000000c8b00000, 0x00000000c8b00000| Untracked 
| 116|0x00000000c8c00000, 0x00000000c8d00000, 0x00000000c8d00000|100%| O|  |TAMS 0x00000000c8c00000, 0x00000000c8c00000| Untracked 
| 117|0x00000000c8d00000, 0x00000000c8e00000, 0x00000000c8e00000|100%| O|  |TAMS 0x00000000c8d00000, 0x00000000c8d00000| Untracked 
| 118|0x00000000c8e00000, 0x00000000c8f00000, 0x00000000c8f00000|100%| O|  |TAMS 0x00000000c8e00000, 0x00000000c8e00000| Untracked 
| 119|0x00000000c8f00000, 0x00000000c8fa7e00, 0x00000000c9000000| 65%| O|  |TAMS 0x00000000c8f00000, 0x00000000c8f00000| Untracked 
| 120|0x00000000c9000000, 0x00000000c9000000, 0x00000000c9100000|  0%| F|  |TAMS 0x00000000c9000000, 0x00000000c9000000| Untracked 
| 121|0x00000000c9100000, 0x00000000c9100000, 0x00000000c9200000|  0%| F|  |TAMS 0x00000000c9100000, 0x00000000c9100000| Untracked 
| 122|0x00000000c9200000, 0x00000000c9200000, 0x00000000c9300000|  0%| F|  |TAMS 0x00000000c9200000, 0x00000000c9200000| Untracked 
| 123|0x00000000c9300000, 0x00000000c9300000, 0x00000000c9400000|  0%| F|  |TAMS 0x00000000c9300000, 0x00000000c9300000| Untracked 
| 124|0x00000000c9400000, 0x00000000c9400000, 0x00000000c9500000|  0%| F|  |TAMS 0x00000000c9400000, 0x00000000c9400000| Untracked 
| 125|0x00000000c9500000, 0x00000000c9500000, 0x00000000c9600000|  0%| F|  |TAMS 0x00000000c9500000, 0x00000000c9500000| Untracked 
| 126|0x00000000c9600000, 0x00000000c9600000, 0x00000000c9700000|  0%| F|  |TAMS 0x00000000c9600000, 0x00000000c9600000| Untracked 
| 127|0x00000000c9700000, 0x00000000c9700000, 0x00000000c9800000|  0%| F|  |TAMS 0x00000000c9700000, 0x00000000c9700000| Untracked 
| 128|0x00000000c9800000, 0x00000000c9800000, 0x00000000c9900000|  0%| F|  |TAMS 0x00000000c9800000, 0x00000000c9800000| Untracked 
| 129|0x00000000c9900000, 0x00000000c9900000, 0x00000000c9a00000|  0%| F|  |TAMS 0x00000000c9900000, 0x00000000c9900000| Untracked 
| 130|0x00000000c9a00000, 0x00000000c9a00000, 0x00000000c9b00000|  0%| F|  |TAMS 0x00000000c9a00000, 0x00000000c9a00000| Untracked 
| 131|0x00000000c9b00000, 0x00000000c9b00000, 0x00000000c9c00000|  0%| F|  |TAMS 0x00000000c9b00000, 0x00000000c9b00000| Untracked 
| 132|0x00000000c9c00000, 0x00000000c9c00000, 0x00000000c9d00000|  0%| F|  |TAMS 0x00000000c9c00000, 0x00000000c9c00000| Untracked 
| 133|0x00000000c9d00000, 0x00000000c9d00000, 0x00000000c9e00000|  0%| F|  |TAMS 0x00000000c9d00000, 0x00000000c9d00000| Untracked 
| 134|0x00000000c9e00000, 0x00000000c9e00000, 0x00000000c9f00000|  0%| F|  |TAMS 0x00000000c9e00000, 0x00000000c9e00000| Untracked 
| 135|0x00000000c9f00000, 0x00000000c9f00000, 0x00000000ca000000|  0%| F|  |TAMS 0x00000000c9f00000, 0x00000000c9f00000| Untracked 
| 136|0x00000000ca000000, 0x00000000ca000000, 0x00000000ca100000|  0%| F|  |TAMS 0x00000000ca000000, 0x00000000ca000000| Untracked 
| 137|0x00000000ca100000, 0x00000000ca100000, 0x00000000ca200000|  0%| F|  |TAMS 0x00000000ca100000, 0x00000000ca100000| Untracked 
| 138|0x00000000ca200000, 0x00000000ca200000, 0x00000000ca300000|  0%| F|  |TAMS 0x00000000ca200000, 0x00000000ca200000| Untracked 
| 139|0x00000000ca300000, 0x00000000ca300000, 0x00000000ca400000|  0%| F|  |TAMS 0x00000000ca300000, 0x00000000ca300000| Untracked 
| 140|0x00000000ca400000, 0x00000000ca400000, 0x00000000ca500000|  0%| F|  |TAMS 0x00000000ca400000, 0x00000000ca400000| Untracked 
| 141|0x00000000ca500000, 0x00000000ca500000, 0x00000000ca600000|  0%| F|  |TAMS 0x00000000ca500000, 0x00000000ca500000| Untracked 
| 142|0x00000000ca600000, 0x00000000ca600000, 0x00000000ca700000|  0%| F|  |TAMS 0x00000000ca600000, 0x00000000ca600000| Untracked 
| 143|0x00000000ca700000, 0x00000000ca700000, 0x00000000ca800000|  0%| F|  |TAMS 0x00000000ca700000, 0x00000000ca700000| Untracked 
| 144|0x00000000ca800000, 0x00000000ca800000, 0x00000000ca900000|  0%| F|  |TAMS 0x00000000ca800000, 0x00000000ca800000| Untracked 
| 145|0x00000000ca900000, 0x00000000ca900000, 0x00000000caa00000|  0%| F|  |TAMS 0x00000000ca900000, 0x00000000ca900000| Untracked 
| 146|0x00000000caa00000, 0x00000000caa00000, 0x00000000cab00000|  0%| F|  |TAMS 0x00000000caa00000, 0x00000000caa00000| Untracked 
| 147|0x00000000cab00000, 0x00000000cab00000, 0x00000000cac00000|  0%| F|  |TAMS 0x00000000cab00000, 0x00000000cab00000| Untracked 
| 148|0x00000000cac00000, 0x00000000cac00000, 0x00000000cad00000|  0%| F|  |TAMS 0x00000000cac00000, 0x00000000cac00000| Untracked 
| 149|0x00000000cad00000, 0x00000000cad00000, 0x00000000cae00000|  0%| F|  |TAMS 0x00000000cad00000, 0x00000000cad00000| Untracked 
| 150|0x00000000cae00000, 0x00000000cae00000, 0x00000000caf00000|  0%| F|  |TAMS 0x00000000cae00000, 0x00000000cae00000| Untracked 
| 151|0x00000000caf00000, 0x00000000caf00000, 0x00000000cb000000|  0%| F|  |TAMS 0x00000000caf00000, 0x00000000caf00000| Untracked 
| 152|0x00000000cb000000, 0x00000000cb000000, 0x00000000cb100000|  0%| F|  |TAMS 0x00000000cb000000, 0x00000000cb000000| Untracked 
| 153|0x00000000cb100000, 0x00000000cb100000, 0x00000000cb200000|  0%| F|  |TAMS 0x00000000cb100000, 0x00000000cb100000| Untracked 
| 154|0x00000000cb200000, 0x00000000cb200000, 0x00000000cb300000|  0%| F|  |TAMS 0x00000000cb200000, 0x00000000cb200000| Untracked 
| 155|0x00000000cb300000, 0x00000000cb300000, 0x00000000cb400000|  0%| F|  |TAMS 0x00000000cb300000, 0x00000000cb300000| Untracked 
| 156|0x00000000cb400000, 0x00000000cb400000, 0x00000000cb500000|  0%| F|  |TAMS 0x00000000cb400000, 0x00000000cb400000| Untracked 
| 157|0x00000000cb500000, 0x00000000cb500000, 0x00000000cb600000|  0%| F|  |TAMS 0x00000000cb500000, 0x00000000cb500000| Untracked 
| 158|0x00000000cb600000, 0x00000000cb600000, 0x00000000cb700000|  0%| F|  |TAMS 0x00000000cb600000, 0x00000000cb600000| Untracked 
| 159|0x00000000cb700000, 0x00000000cb700000, 0x00000000cb800000|  0%| F|  |TAMS 0x00000000cb700000, 0x00000000cb700000| Untracked 
| 160|0x00000000cb800000, 0x00000000cb800000, 0x00000000cb900000|  0%| F|  |TAMS 0x00000000cb800000, 0x00000000cb800000| Untracked 
| 161|0x00000000cb900000, 0x00000000cb900000, 0x00000000cba00000|  0%| F|  |TAMS 0x00000000cb900000, 0x00000000cb900000| Untracked 
| 162|0x00000000cba00000, 0x00000000cba00000, 0x00000000cbb00000|  0%| F|  |TAMS 0x00000000cba00000, 0x00000000cba00000| Untracked 
| 163|0x00000000cbb00000, 0x00000000cbb00000, 0x00000000cbc00000|  0%| F|  |TAMS 0x00000000cbb00000, 0x00000000cbb00000| Untracked 
| 164|0x00000000cbc00000, 0x00000000cbc00000, 0x00000000cbd00000|  0%| F|  |TAMS 0x00000000cbc00000, 0x00000000cbc00000| Untracked 
| 165|0x00000000cbd00000, 0x00000000cbd00000, 0x00000000cbe00000|  0%| F|  |TAMS 0x00000000cbd00000, 0x00000000cbd00000| Untracked 
| 166|0x00000000cbe00000, 0x00000000cbe00000, 0x00000000cbf00000|  0%| F|  |TAMS 0x00000000cbe00000, 0x00000000cbe00000| Untracked 
| 167|0x00000000cbf00000, 0x00000000cbf00000, 0x00000000cc000000|  0%| F|  |TAMS 0x00000000cbf00000, 0x00000000cbf00000| Untracked 
| 168|0x00000000cc000000, 0x00000000cc000000, 0x00000000cc100000|  0%| F|  |TAMS 0x00000000cc000000, 0x00000000cc000000| Untracked 
| 169|0x00000000cc100000, 0x00000000cc100000, 0x00000000cc200000|  0%| F|  |TAMS 0x00000000cc100000, 0x00000000cc100000| Untracked 
| 170|0x00000000cc200000, 0x00000000cc200000, 0x00000000cc300000|  0%| F|  |TAMS 0x00000000cc200000, 0x00000000cc200000| Untracked 
| 171|0x00000000cc300000, 0x00000000cc300000, 0x00000000cc400000|  0%| F|  |TAMS 0x00000000cc300000, 0x00000000cc300000| Untracked 
| 172|0x00000000cc400000, 0x00000000cc400000, 0x00000000cc500000|  0%| F|  |TAMS 0x00000000cc400000, 0x00000000cc400000| Untracked 
| 173|0x00000000cc500000, 0x00000000cc500000, 0x00000000cc600000|  0%| F|  |TAMS 0x00000000cc500000, 0x00000000cc500000| Untracked 
| 174|0x00000000cc600000, 0x00000000cc600000, 0x00000000cc700000|  0%| F|  |TAMS 0x00000000cc600000, 0x00000000cc600000| Untracked 
| 175|0x00000000cc700000, 0x00000000cc700000, 0x00000000cc800000|  0%| F|  |TAMS 0x00000000cc700000, 0x00000000cc700000| Untracked 
| 176|0x00000000cc800000, 0x00000000cc800000, 0x00000000cc900000|  0%| F|  |TAMS 0x00000000cc800000, 0x00000000cc800000| Untracked 
| 177|0x00000000cc900000, 0x00000000cc900000, 0x00000000cca00000|  0%| F|  |TAMS 0x00000000cc900000, 0x00000000cc900000| Untracked 
| 178|0x00000000cca00000, 0x00000000cca00000, 0x00000000ccb00000|  0%| F|  |TAMS 0x00000000cca00000, 0x00000000cca00000| Untracked 
| 179|0x00000000ccb00000, 0x00000000ccb00000, 0x00000000ccc00000|  0%| F|  |TAMS 0x00000000ccb00000, 0x00000000ccb00000| Untracked 
| 180|0x00000000ccc00000, 0x00000000ccc00000, 0x00000000ccd00000|  0%| F|  |TAMS 0x00000000ccc00000, 0x00000000ccc00000| Untracked 
| 181|0x00000000ccd00000, 0x00000000ccd00000, 0x00000000cce00000|  0%| F|  |TAMS 0x00000000ccd00000, 0x00000000ccd00000| Untracked 
| 182|0x00000000cce00000, 0x00000000cce00000, 0x00000000ccf00000|  0%| F|  |TAMS 0x00000000cce00000, 0x00000000cce00000| Untracked 
| 183|0x00000000ccf00000, 0x00000000ccf00000, 0x00000000cd000000|  0%| F|  |TAMS 0x00000000ccf00000, 0x00000000ccf00000| Untracked 
| 184|0x00000000cd000000, 0x00000000cd000000, 0x00000000cd100000|  0%| F|  |TAMS 0x00000000cd000000, 0x00000000cd000000| Untracked 
| 185|0x00000000cd100000, 0x00000000cd100000, 0x00000000cd200000|  0%| F|  |TAMS 0x00000000cd100000, 0x00000000cd100000| Untracked 
| 186|0x00000000cd200000, 0x00000000cd200000, 0x00000000cd300000|  0%| F|  |TAMS 0x00000000cd200000, 0x00000000cd200000| Untracked 
| 187|0x00000000cd300000, 0x00000000cd300000, 0x00000000cd400000|  0%| F|  |TAMS 0x00000000cd300000, 0x00000000cd300000| Untracked 
| 188|0x00000000cd400000, 0x00000000cd400000, 0x00000000cd500000|  0%| F|  |TAMS 0x00000000cd400000, 0x00000000cd400000| Untracked 
| 189|0x00000000cd500000, 0x00000000cd500000, 0x00000000cd600000|  0%| F|  |TAMS 0x00000000cd500000, 0x00000000cd500000| Untracked 
| 190|0x00000000cd600000, 0x00000000cd600000, 0x00000000cd700000|  0%| F|  |TAMS 0x00000000cd600000, 0x00000000cd600000| Untracked 
| 191|0x00000000cd700000, 0x00000000cd700000, 0x00000000cd800000|  0%| F|  |TAMS 0x00000000cd700000, 0x00000000cd700000| Untracked 
| 192|0x00000000cd800000, 0x00000000cd800000, 0x00000000cd900000|  0%| F|  |TAMS 0x00000000cd800000, 0x00000000cd800000| Untracked 
| 193|0x00000000cd900000, 0x00000000cd900000, 0x00000000cda00000|  0%| F|  |TAMS 0x00000000cd900000, 0x00000000cd900000| Untracked 
| 194|0x00000000cda00000, 0x00000000cda00000, 0x00000000cdb00000|  0%| F|  |TAMS 0x00000000cda00000, 0x00000000cda00000| Untracked 
| 195|0x00000000cdb00000, 0x00000000cdb00000, 0x00000000cdc00000|  0%| F|  |TAMS 0x00000000cdb00000, 0x00000000cdb00000| Untracked 
| 196|0x00000000cdc00000, 0x00000000cdc00000, 0x00000000cdd00000|  0%| F|  |TAMS 0x00000000cdc00000, 0x00000000cdc00000| Untracked 
| 197|0x00000000cdd00000, 0x00000000cdd00000, 0x00000000cde00000|  0%| F|  |TAMS 0x00000000cdd00000, 0x00000000cdd00000| Untracked 
| 198|0x00000000cde00000, 0x00000000cde00000, 0x00000000cdf00000|  0%| F|  |TAMS 0x00000000cde00000, 0x00000000cde00000| Untracked 
| 199|0x00000000cdf00000, 0x00000000cdf00000, 0x00000000ce000000|  0%| F|  |TAMS 0x00000000cdf00000, 0x00000000cdf00000| Untracked 
| 200|0x00000000ce000000, 0x00000000ce000000, 0x00000000ce100000|  0%| F|  |TAMS 0x00000000ce000000, 0x00000000ce000000| Untracked 
| 201|0x00000000ce100000, 0x00000000ce100000, 0x00000000ce200000|  0%| F|  |TAMS 0x00000000ce100000, 0x00000000ce100000| Untracked 
| 202|0x00000000ce200000, 0x00000000ce200000, 0x00000000ce300000|  0%| F|  |TAMS 0x00000000ce200000, 0x00000000ce200000| Untracked 
| 203|0x00000000ce300000, 0x00000000ce300000, 0x00000000ce400000|  0%| F|  |TAMS 0x00000000ce300000, 0x00000000ce300000| Untracked 
| 204|0x00000000ce400000, 0x00000000ce400000, 0x00000000ce500000|  0%| F|  |TAMS 0x00000000ce400000, 0x00000000ce400000| Untracked 
| 205|0x00000000ce500000, 0x00000000ce500000, 0x00000000ce600000|  0%| F|  |TAMS 0x00000000ce500000, 0x00000000ce500000| Untracked 
| 206|0x00000000ce600000, 0x00000000ce600000, 0x00000000ce700000|  0%| F|  |TAMS 0x00000000ce600000, 0x00000000ce600000| Untracked 
| 207|0x00000000ce700000, 0x00000000ce700000, 0x00000000ce800000|  0%| F|  |TAMS 0x00000000ce700000, 0x00000000ce700000| Untracked 
| 208|0x00000000ce800000, 0x00000000ce800000, 0x00000000ce900000|  0%| F|  |TAMS 0x00000000ce800000, 0x00000000ce800000| Untracked 
| 209|0x00000000ce900000, 0x00000000ce900000, 0x00000000cea00000|  0%| F|  |TAMS 0x00000000ce900000, 0x00000000ce900000| Untracked 
| 210|0x00000000cea00000, 0x00000000cea00000, 0x00000000ceb00000|  0%| F|  |TAMS 0x00000000cea00000, 0x00000000cea00000| Untracked 
| 211|0x00000000ceb00000, 0x00000000ceb00000, 0x00000000cec00000|  0%| F|  |TAMS 0x00000000ceb00000, 0x00000000ceb00000| Untracked 
| 212|0x00000000cec00000, 0x00000000cec00000, 0x00000000ced00000|  0%| F|  |TAMS 0x00000000cec00000, 0x00000000cec00000| Untracked 
| 213|0x00000000ced00000, 0x00000000ced00000, 0x00000000cee00000|  0%| F|  |TAMS 0x00000000ced00000, 0x00000000ced00000| Untracked 
| 214|0x00000000cee00000, 0x00000000cee00000, 0x00000000cef00000|  0%| F|  |TAMS 0x00000000cee00000, 0x00000000cee00000| Untracked 
| 215|0x00000000cef00000, 0x00000000cef00000, 0x00000000cf000000|  0%| F|  |TAMS 0x00000000cef00000, 0x00000000cef00000| Untracked 
| 216|0x00000000cf000000, 0x00000000cf000000, 0x00000000cf100000|  0%| F|  |TAMS 0x00000000cf000000, 0x00000000cf000000| Untracked 
| 217|0x00000000cf100000, 0x00000000cf100000, 0x00000000cf200000|  0%| F|  |TAMS 0x00000000cf100000, 0x00000000cf100000| Untracked 
| 218|0x00000000cf200000, 0x00000000cf200000, 0x00000000cf300000|  0%| F|  |TAMS 0x00000000cf200000, 0x00000000cf200000| Untracked 
| 219|0x00000000cf300000, 0x00000000cf300000, 0x00000000cf400000|  0%| F|  |TAMS 0x00000000cf300000, 0x00000000cf300000| Untracked 
| 220|0x00000000cf400000, 0x00000000cf400000, 0x00000000cf500000|  0%| F|  |TAMS 0x00000000cf400000, 0x00000000cf400000| Untracked 
| 221|0x00000000cf500000, 0x00000000cf500000, 0x00000000cf600000|  0%| F|  |TAMS 0x00000000cf500000, 0x00000000cf500000| Untracked 
| 222|0x00000000cf600000, 0x00000000cf600000, 0x00000000cf700000|  0%| F|  |TAMS 0x00000000cf600000, 0x00000000cf600000| Untracked 
| 223|0x00000000cf700000, 0x00000000cf700000, 0x00000000cf800000|  0%| F|  |TAMS 0x00000000cf700000, 0x00000000cf700000| Untracked 
| 224|0x00000000cf800000, 0x00000000cf800000, 0x00000000cf900000|  0%| F|  |TAMS 0x00000000cf800000, 0x00000000cf800000| Untracked 
| 225|0x00000000cf900000, 0x00000000cf900000, 0x00000000cfa00000|  0%| F|  |TAMS 0x00000000cf900000, 0x00000000cf900000| Untracked 
| 226|0x00000000cfa00000, 0x00000000cfa00000, 0x00000000cfb00000|  0%| F|  |TAMS 0x00000000cfa00000, 0x00000000cfa00000| Untracked 
| 227|0x00000000cfb00000, 0x00000000cfb00000, 0x00000000cfc00000|  0%| F|  |TAMS 0x00000000cfb00000, 0x00000000cfb00000| Untracked 
| 228|0x00000000cfc00000, 0x00000000cfc00000, 0x00000000cfd00000|  0%| F|  |TAMS 0x00000000cfc00000, 0x00000000cfc00000| Untracked 
| 229|0x00000000cfd00000, 0x00000000cfd00000, 0x00000000cfe00000|  0%| F|  |TAMS 0x00000000cfd00000, 0x00000000cfd00000| Untracked 
| 230|0x00000000cfe00000, 0x00000000cfe00000, 0x00000000cff00000|  0%| F|  |TAMS 0x00000000cfe00000, 0x00000000cfe00000| Untracked 
| 231|0x00000000cff00000, 0x00000000cff00000, 0x00000000d0000000|  0%| F|  |TAMS 0x00000000cff00000, 0x00000000cff00000| Untracked 
| 232|0x00000000d0000000, 0x00000000d0000000, 0x00000000d0100000|  0%| F|  |TAMS 0x00000000d0000000, 0x00000000d0000000| Untracked 
| 233|0x00000000d0100000, 0x00000000d0100000, 0x00000000d0200000|  0%| F|  |TAMS 0x00000000d0100000, 0x00000000d0100000| Untracked 
| 234|0x00000000d0200000, 0x00000000d0200000, 0x00000000d0300000|  0%| F|  |TAMS 0x00000000d0200000, 0x00000000d0200000| Untracked 
| 235|0x00000000d0300000, 0x00000000d0300000, 0x00000000d0400000|  0%| F|  |TAMS 0x00000000d0300000, 0x00000000d0300000| Untracked 
| 236|0x00000000d0400000, 0x00000000d0400000, 0x00000000d0500000|  0%| F|  |TAMS 0x00000000d0400000, 0x00000000d0400000| Untracked 
| 237|0x00000000d0500000, 0x00000000d0500000, 0x00000000d0600000|  0%| F|  |TAMS 0x00000000d0500000, 0x00000000d0500000| Untracked 
| 238|0x00000000d0600000, 0x00000000d0600000, 0x00000000d0700000|  0%| F|  |TAMS 0x00000000d0600000, 0x00000000d0600000| Untracked 
| 239|0x00000000d0700000, 0x00000000d0700000, 0x00000000d0800000|  0%| F|  |TAMS 0x00000000d0700000, 0x00000000d0700000| Untracked 
| 240|0x00000000d0800000, 0x00000000d085c8c0, 0x00000000d0900000| 36%| S|CS|TAMS 0x00000000d0800000, 0x00000000d0800000| Complete 
| 241|0x00000000d0900000, 0x00000000d0a00000, 0x00000000d0a00000|100%| S|CS|TAMS 0x00000000d0900000, 0x00000000d0900000| Complete 
| 242|0x00000000d0a00000, 0x00000000d0a00000, 0x00000000d0b00000|  0%| F|  |TAMS 0x00000000d0a00000, 0x00000000d0a00000| Untracked 
| 243|0x00000000d0b00000, 0x00000000d0b00000, 0x00000000d0c00000|  0%| F|  |TAMS 0x00000000d0b00000, 0x00000000d0b00000| Untracked 
| 244|0x00000000d0c00000, 0x00000000d0c00000, 0x00000000d0d00000|  0%| F|  |TAMS 0x00000000d0c00000, 0x00000000d0c00000| Untracked 

Card table byte_map: [0x000002691fa20000,0x000002691fc20000] _byte_map_base: 0x000002691f414000

Marking Bits (Prev, Next): (CMBitMap*) 0x0000026917f2f2c0, (CMBitMap*) 0x0000026917f2f300
 Prev Bits: [0x000002691fe20000, 0x0000026920dc0000)
 Next Bits: [0x0000026920dc0000, 0x0000026921d60000)

Polling page: 0x0000026917fc0000

Metaspace:

Usage:
  Non-class:     33.37 MB used.
      Class:      4.83 MB used.
       Both:     38.20 MB used.

Virtual space:
  Non-class space:       40.00 MB reserved,      33.56 MB ( 84%) committed,  5 nodes.
      Class space:        1.00 GB reserved,       5.00 MB ( <1%) committed,  1 nodes.
             Both:        1.04 GB reserved,      38.56 MB (  4%) committed. 

Chunk freelists:
   Non-Class:  2.00 MB
       Class:  3.01 MB
        Both:  5.01 MB

MaxMetaspaceSize: unlimited
CompressedClassSpaceSize: 1.00 GB
Initial GC threshold: 21.00 MB
Current GC threshold: 64.31 MB
CDS: off
MetaspaceReclaimPolicy: balanced
 - commit_granule_bytes: 65536.
 - commit_granule_words: 8192.
 - virtual_space_node_default_size: 1048576.
 - enlarge_chunks_in_place: 1.
 - new_chunks_are_fully_committed: 0.
 - uncommit_free_chunks: 1.
 - use_allocation_guard: 0.
 - handle_deallocations: 1.


Internal statistics:

num_allocs_failed_limit: 3.
num_arena_births: 384.
num_arena_deaths: 0.
num_vsnodes_births: 6.
num_vsnodes_deaths: 0.
num_space_committed: 617.
num_space_uncommitted: 0.
num_chunks_returned_to_freelist: 3.
num_chunks_taken_from_freelist: 1533.
num_chunk_merges: 3.
num_chunk_splits: 1055.
num_chunks_enlarged: 823.
num_purges: 0.
num_inconsistent_stats: 0.

CodeCache: size=49152Kb used=7937Kb max_used=9047Kb free=41215Kb
 bounds [0x000002691c380000, 0x000002691cc80000, 0x000002691f380000]
 total_blobs=4559 nmethods=4025 adapters=460
 compilation: enabled
              stopped_count=0, restarted_count=0
 full_count=0

Compilation events (20 events):
Event: 27.932 Thread 0x000002692434bd80 4016   !   1       jdk.internal.module.SystemModuleFinders$SystemModuleReader::checkPermissionToConnect (38 bytes)
Event: 27.933 Thread 0x000002692434bd80 nmethod 4016 0x000002691c53ff90 code [0x000002691c540160, 0x000002691c540368]
Event: 27.933 Thread 0x000002692434bd80 4017   !   1       jdk.internal.module.ModuleReferenceImpl::open (19 bytes)
Event: 27.933 Thread 0x000002692434bd80 nmethod 4017 0x000002691c53fb10 code [0x000002691c53fcc0, 0x000002691c53fe58]
Event: 27.934 Thread 0x000002692434bd80 4018       1       jdk.internal.module.SystemModuleFinders$SystemModuleReader::<init> (14 bytes)
Event: 27.934 Thread 0x000002692434bd80 nmethod 4018 0x000002691c53f790 code [0x000002691c53f920, 0x000002691c53fa68]
Event: 27.935 Thread 0x000002692434bd80 4019       1       jdk.internal.module.SystemModuleFinders$2::get (5 bytes)
Event: 27.936 Thread 0x000002692434bd80 nmethod 4019 0x000002691c53f390 code [0x000002691c53f520, 0x000002691c53f6a8]
Event: 27.936 Thread 0x000002692434bd80 4020       1       jdk.internal.module.SystemModuleFinders$2::get (16 bytes)
Event: 27.936 Thread 0x000002692434bd80 nmethod 4020 0x000002691c53ef90 code [0x000002691c53f120, 0x000002691c53f2a8]
Event: 28.962 Thread 0x000002692434bd80 4021       1       nonapi.io.github.classgraph.fastzipfilereader.NestedJarHandler$5$1::newInstance (5 bytes)
Event: 28.963 Thread 0x000002692434bd80 nmethod 4021 0x000002691c53eb90 code [0x000002691c53ed20, 0x000002691c53ee68]
Event: 28.963 Thread 0x000002692434bd80 4022       1       nonapi.io.github.classgraph.fastzipfilereader.NestedJarHandler$5$1::newInstance (8 bytes)
Event: 28.963 Thread 0x000002692434bd80 nmethod 4022 0x000002691c53e790 code [0x000002691c53e920, 0x000002691c53ea68]
Event: 28.963 Thread 0x000002692434bd80 4023       1       io.github.classgraph.ModuleRef::open (9 bytes)
Event: 28.963 Thread 0x000002692434bd80 nmethod 4023 0x000002691c53e410 code [0x000002691c53e5a0, 0x000002691c53e6e8]
Event: 28.963 Thread 0x000002692434bd80 4024   !   1       io.github.classgraph.ModuleReaderProxy::<init> (74 bytes)
Event: 28.964 Thread 0x000002692434bd80 nmethod 4024 0x000002691c53d990 code [0x000002691c53dba0, 0x000002691c53e118]
Event: 31.569 Thread 0x000002692434bd80 4025   !   1       jdk.internal.reflect.GeneratedMethodAccessor27::invoke (61 bytes)
Event: 31.570 Thread 0x000002692434bd80 nmethod 4025 0x000002691c53cf90 code [0x000002691c53d1a0, 0x000002691c53d628]

GC Heap History (20 events):
Event: 26.429 GC heap after
{Heap after GC invocations=28 (full 0):
 garbage-first heap   total 190464K, used 96269K [0x00000000c1800000, 0x0000000100000000)
  region size 1024K, 7 young (7168K), 7 survivors (7168K)
 Metaspace       used 39117K, committed 39488K, reserved 1089536K
  class space    used 4945K, committed 5120K, reserved 1048576K
}
Event: 26.522 GC heap before
{Heap before GC invocations=28 (full 0):
 garbage-first heap   total 190464K, used 159757K [0x00000000c1800000, 0x0000000100000000)
  region size 1024K, 70 young (71680K), 7 survivors (7168K)
 Metaspace       used 39117K, committed 39488K, reserved 1089536K
  class space    used 4945K, committed 5120K, reserved 1048576K
}
Event: 26.531 GC heap after
{Heap after GC invocations=29 (full 0):
 garbage-first heap   total 190464K, used 99211K [0x00000000c1800000, 0x0000000100000000)
  region size 1024K, 6 young (6144K), 6 survivors (6144K)
 Metaspace       used 39117K, committed 39488K, reserved 1089536K
  class space    used 4945K, committed 5120K, reserved 1048576K
}
Event: 27.254 GC heap before
{Heap before GC invocations=30 (full 0):
 garbage-first heap   total 227328K, used 155531K [0x00000000c1800000, 0x0000000100000000)
  region size 1024K, 63 young (64512K), 6 survivors (6144K)
 Metaspace       used 39117K, committed 39488K, reserved 1089536K
  class space    used 4945K, committed 5120K, reserved 1048576K
}
Event: 27.265 GC heap after
{Heap after GC invocations=31 (full 0):
 garbage-first heap   total 227328K, used 101069K [0x00000000c1800000, 0x0000000100000000)
  region size 1024K, 6 young (6144K), 6 survivors (6144K)
 Metaspace       used 39117K, committed 39488K, reserved 1089536K
  class space    used 4945K, committed 5120K, reserved 1048576K
}
Event: 27.277 GC heap before
{Heap before GC invocations=31 (full 0):
 garbage-first heap   total 227328K, used 105165K [0x00000000c1800000, 0x0000000100000000)
  region size 1024K, 11 young (11264K), 6 survivors (6144K)
 Metaspace       used 39117K, committed 39488K, reserved 1089536K
  class space    used 4945K, committed 5120K, reserved 1048576K
}
Event: 27.287 GC heap after
{Heap after GC invocations=32 (full 0):
 garbage-first heap   total 227328K, used 100456K [0x00000000c1800000, 0x0000000100000000)
  region size 1024K, 1 young (1024K), 1 survivors (1024K)
 Metaspace       used 39117K, committed 39488K, reserved 1089536K
  class space    used 4945K, committed 5120K, reserved 1048576K
}
Event: 27.903 GC heap before
{Heap before GC invocations=32 (full 0):
 garbage-first heap   total 227328K, used 188520K [0x00000000c1800000, 0x0000000100000000)
  region size 1024K, 88 young (90112K), 1 survivors (1024K)
 Metaspace       used 39117K, committed 39488K, reserved 1089536K
  class space    used 4945K, committed 5120K, reserved 1048576K
}
Event: 27.908 GC heap after
{Heap after GC invocations=33 (full 0):
 garbage-first heap   total 227328K, used 103046K [0x00000000c1800000, 0x0000000100000000)
  region size 1024K, 4 young (4096K), 4 survivors (4096K)
 Metaspace       used 39117K, committed 39488K, reserved 1089536K
  class space    used 4945K, committed 5120K, reserved 1048576K
}
Event: 28.041 GC heap before
{Heap before GC invocations=33 (full 0):
 garbage-first heap   total 227328K, used 189062K [0x00000000c1800000, 0x0000000100000000)
  region size 1024K, 89 young (91136K), 4 survivors (4096K)
 Metaspace       used 39117K, committed 39488K, reserved 1089536K
  class space    used 4945K, committed 5120K, reserved 1048576K
}
Event: 28.049 GC heap after
{Heap after GC invocations=34 (full 0):
 garbage-first heap   total 227328K, used 105905K [0x00000000c1800000, 0x0000000100000000)
  region size 1024K, 7 young (7168K), 7 survivors (7168K)
 Metaspace       used 39117K, committed 39488K, reserved 1089536K
  class space    used 4945K, committed 5120K, reserved 1048576K
}
Event: 28.272 GC heap before
{Heap before GC invocations=34 (full 0):
 garbage-first heap   total 227328K, used 189873K [0x00000000c1800000, 0x0000000100000000)
  region size 1024K, 90 young (92160K), 7 survivors (7168K)
 Metaspace       used 39117K, committed 39488K, reserved 1089536K
  class space    used 4945K, committed 5120K, reserved 1048576K
}
Event: 28.285 GC heap after
{Heap after GC invocations=35 (full 0):
 garbage-first heap   total 227328K, used 109209K [0x00000000c1800000, 0x0000000100000000)
  region size 1024K, 10 young (10240K), 10 survivors (10240K)
 Metaspace       used 39117K, committed 39488K, reserved 1089536K
  class space    used 4945K, committed 5120K, reserved 1048576K
}
Event: 31.602 GC heap before
{Heap before GC invocations=35 (full 0):
 garbage-first heap   total 227328K, used 191129K [0x00000000c1800000, 0x0000000100000000)
  region size 1024K, 91 young (93184K), 10 survivors (10240K)
 Metaspace       used 39117K, committed 39488K, reserved 1089536K
  class space    used 4945K, committed 5120K, reserved 1048576K
}
Event: 31.618 GC heap after
{Heap after GC invocations=36 (full 0):
 garbage-first heap   total 227328K, used 112795K [0x00000000c1800000, 0x0000000100000000)
  region size 1024K, 7 young (7168K), 7 survivors (7168K)
 Metaspace       used 39117K, committed 39488K, reserved 1089536K
  class space    used 4945K, committed 5120K, reserved 1048576K
}
Event: 33.165 GC heap before
{Heap before GC invocations=36 (full 0):
 garbage-first heap   total 227328K, used 192667K [0x00000000c1800000, 0x0000000100000000)
  region size 1024K, 86 young (88064K), 7 survivors (7168K)
 Metaspace       used 39117K, committed 39488K, reserved 1089536K
  class space    used 4945K, committed 5120K, reserved 1048576K
}
Event: 33.176 GC heap after
{Heap after GC invocations=37 (full 0):
 garbage-first heap   total 227328K, used 116634K [0x00000000c1800000, 0x0000000100000000)
  region size 1024K, 7 young (7168K), 7 survivors (7168K)
 Metaspace       used 39117K, committed 39488K, reserved 1089536K
  class space    used 4945K, committed 5120K, reserved 1048576K
}
Event: 33.684 GC heap before
{Heap before GC invocations=38 (full 0):
 garbage-first heap   total 250880K, used 193434K [0x00000000c1800000, 0x0000000100000000)
  region size 1024K, 83 young (84992K), 7 survivors (7168K)
 Metaspace       used 39117K, committed 39488K, reserved 1089536K
  class space    used 4945K, committed 5120K, reserved 1048576K
}
Event: 33.694 GC heap after
{Heap after GC invocations=39 (full 0):
 garbage-first heap   total 250880K, used 121851K [0x00000000c1800000, 0x0000000100000000)
  region size 1024K, 9 young (9216K), 9 survivors (9216K)
 Metaspace       used 39117K, committed 39488K, reserved 1089536K
  class space    used 4945K, committed 5120K, reserved 1048576K
}
Event: 33.698 GC heap before
{Heap before GC invocations=39 (full 0):
 garbage-first heap   total 250880K, used 123899K [0x00000000c1800000, 0x0000000100000000)
  region size 1024K, 12 young (12288K), 9 survivors (9216K)
 Metaspace       used 39117K, committed 39488K, reserved 1089536K
  class space    used 4945K, committed 5120K, reserved 1048576K
}

Deoptimization events (14 events):
Event: 0.789 Thread 0x0000026917ef5150 DEOPT PACKING pc=0x000002691c627f5d sp=0x000000d4b4cfb100
Event: 0.789 Thread 0x0000026917ef5150 DEOPT UNPACKING pc=0x000002691c3d2b43 sp=0x000000d4b4cfa668 mode 3
Event: 2.805 Thread 0x0000026917ef5150 DEOPT PACKING pc=0x000002691c85b199 sp=0x000000d4b4cfd180
Event: 2.805 Thread 0x0000026917ef5150 DEOPT UNPACKING pc=0x000002691c3d2b43 sp=0x000000d4b4cfc660 mode 3
Event: 5.325 Thread 0x0000026917ef5150 DEOPT PACKING pc=0x000002691c9ca819 sp=0x000000d4b4cfc560
Event: 5.325 Thread 0x0000026917ef5150 DEOPT UNPACKING pc=0x000002691c3d2b43 sp=0x000000d4b4cfba40 mode 3
Event: 6.062 Thread 0x0000026926a7d020 DEOPT PACKING pc=0x000002691ca7f6b5 sp=0x000000d4b67fd2e0
Event: 6.062 Thread 0x0000026926a7d020 DEOPT UNPACKING pc=0x000002691c3d2b43 sp=0x000000d4b67fc808 mode 3
Event: 6.300 Thread 0x0000026926a7d4f0 DEOPT PACKING pc=0x000002691ca9df2b sp=0x000000d4b68fe200
Event: 6.300 Thread 0x0000026926a7d4f0 DEOPT UNPACKING pc=0x000002691c3d2b43 sp=0x000000d4b68fd748 mode 3
Event: 6.768 Thread 0x0000026926e03cf0 DEOPT PACKING pc=0x000002691c857981 sp=0x000000d4b71ff010
Event: 6.768 Thread 0x0000026926e03cf0 DEOPT UNPACKING pc=0x000002691c3d2b43 sp=0x000000d4b71fe4a0 mode 3
Event: 6.892 Thread 0x0000026926e03cf0 DEOPT PACKING pc=0x000002691c854797 sp=0x000000d4b71fef30
Event: 6.892 Thread 0x0000026926e03cf0 DEOPT UNPACKING pc=0x000002691c3d2b43 sp=0x000000d4b71fe388 mode 3

Classes unloaded (0 events):
No events

Classes redefined (0 events):
No events

Internal exceptions (20 events):
Event: 6.376 Thread 0x0000026924e3f420 Exception <a 'sun/nio/fs/WindowsException'{0x00000000c4297470}> (0x00000000c4297470) 
thrown [s\src\hotspot\share\prims\jni.cpp, line 516]
Event: 6.377 Thread 0x0000026924e3f420 Exception <a 'sun/nio/fs/WindowsException'{0x00000000c4297890}> (0x00000000c4297890) 
thrown [s\src\hotspot\share\prims\jni.cpp, line 516]
Event: 6.377 Thread 0x0000026924e3f420 Exception <a 'sun/nio/fs/WindowsException'{0x00000000c42982d8}> (0x00000000c42982d8) 
thrown [s\src\hotspot\share\prims\jni.cpp, line 516]
Event: 6.377 Thread 0x0000026924e3f420 Exception <a 'sun/nio/fs/WindowsException'{0x00000000c42986c8}> (0x00000000c42986c8) 
thrown [s\src\hotspot\share\prims\jni.cpp, line 516]
Event: 6.377 Thread 0x0000026924e3f420 Exception <a 'sun/nio/fs/WindowsException'{0x00000000c4299120}> (0x00000000c4299120) 
thrown [s\src\hotspot\share\prims\jni.cpp, line 516]
Event: 6.378 Thread 0x0000026924e3f420 Exception <a 'sun/nio/fs/WindowsException'{0x00000000c4299530}> (0x00000000c4299530) 
thrown [s\src\hotspot\share\prims\jni.cpp, line 516]
Event: 6.378 Thread 0x0000026924e3f420 Exception <a 'sun/nio/fs/WindowsException'{0x00000000c4299f78}> (0x00000000c4299f78) 
thrown [s\src\hotspot\share\prims\jni.cpp, line 516]
Event: 6.378 Thread 0x0000026924e3f420 Exception <a 'sun/nio/fs/WindowsException'{0x00000000c429a368}> (0x00000000c429a368) 
thrown [s\src\hotspot\share\prims\jni.cpp, line 516]
Event: 6.379 Thread 0x0000026924e3f420 Exception <a 'sun/nio/fs/WindowsException'{0x00000000c429adc0}> (0x00000000c429adc0) 
thrown [s\src\hotspot\share\prims\jni.cpp, line 516]
Event: 6.379 Thread 0x0000026924e3f420 Exception <a 'sun/nio/fs/WindowsException'{0x00000000c429b1d0}> (0x00000000c429b1d0) 
thrown [s\src\hotspot\share\prims\jni.cpp, line 516]
Event: 6.380 Thread 0x0000026924e3f420 Exception <a 'sun/nio/fs/WindowsException'{0x00000000c429bc40}> (0x00000000c429bc40) 
thrown [s\src\hotspot\share\prims\jni.cpp, line 516]
Event: 6.380 Thread 0x0000026924e3f420 Exception <a 'sun/nio/fs/WindowsException'{0x00000000c429c060}> (0x00000000c429c060) 
thrown [s\src\hotspot\share\prims\jni.cpp, line 516]
Event: 6.380 Thread 0x0000026924e3f420 Exception <a 'sun/nio/fs/WindowsException'{0x00000000c429cae8}> (0x00000000c429cae8) 
thrown [s\src\hotspot\share\prims\jni.cpp, line 516]
Event: 6.381 Thread 0x0000026924e3f420 Exception <a 'sun/nio/fs/WindowsException'{0x00000000c429cf28}> (0x00000000c429cf28) 
thrown [s\src\hotspot\share\prims\jni.cpp, line 516]
Event: 6.381 Thread 0x0000026924e3f420 Exception <a 'sun/nio/fs/WindowsException'{0x00000000c429d9a8}> (0x00000000c429d9a8) 
thrown [s\src\hotspot\share\prims\jni.cpp, line 516]
Event: 6.381 Thread 0x0000026924e3f420 Exception <a 'sun/nio/fs/WindowsException'{0x00000000c429dde8}> (0x00000000c429dde8) 
thrown [s\src\hotspot\share\prims\jni.cpp, line 516]
Event: 16.003 Thread 0x0000026926a7d020 Exception <a 'java/lang/NoSuchMethodError'{0x00000000ccd95a48}: 'java.lang.Object java.lang.invoke.Invokers$Holder.invoke_MT(java.lang.Object, java.lang.Object, java.lang.Object)'> (0x00000000ccd95a48) 
thrown [s\src\hotspot\share\interpreter\linkResolver.cpp, line 759]
Event: 24.021 Thread 0x0000026926a7d020 Exception <a 'java/lang/NoSuchMethodError'{0x00000000ca41ce18}: 'java.lang.Object java.lang.invoke.DirectMethodHandle$Holder.newInvokeSpecial(java.lang.Object, java.lang.Object, int)'> (0x00000000ca41ce18) 
thrown [s\src\hotspot\share\interpreter\linkResolver.cpp, line 759]
Event: 24.040 Thread 0x0000026926dfd310 Exception <a 'java/lang/NoSuchMethodError'{0x00000000ca4632e8}: 'java.lang.Object java.lang.invoke.Invokers$Holder.linkToTargetMethod(java.lang.Object, long, java.lang.Object)'> (0x00000000ca4632e8) 
thrown [s\src\hotspot\share\interpreter\linkResolver.cpp, line 759]
Event: 24.133 Thread 0x0000026926dfd310 Exception <a 'sun/nio/fs/WindowsException'{0x00000000ca2a4518}> (0x00000000ca2a4518) 
thrown [s\src\hotspot\share\prims\jni.cpp, line 516]

VM Operations (20 events):
Event: 28.272 Executing VM operation: G1CollectForAllocation done
Event: 28.272 Executing VM operation: G1CollectForAllocation
Event: 28.285 Executing VM operation: G1CollectForAllocation done
Event: 29.294 Executing VM operation: Cleanup
Event: 29.313 Executing VM operation: Cleanup done
Event: 31.602 Executing VM operation: G1CollectForAllocation
Event: 31.620 Executing VM operation: G1CollectForAllocation done
Event: 33.106 Executing VM operation: G1CollectForAllocation
Event: 33.178 Executing VM operation: G1CollectForAllocation done
Event: 33.408 Executing VM operation: G1Concurrent
Event: 33.453 Executing VM operation: G1Concurrent done
Event: 33.561 Executing VM operation: G1Concurrent
Event: 33.574 Executing VM operation: G1Concurrent done
Event: 33.683 Executing VM operation: G1CollectForAllocation
Event: 33.683 Executing VM operation: G1CollectForAllocation done
Event: 33.684 Executing VM operation: G1CollectForAllocation
Event: 33.694 Executing VM operation: G1CollectForAllocation done
Event: 33.697 Executing VM operation: G1CollectForAllocation
Event: 33.697 Executing VM operation: G1CollectForAllocation done
Event: 33.698 Executing VM operation: G1CollectForAllocation

Events (20 events):
Event: 23.175 Thread 0x000002692898b5f0 Thread added: 0x000002692898b5f0
Event: 23.196 loading class java/nio/channels/Channels$ReadableByteChannelImpl
Event: 23.197 loading class java/nio/channels/Channels$ReadableByteChannelImpl done
Event: 23.197 loading class java/nio/channels/NonWritableChannelException
Event: 23.198 loading class java/nio/channels/NonWritableChannelException done
Event: 24.009 loading class java/util/WeakHashMap$EntrySet
Event: 24.010 loading class java/util/WeakHashMap$EntrySet done
Event: 24.010 loading class java/util/WeakHashMap$EntryIterator
Event: 24.010 loading class java/util/WeakHashMap$HashIterator
Event: 24.010 loading class java/util/WeakHashMap$HashIterator done
Event: 24.011 loading class java/util/WeakHashMap$EntryIterator done
Event: 24.026 Thread 0x0000026926dfd310 Thread added: 0x0000026926dfd310
Event: 24.044 loading class java/security/NoSuchAlgorithmException
Event: 24.044 loading class java/security/NoSuchAlgorithmException done
Event: 24.045 loading class sun/security/provider/MD5
Event: 24.046 loading class sun/security/provider/MD5 done
Event: 24.046 loading class sun/security/provider/ByteArrayAccess$LE
Event: 24.046 loading class sun/security/provider/ByteArrayAccess$LE done
Event: 26.301 Thread 0x000002692898b5f0 Thread exited: 0x000002692898b5f0
Event: 26.302 Thread 0x0000026924d53910 Thread exited: 0x0000026924d53910


Dynamic libraries:
0x00007ff7b7420000 - 0x00007ff7b742e000 	c:\Users\Luz Stella Alvarez\.vscode\extensions\redhat.java-1.12.0-win32-x64\jre\17.0.4.1-win32-x86_64\bin\java.exe
0x00007ffd0cb70000 - 0x00007ffd0cd68000 	C:\WINDOWS\SYSTEM32\ntdll.dll
0x00007ffcd55b0000 - 0x00007ffcd55c7000 	C:\Program Files\AVAST Software\Avast\aswhook.dll
0x00007ffd0b280000 - 0x00007ffd0b33d000 	C:\WINDOWS\System32\KERNEL32.DLL
0x00007ffd0a320000 - 0x00007ffd0a5f2000 	C:\WINDOWS\System32\KERNELBASE.dll
0x00007ffd0aa50000 - 0x00007ffd0ab50000 	C:\WINDOWS\System32\ucrtbase.dll
0x00007ffcfbd60000 - 0x00007ffcfbd78000 	c:\Users\Luz Stella Alvarez\.vscode\extensions\redhat.java-1.12.0-win32-x64\jre\17.0.4.1-win32-x86_64\bin\jli.dll
0x00007ffcf36c0000 - 0x00007ffcf36d9000 	c:\Users\Luz Stella Alvarez\.vscode\extensions\redhat.java-1.12.0-win32-x64\jre\17.0.4.1-win32-x86_64\bin\VCRUNTIME140.dll
0x00007ffd0bd70000 - 0x00007ffd0bf0d000 	C:\WINDOWS\System32\USER32.dll
0x00007ffcfb4d0000 - 0x00007ffcfb76a000 	C:\WINDOWS\WinSxS\amd64_microsoft.windows.common-controls_6595b64144ccf1df_6.0.19041.1110_none_60b5254171f9507e\COMCTL32.dll
0x00007ffd0a280000 - 0x00007ffd0a2a2000 	C:\WINDOWS\System32\win32u.dll
0x00007ffd0c160000 - 0x00007ffd0c1fe000 	C:\WINDOWS\System32\msvcrt.dll
0x00007ffd0bf10000 - 0x00007ffd0bf3b000 	C:\WINDOWS\System32\GDI32.dll
0x00007ffd0a600000 - 0x00007ffd0a70f000 	C:\WINDOWS\System32\gdi32full.dll
0x00007ffd0a850000 - 0x00007ffd0a8ed000 	C:\WINDOWS\System32\msvcp_win.dll
0x00007ffd0bf40000 - 0x00007ffd0bf70000 	C:\WINDOWS\System32\IMM32.DLL
0x00007ffd06230000 - 0x00007ffd0623c000 	c:\Users\Luz Stella Alvarez\.vscode\extensions\redhat.java-1.12.0-win32-x64\jre\17.0.4.1-win32-x86_64\bin\vcruntime140_1.dll
0x00007ffce3ba0000 - 0x00007ffce3c31000 	c:\Users\Luz Stella Alvarez\.vscode\extensions\redhat.java-1.12.0-win32-x64\jre\17.0.4.1-win32-x86_64\bin\msvcp140.dll
0x00007ffcb4b60000 - 0x00007ffcb57a6000 	c:\Users\Luz Stella Alvarez\.vscode\extensions\redhat.java-1.12.0-win32-x64\jre\17.0.4.1-win32-x86_64\bin\server\jvm.dll
0x00007ffd0abd0000 - 0x00007ffd0ac7e000 	C:\WINDOWS\System32\ADVAPI32.dll
0x00007ffd0b4c0000 - 0x00007ffd0b55c000 	C:\WINDOWS\System32\sechost.dll
0x00007ffd0b6b0000 - 0x00007ffd0b7d5000 	C:\WINDOWS\System32\RPCRT4.dll
0x00007ffd0c0a0000 - 0x00007ffd0c0a8000 	C:\WINDOWS\System32\PSAPI.DLL
0x00007ffcfa360000 - 0x00007ffcfa369000 	C:\WINDOWS\SYSTEM32\WSOCK32.dll
0x00007ffd0b640000 - 0x00007ffd0b6ab000 	C:\WINDOWS\System32\WS2_32.dll
0x00007ffcfbeb0000 - 0x00007ffcfbed7000 	C:\WINDOWS\SYSTEM32\WINMM.dll
0x00007ffd00870000 - 0x00007ffd0087a000 	C:\WINDOWS\SYSTEM32\VERSION.dll
0x00007ffd08030000 - 0x00007ffd08042000 	C:\WINDOWS\SYSTEM32\kernel.appcore.dll
0x00007ffcf4d50000 - 0x00007ffcf4d5a000 	c:\Users\Luz Stella Alvarez\.vscode\extensions\redhat.java-1.12.0-win32-x64\jre\17.0.4.1-win32-x86_64\bin\jimage.dll
0x00007ffcffec0000 - 0x00007ffd000a4000 	C:\WINDOWS\SYSTEM32\DBGHELP.DLL
0x00007ffcfe310000 - 0x00007ffcfe33c000 	C:\WINDOWS\SYSTEM32\dbgcore.DLL
0x00007ffd0a7c0000 - 0x00007ffd0a842000 	C:\WINDOWS\System32\bcryptPrimitives.dll
0x00007ffcef900000 - 0x00007ffcef925000 	c:\Users\Luz Stella Alvarez\.vscode\extensions\redhat.java-1.12.0-win32-x64\jre\17.0.4.1-win32-x86_64\bin\java.dll
0x00007ffd061d0000 - 0x00007ffd061e8000 	c:\Users\Luz Stella Alvarez\.vscode\extensions\redhat.java-1.12.0-win32-x64\jre\17.0.4.1-win32-x86_64\bin\zip.dll
0x00007ffd0c3e0000 - 0x00007ffd0cb23000 	C:\WINDOWS\System32\SHELL32.dll
0x00007ffd08340000 - 0x00007ffd08ad1000 	C:\WINDOWS\SYSTEM32\windows.storage.dll
0x00007ffd0b7f0000 - 0x00007ffd0bb44000 	C:\WINDOWS\System32\combase.dll
0x00007ffd09c00000 - 0x00007ffd09c30000 	C:\WINDOWS\SYSTEM32\Wldp.dll
0x00007ffd0c0b0000 - 0x00007ffd0c15d000 	C:\WINDOWS\System32\SHCORE.dll
0x00007ffd0b340000 - 0x00007ffd0b395000 	C:\WINDOWS\System32\shlwapi.dll
0x00007ffd0a1c0000 - 0x00007ffd0a1df000 	C:\WINDOWS\SYSTEM32\profapi.dll
0x00007ffd061b0000 - 0x00007ffd061c9000 	C:\Users\Luz Stella Alvarez\.vscode\extensions\redhat.java-1.12.0-win32-x64\jre\17.0.4.1-win32-x86_64\bin\net.dll
0x00007ffd01ef0000 - 0x00007ffd01ffd000 	C:\WINDOWS\SYSTEM32\WINHTTP.dll
0x00007ffd09960000 - 0x00007ffd099ca000 	C:\WINDOWS\system32\mswsock.dll
0x00007ffd05cf0000 - 0x00007ffd05d05000 	C:\Users\Luz Stella Alvarez\.vscode\extensions\redhat.java-1.12.0-win32-x64\jre\17.0.4.1-win32-x86_64\bin\nio.dll
0x00007ffd06220000 - 0x00007ffd06230000 	c:\Users\Luz Stella Alvarez\.vscode\extensions\redhat.java-1.12.0-win32-x64\jre\17.0.4.1-win32-x86_64\bin\verify.dll
0x00007ffcf8080000 - 0x00007ffcf8089000 	C:\Users\Luz Stella Alvarez\.vscode\extensions\redhat.java-1.12.0-win32-x64\jre\17.0.4.1-win32-x86_64\bin\management.dll
0x00007ffcf4320000 - 0x00007ffcf432b000 	C:\Users\Luz Stella Alvarez\.vscode\extensions\redhat.java-1.12.0-win32-x64\jre\17.0.4.1-win32-x86_64\bin\management_ext.dll
0x00007ffcf1f00000 - 0x00007ffcf1f17000 	C:\WINDOWS\system32\napinsp.dll
0x00007ffcf1f20000 - 0x00007ffcf1f3b000 	C:\WINDOWS\system32\pnrpnsp.dll
0x00007ffcf2ea0000 - 0x00007ffcf2eb5000 	C:\WINDOWS\system32\wshbth.dll
0x00007ffd05980000 - 0x00007ffd0599d000 	C:\WINDOWS\system32\NLAapi.dll
0x00007ffd09650000 - 0x00007ffd0968b000 	C:\WINDOWS\SYSTEM32\IPHLPAPI.DLL
0x00007ffd09690000 - 0x00007ffd0975a000 	C:\WINDOWS\SYSTEM32\DNSAPI.dll
0x00007ffd0b7e0000 - 0x00007ffd0b7e8000 	C:\WINDOWS\System32\NSI.dll
0x00007ffcf2f00000 - 0x00007ffcf2f12000 	C:\WINDOWS\System32\winrnr.dll
0x00007ffd00330000 - 0x00007ffd0033a000 	C:\Windows\System32\rasadhlp.dll
0x00007ffd02100000 - 0x00007ffd02180000 	C:\WINDOWS\System32\fwpuclnt.dll
0x00007ffd0aba0000 - 0x00007ffd0abc7000 	C:\WINDOWS\System32\bcrypt.dll
0x00007ffd09b50000 - 0x00007ffd09b68000 	C:\WINDOWS\SYSTEM32\CRYPTSP.dll
0x00007ffd09280000 - 0x00007ffd092b4000 	C:\WINDOWS\system32\rsaenh.dll
0x00007ffd0a0f0000 - 0x00007ffd0a11e000 	C:\WINDOWS\SYSTEM32\USERENV.dll
0x00007ffd09b70000 - 0x00007ffd09b7c000 	C:\WINDOWS\SYSTEM32\CRYPTBASE.dll
0x00007ffd03b90000 - 0x00007ffd03ba7000 	C:\WINDOWS\SYSTEM32\dhcpcsvc6.DLL
0x00007ffd03c20000 - 0x00007ffd03c3d000 	C:\WINDOWS\SYSTEM32\dhcpcsvc.DLL

dbghelp: loaded successfully - version: 4.0.5 - missing functions: none
symbol engine: initialized successfully - sym options: 0x614 - pdb path: .;c:\Users\Luz Stella Alvarez\.vscode\extensions\redhat.java-1.12.0-win32-x64\jre\17.0.4.1-win32-x86_64\bin;C:\WINDOWS\SYSTEM32;C:\Program Files\AVAST Software\Avast;C:\WINDOWS\WinSxS\amd64_microsoft.windows.common-controls_6595b64144ccf1df_6.0.19041.1110_none_60b5254171f9507e;c:\Users\Luz Stella Alvarez\.vscode\extensions\redhat.java-1.12.0-win32-x64\jre\17.0.4.1-win32-x86_64\bin\server

VM Arguments:
jvm_args: -Dsts.lsp.client=vscode -Dsts.log.file=/dev/null -XX:TieredStopAtLevel=1 -Xlog:jni+resolve=off -Dspring.config.location=file:c:\Users\Luz Stella Alvarez\.vscode\extensions\pivotal.vscode-spring-boot-1.40.0\language-server\BOOT-INF\classes\application.properties 
java_command: org.springframework.ide.vscode.boot.app.BootLanguageServerBootApp
java_class_path (initial): c:\Users\Luz Stella Alvarez\.vscode\extensions\pivotal.vscode-spring-boot-1.40.0\language-server\BOOT-INF\classes;c:\Users\Luz Stella Alvarez\.vscode\extensions\pivotal.vscode-spring-boot-1.40.0\language-server\BOOT-INF\lib\annotations-23.0.0.jar;c:\Users\Luz Stella Alvarez\.vscode\extensions\pivotal.vscode-spring-boot-1.40.0\language-server\BOOT-INF\lib\ant-1.10.12.jar;c:\Users\Luz Stella Alvarez\.vscode\extensions\pivotal.vscode-spring-boot-1.40.0\language-server\BOOT-INF\lib\ant-launcher-1.10.12.jar;c:\Users\Luz Stella Alvarez\.vscode\extensions\pivotal.vscode-spring-boot-1.40.0\language-server\BOOT-INF\lib\antlr-runtime-3.5.2.jar;c:\Users\Luz Stella Alvarez\.vscode\extensions\pivotal.vscode-spring-boot-1.40.0\language-server\BOOT-INF\lib\antlr4-4.9.3.jar;c:\Users\Luz Stella Alvarez\.vscode\extensions\pivotal.vscode-spring-boot-1.40.0\language-server\BOOT-INF\lib\antlr4-runtime-4.9.3.jar;c:\Users\Luz Stella Alvarez\.vscode\extensions\pivotal.vscode-spring-boot-1.40.0\language-server\BOOT-INF\lib\asm-9.3.jar;c:\Users\Luz Stella Alvarez\.vscode\extensions\pivotal.vscode-spring-boot-1.40.0\language-server\BOOT-INF\lib\asm-analysis-9.3.jar;c:\Users\Luz Stella Alvarez\.vscode\extensions\pivotal.vscode-spring-boot-1.40.0\language-server\BOOT-INF\lib\asm-tree-9.3.jar;c:\Users\Luz Stella Alvarez\.vscode\extensions\pivotal.vscode-spring-boot-1.40.0\language-server\BOOT-INF\lib\asm-util-9.3.jar;c:\Users\Luz Stella Alvarez\.vscode\extensions\pivotal.vscode-spring-boot-1.40.0\language-server\BOOT-INF\lib\byte-buddy-1.12.13.jar;c:\Users\Luz Stella Alvarez\.vscode\extensions\pivotal.vscode-spring-boot-1.40.0\language-server\BOOT-INF\lib\caffeine-2.9.3.jar;c:\Users\Luz Stella Alvarez\.vscode\extensions\pivotal.vscode-spring-boot-1.40.0\language-server\BOOT-INF\lib\checker-qual-3.12.0.jar;c:\Users\Luz Stella Alvarez\.vscode\extensions\pivotal.vscode-spring-boot-1.40.0\language-server\BOOT-INF\lib\classgraph-4.8.149.jar;c:\Users\Luz Stella Alvarez\.vs
Launcher Type: SUN_STANDARD

[Global flags]
     intx CICompilerCount                          = 3                                         {product} {ergonomic}
     uint ConcGCThreads                            = 1                                         {product} {ergonomic}
     uint G1ConcRefinementThreads                  = 4                                         {product} {ergonomic}
   size_t G1HeapRegionSize                         = 1048576                                   {product} {ergonomic}
    uintx GCDrainStackTargetSize                   = 64                                        {product} {ergonomic}
   size_t InitialHeapSize                          = 67108864                                  {product} {ergonomic}
   size_t MarkStackSize                            = 4194304                                   {product} {ergonomic}
   size_t MaxHeapSize                              = 1048576000                                {product} {ergonomic}
   size_t MaxNewSize                               = 629145600                                 {product} {ergonomic}
   size_t MinHeapDeltaBytes                        = 1048576                                   {product} {ergonomic}
   size_t MinHeapSize                              = 8388608                                   {product} {ergonomic}
    uintx NonProfiledCodeHeapSize                  = 0                                      {pd product} {ergonomic}
     bool ProfileInterpreter                       = false                                  {pd product} {command line}
    uintx ProfiledCodeHeapSize                     = 0                                      {pd product} {ergonomic}
   size_t SoftMaxHeapSize                          = 1048576000                             {manageable} {ergonomic}
     intx TieredStopAtLevel                        = 1                                         {product} {command line}
     bool UseCompressedClassPointers               = true                           {product lp64_product} {ergonomic}
     bool UseCompressedOops                        = true                           {product lp64_product} {ergonomic}
     bool UseG1GC                                  = true                                      {product} {ergonomic}
     bool UseLargePagesIndividualAllocation        = false                                  {pd product} {ergonomic}

Logging:
Log output configuration:
 #0: stdout all=warning,jni+resolve=off uptime,level,tags
 #1: stderr all=off uptime,level,tags

Environment Variables:
PATH=C:\Users\Luz Stella Alvarez\bin;C:\Program Files\Git\mingw64\bin;C:\Program Files\Git\usr\local\bin;C:\Program Files\Git\usr\bin;C:\Program Files\Git\usr\bin;C:\Program Files\Git\mingw64\bin;C:\Program Files\Git\usr\bin;C:\Users\Luz Stella Alvarez\bin;C:\Program Files\Common Files\Oracle\Java\javapath;C:\Program Files (x86)\Common Files\Oracle\Java\javapath;C:\WINDOWS\system32;C:\WINDOWS;C:\WINDOWS\System32\Wbem;C:\WINDOWS\System32\WindowsPowerShell\v1.0;C:\WINDOWS\System32\OpenSSH;C:\Program Files (x86)\Windows Live\Shared;C:\Program Files\Git\cmd;C:\maven\bin;C:\Program Files\nodejs;C:\Program Files\MySQL\MySQL Shell 8.0\bin;C:\Users\Luz Stella Alvarez\AppData\Local\Programs\Python\Python310\Scripts;C:\Users\Luz Stella Alvarez\AppData\Local\Programs\Python\Python310;C:\Users\Luz Stella Alvarez\AppData\Local\Microsoft\WindowsApps;C:\Users\Luz Stella Alvarez\AppData\Local\Programs\Microsoft VS Code\bin;C:\Users\Luz Stella Alvarez\AppData\Roaming\npm;C:\Program Files\Git\usr\bin\vendor_perl;C:\Program Files\Git\usr\bin\core_perl
USERNAME=Luz Stella Alvarez
SHELL=C:\Program Files\Git\usr\bin\bash.exe
DISPLAY=needs-to-be-defined
LC_CTYPE=es_ES.UTF-8
TERM=xterm
TMPDIR=C:\Users\LUZSTE~1\AppData\Local\Temp
OS=Windows_NT
PROCESSOR_IDENTIFIER=Intel64 Family 6 Model 58 Stepping 9, GenuineIntel
TMP=C:\Users\LUZSTE~1\AppData\Local\Temp
TEMP=C:\Users\LUZSTE~1\AppData\Local\Temp



---------------  S Y S T E M  ---------------

OS:
 Windows 10 , 64 bit Build 19041 (10.0.19041.1889)
OS uptime: 0 days 3:44 hours

CPU: total 4 (initial active 4) (2 cores per cpu, 2 threads per core) family 6 model 58 stepping 9 microcode 0x21, cx8, cmov, fxsr, ht, mmx, sse, sse2, sse3, ssse3, sse4.1, sse4.2, popcnt, tsc, tscinvbit, avx, erms, clmul, vzeroupper, clflush

Memory: 4k page, system-wide physical 3992M (363M free)
TotalPageFile size 8092M (AvailPageFile size 25M)
current process WorkingSet (physical memory assigned to process): 379M, peak: 379M
current process commit charge ("private bytes"): 382M, peak: 545M

vm_info: OpenJDK 64-Bit Server VM (17.0.4.1+1) for windows-amd64 JRE (17.0.4.1+1), built on Aug 17 2022 07:42:43 by "temurin" with MS VC++ 16.7 (VS2019)

END.
